<?xml version="1.0" encoding="UTF-8"?>
<!-- Generated by org.testng.reporters.JUnitXMLReporter -->
<testsuite ignored="0" hostname="MCL-0048s-MacBook-Pro.local" failures="2" tests="107" name="Test" time="8478.086" errors="0" timestamp="2024-01-04T18:44:46 IST">
  <testcase classname="com.dentscribe.testCases_iOS.TestCreateUserBuyPaidPlanAndCancelPaidPlan" name="verifySignupNewUser" time="68.607"/>
  <testcase classname="com.dentscribe.testCases_iOS.TestCreateUserBuyPaidPlanAndCancelPaidPlan" name="verifyCreatePracticeInfo" time="43.498"/>
  <testcase classname="com.dentscribe.testCases_iOS.TestCreateUserBuyPaidPlanAndCancelPaidPlan" name="verifySikkaWebViewRegistration" time="190.454"/>
  <testcase classname="com.dentscribe.testCases_iOS.TestCreateUserBuyPaidPlanAndCancelPaidPlan" name="verifySpuInstallPopupAndRefreshData" time="12.244"/>
  <testcase classname="com.dentscribe.testCases_iOS.TestCreateUserBuyPaidPlanAndCancelPaidPlan" name="verifyEulaAgreementPageAndAcceptAgreement" time="32.701"/>
  <testcase classname="com.dentscribe.testCases_iOS.TestCreateUserBuyPaidPlanAndCancelPaidPlan" name="verifyCanUserBuyPaidPlan" time="54.247"/>
  <testcase classname="com.dentscribe.testCases_iOS.TestCreateUserBuyPaidPlanAndCancelPaidPlan" name="verifyCancelSubscriptionPopup" time="11.02"/>
  <testcase classname="com.dentscribe.testCases_iOS.TestCreateUserBuyPaidPlanAndCancelPaidPlan" name="verifyCanUserCancelSubcription" time="11.754"/>
  <testcase classname="com.dentscribe.testCases_iOS.TestCreateUserBuyPaidPlanAndCancelPaidPlan" name="verifyCanUserUpdatePaymentMethod" time="78.396"/>
  <testcase classname="com.dentscribe.testCases_iOS.TestCreateUserBuyPaidPlanAndCancelPaidPlan" name="verifyCanUserBuyPaidPlanAgainAfterCancelOnce" time="7.581"/>
  <testcase classname="com.dentscribe.testCases_iOS.TestCreateUserTakeFreePlanAndBuyPaidPlan" name="createNewUserAndGoToManageSubscriptionPage" time="349.054"/>
  <testcase classname="com.dentscribe.testCases_iOS.TestCreateUserTakeFreePlanAndBuyPaidPlan" name="verifyIsAddPaymentMethodExists" time="1.94"/>
  <testcase classname="com.dentscribe.testCases_iOS.TestCreateUserTakeFreePlanAndBuyPaidPlan" name="verifyAddPaymentMethodMandatoryFields" time="14.554"/>
  <testcase classname="com.dentscribe.testCases_iOS.TestCreateUserTakeFreePlanAndBuyPaidPlan" name="verifyBackIconAddPaymentMethodPage" time="1.461"/>
  <testcase classname="com.dentscribe.testCases_iOS.TestCreateUserTakeFreePlanAndBuyPaidPlan" name="verifyCanUserTake30DaysFreeTrialPlan" time="24.5"/>
  <testcase classname="com.dentscribe.testCases_iOS.TestCreateUserTakeFreePlanAndBuyPaidPlan" name="verifyCanUserBuyPaidPlanAfterFreeTrialPlan" time="39.319"/>
  <testcase classname="com.dentscribe.testCases_iOS.TestAllAppointmentStatuses" name="goToCalendarPageAndSelectAppointmentsDate" time="89.008"/>
  <testcase classname="com.dentscribe.testCases_iOS.TestAllAppointmentStatuses" name="verifyIsPatientPopupAppearingOnStartButtonClick" time="15.576"/>
  <testcase classname="com.dentscribe.testCases_iOS.TestAllAppointmentStatuses" name="verifyStartRecordingButtonOnPatientDetailsPopupAndClick" time="23.432"/>
  <testcase classname="com.dentscribe.testCases_iOS.TestAllAppointmentStatuses" name="verifyIsAppointmentStatusContinueAfterPauseRecording" time="19.547"/>
  <testcase classname="com.dentscribe.testCases_iOS.TestAllAppointmentStatuses" name="verifyIsPatientPopupAppearingOnContinueButtonClick" time="9.597"/>
  <testcase classname="com.dentscribe.testCases_iOS.TestAllAppointmentStatuses" name="verifyContinueRecordingButtonOnPatientDetailsPopupAndClick" time="24.045"/>
  <testcase classname="com.dentscribe.testCases_iOS.TestAllAppointmentStatuses" name="verifyIsAppointmentStatusReviewAfterStopRecording" time="57.694"/>
  <testcase classname="com.dentscribe.testCases_iOS.TestAllAppointmentStatuses" name="addSignatureInSoapReportAndSubmit" time="23.202"/>
  <testcase classname="com.dentscribe.testCases_iOS.TestAllAppointmentStatuses" name="verifyIsAppointmentStatusReviewedAndSoapReportAfterClickIt" time="13.304"/>
  <testcase classname="com.dentscribe.testCases_iOS.TestSoapReportAndPatientProfilePage" name="verifyIsRecordingPageOpenedForExpectedPatient" time="130.878"/>
  <testcase classname="com.dentscribe.testCases_iOS.TestSoapReportAndPatientProfilePage" name="verifyBackIconRecordingPage" time="8.858">
    <failure type="org.openqa.selenium.NoSuchElementException" message="An element could not be located on the page using the given search parameters.
For documentation on this error, please visit: https://www.selenium.dev/documentation/webdriver/troubleshooting/errors#no-such-element-exception
Build info: version: &amp;apos;4.13.0&amp;apos;, revision: &amp;apos;ba948ece5b*&amp;apos;
System info: os.name: &amp;apos;Mac OS X&amp;apos;, os.arch: &amp;apos;aarch64&amp;apos;, os.version: &amp;apos;13.4&amp;apos;, java.version: &amp;apos;20.0.2&amp;apos;
Driver info: io.appium.java_client.ios.IOSDriver
Command: [9c9c9485-a367-4281-833d-0411512a4b90, findElement {using=accessibility id, value=Taylor Kaelie Continue-button}]
Capabilities {appium:app: //Users//mcl-0048/Desktop//..., appium:automationName: XCuiTest, appium:databaseEnabled: false, appium:deviceName: iPhone 14 Plus, appium:javascriptEnabled: true, appium:locationContextEnabled: false, appium:networkConnectionEnabled: false, appium:newCommandTimeout: 5400, appium:platformVersion: 16.4, appium:takesScreenshot: true, appium:udid: 2A4A9901-84B0-429C-B765-6C1..., appium:webStorageEnabled: false, platformName: IOS}
Session ID: 9c9c9485-a367-4281-833d-0411512a4b90">
      <![CDATA[org.openqa.selenium.NoSuchElementException: An element could not be located on the page using the given search parameters.
For documentation on this error, please visit: https://www.selenium.dev/documentation/webdriver/troubleshooting/errors#no-such-element-exception
Build info: version: '4.13.0', revision: 'ba948ece5b*'
System info: os.name: 'Mac OS X', os.arch: 'aarch64', os.version: '13.4', java.version: '20.0.2'
Driver info: io.appium.java_client.ios.IOSDriver
Command: [9c9c9485-a367-4281-833d-0411512a4b90, findElement {using=accessibility id, value=Taylor Kaelie Continue-button}]
Capabilities {appium:app: //Users//mcl-0048/Desktop//..., appium:automationName: XCuiTest, appium:databaseEnabled: false, appium:deviceName: iPhone 14 Plus, appium:javascriptEnabled: true, appium:locationContextEnabled: false, appium:networkConnectionEnabled: false, appium:newCommandTimeout: 5400, appium:platformVersion: 16.4, appium:takesScreenshot: true, appium:udid: 2A4A9901-84B0-429C-B765-6C1..., appium:webStorageEnabled: false, platformName: IOS}
Session ID: 9c9c9485-a367-4281-833d-0411512a4b90
at org.openqa.selenium.remote.codec.w3c.W3CHttpResponseCodec.createException(W3CHttpResponseCodec.java:200)
at org.openqa.selenium.remote.codec.w3c.W3CHttpResponseCodec.decode(W3CHttpResponseCodec.java:133)
at org.openqa.selenium.remote.codec.w3c.W3CHttpResponseCodec.decode(W3CHttpResponseCodec.java:52)
at org.openqa.selenium.remote.HttpCommandExecutor.execute(HttpCommandExecutor.java:191)
at io.appium.java_client.remote.AppiumCommandExecutor.execute(AppiumCommandExecutor.java:250)
at org.openqa.selenium.remote.RemoteWebDriver.execute(RemoteWebDriver.java:602)
at org.openqa.selenium.remote.ElementLocation$ElementFinder$2.findElement(ElementLocation.java:165)
at org.openqa.selenium.remote.ElementLocation.findElement(ElementLocation.java:59)
at org.openqa.selenium.remote.RemoteWebDriver.findElement(RemoteWebDriver.java:359)
at org.openqa.selenium.remote.RemoteWebDriver.findElement(RemoteWebDriver.java:353)
at com.dentscribe.common.CommonMethods.scrollDownTillElementVisible(CommonMethods.java:325)
at com.dentscribe.pages.ios.CalendarPage.verifyClickContinueButtonForAppointment(CalendarPage.java:371)
at com.dentscribe.testCases_iOS.TestSoapReportAndPatientProfilePage.verifyBackIconRecordingPage(TestSoapReportAndPatientProfilePage.java:92)
at java.base/java.util.ArrayList.forEach(ArrayList.java:1511)
... Removed 28 stack frames]]>
    </failure>
  </testcase> <!-- verifyBackIconRecordingPage -->
  <testcase classname="com.dentscribe.testCases_iOS.TestSoapReportAndPatientProfilePage" name="verifyIsSoapReportCreated" time="0.0">
    <skipped/>
  </testcase> <!-- verifyIsSoapReportCreated -->
  <testcase classname="com.dentscribe.testCases_iOS.TestSoapReportAndPatientProfilePage" name="verifyEditIconSoapReport" time="0.0">
    <skipped/>
  </testcase> <!-- verifyEditIconSoapReport -->
  <testcase classname="com.dentscribe.testCases_iOS.TestSoapReportAndPatientProfilePage" name="verifyEditSoapReportAndAddSignatureDuringEditableReport" time="0.0">
    <skipped/>
  </testcase> <!-- verifyEditSoapReportAndAddSignatureDuringEditableReport -->
  <testcase classname="com.dentscribe.testCases_iOS.TestSoapReportAndPatientProfilePage" name="updateUserDetailsAndVerifySame" time="0.0">
    <skipped/>
  </testcase> <!-- updateUserDetailsAndVerifySame -->
  <testcase classname="com.dentscribe.testCases_iOS.TestSoapReportAndPatientProfilePage" name="verifyBackIconSoapReportAndReviewedButtonForAppointment" time="0.0">
    <skipped/>
  </testcase> <!-- verifyBackIconSoapReportAndReviewedButtonForAppointment -->
  <testcase classname="com.dentscribe.testCases_iOS.TestSoapReportAndPatientProfilePage" name="verifyPatientProfilePage" time="0.0">
    <skipped/>
  </testcase> <!-- verifyPatientProfilePage -->
  <testcase classname="com.dentscribe.testCases_iOS.TestSoapReportAndPatientProfilePage" name="verifyBackIconPatientProfilePage" time="0.0">
    <skipped/>
  </testcase> <!-- verifyBackIconPatientProfilePage -->
  <testcase classname="com.dentscribe.testCases_iOS.TestLoginPage" name="verifyIsLoginPageExistsAndItsFields" time="1.271"/>
  <testcase classname="com.dentscribe.testCases_iOS.TestLoginPage" name="verifyLoginWithoutMandatoryFields" time="1.031"/>
  <testcase classname="com.dentscribe.testCases_iOS.TestLoginPage" name="DS_006_verifyLoginWithNonExistingUser" time="10.221"/>
  <testcase classname="com.dentscribe.testCases_iOS.TestLoginPage" name="verifyLoginWithInvalidPassword" time="10.297"/>
  <testcase classname="com.dentscribe.testCases_iOS.TestLoginPage" name="verifyLoginWithThreeInvalidAttempts" time="14.14"/>
  <testcase classname="com.dentscribe.testCases_iOS.TestLoginPage" name="verifyLoginWithValidCredentials" time="14.706"/>
  <testcase classname="com.dentscribe.testCases_iOS.TestSmsVerificationPageAfterLogin" name="verifyIsSmsVerificationPageExistsAfterLogin" time="12.339"/>
  <testcase classname="com.dentscribe.testCases_iOS.TestSmsVerificationPageAfterLogin" name="verifySmsVerificationWithBlankOtp" time="1.244"/>
  <testcase classname="com.dentscribe.testCases_iOS.TestSmsVerificationPageAfterLogin" name="verifySmsVerificationWithWrongOtp" time="13.463"/>
  <testcase classname="com.dentscribe.testCases_iOS.TestSmsVerificationPageAfterLogin" name="verifySmsVerificationResendCodeLink" time="22.134"/>
  <testcase classname="com.dentscribe.testCases_iOS.TestSmsVerificationPageAfterLogin" name="verifyWhetherSmsVerificationPageBackIconRedirectToLoginPage" time="1.27"/>
  <testcase classname="com.dentscribe.testCases_iOS.TestSmsVerificationPageAfterLogin" name="verifySmsVerificationWithValidOtp" time="29.872"/>
  <testcase classname="com.dentscribe.testCases_iOS.TestSignUpPage" name="verifyIsSignupPageExists" time="1.232"/>
  <testcase classname="com.dentscribe.testCases_iOS.TestSignUpPage" name="verifySignupWithoutMandatoryFields" time="18.871"/>
  <testcase classname="com.dentscribe.testCases_iOS.TestSignUpPage" name="verifySignupPageForInvalidEmail" time="9.265"/>
  <testcase classname="com.dentscribe.testCases_iOS.TestSignUpPage" name="verifySignupPageForWeakPassword" time="8.219"/>
  <testcase classname="com.dentscribe.testCases_iOS.TestSignUpPage" name="verifySignupPageForConfirmPassowrd" time="13.015"/>
  <testcase classname="com.dentscribe.testCases_iOS.TestSignUpPage" name="verifyExistingAndDuplicateEmailId" time="51.78"/>
  <testcase classname="com.dentscribe.testCases_iOS.TestSignUpPage" name="verifySignupWithOnlyMandatoryFields" time="10.172"/>
  <testcase classname="com.dentscribe.testCases_iOS.TestSignUpPage" name="verifySignupConfirmationPopupButtons" time="5.784"/>
  <testcase classname="com.dentscribe.testCases_iOS.TestSmsVerificationPageAfterSignup" name="verifyIsSmsVerificationPageExistsAfterSignup" time="48.67"/>
  <testcase classname="com.dentscribe.testCases_iOS.TestSmsVerificationPageAfterSignup" name="verifySmsVerificationWithBlankOtp" time="1.28"/>
  <testcase classname="com.dentscribe.testCases_iOS.TestSmsVerificationPageAfterSignup" name="verifySmsVerificationWithWrongOtp" time="13.674"/>
  <testcase classname="com.dentscribe.testCases_iOS.TestSmsVerificationPageAfterSignup" name="verifySmsVerificationResendCodeLink" time="22.054"/>
  <testcase classname="com.dentscribe.testCases_iOS.TestSmsVerificationPageAfterSignup" name="verifyWhetherSmsVerificationPageBackIconRedirectToSignupPage" time="1.286"/>
  <testcase classname="com.dentscribe.testCases_iOS.TestSmsVerificationPageAfterSignup" name="verifySmsVerificationWithValidOtp" time="20.54"/>
  <testcase classname="com.dentscribe.testCases_iOS.TestSignupAndLoginWithoutRegisterPractice" name="verifySignupWithNonSupportedPMS" time="48.106"/>
  <testcase classname="com.dentscribe.testCases_iOS.TestSignupAndLoginWithoutRegisterPractice" name="verifySignupWithSupportedPMS" time="3.3"/>
  <testcase classname="com.dentscribe.testCases_iOS.TestSignupAndLoginWithoutRegisterPractice" name="verifyWishToContinuePopupBackButton" time="1.927"/>
  <testcase classname="com.dentscribe.testCases_iOS.TestSignupAndLoginWithoutRegisterPractice" name="verifyPracticeInfoMandatoryFields" time="29.4"/>
  <testcase classname="com.dentscribe.testCases_iOS.TestSignupAndLoginWithoutRegisterPractice" name="verifyLoginWithoutRegisterPractice" time="10.46"/>
  <testcase classname="com.dentscribe.testCases_iOS.TestTourPages" name="DS_033_verifyIsTourPageExists" time="26.699"/>
  <testcase classname="com.dentscribe.testCases_iOS.TestTourPages" name="DS_034_verifyNextButtonFromFirstToLastTourPage" time="4.549"/>
  <testcase classname="com.dentscribe.testCases_iOS.TestTourPages" name="DS_035_verifyBackButtonFromLastToFirstTourPage" time="4.502"/>
  <testcase classname="com.dentscribe.testCases_iOS.TestTourPages" name="DS_036_verifyRightSwipeFromFirstToLastTourPage" time="6.248"/>
  <testcase classname="com.dentscribe.testCases_iOS.TestTourPages" name="DS_037_verifyLeftSwipeFromLastToFirstTourPage" time="6.237"/>
  <testcase classname="com.dentscribe.testCases_iOS.TestTourPages" name="DS_038_verifyNextButtonOfPatientDatabaseTourPage" time="7.458"/>
  <testcase classname="com.dentscribe.testCases_iOS.TestPatientSearchPage" name="verifySkipLinkTourPages" time="29.656"/>
  <testcase classname="com.dentscribe.testCases_iOS.TestPatientSearchPage" name="verifyIsPatientSearchPageExists" time="16.005"/>
  <testcase classname="com.dentscribe.testCases_iOS.TestPatientSearchPage" name="verifyPatientSearchByInvalidData" time="12.624"/>
  <testcase classname="com.dentscribe.testCases_iOS.TestPatientSearchPage" name="DS_042_verifyPatientSearchByPatientName" time="19.405"/>
  <testcase classname="com.dentscribe.testCases_iOS.TestPatientSearchPage" name="verifyPatientSearchByPatientPhoneNumber" time="21.255"/>
  <testcase classname="com.dentscribe.testCases_iOS.TestPatientSearchPage" name="verifyPatientSearchByPatientDOB" time="17.794">
    <failure type="java.lang.AssertionError" message="expected [true] but found [false]">
      <![CDATA[java.lang.AssertionError: expected [true] but found [false]
at com.dentscribe.testCases_iOS.TestPatientSearchPage.verifyPatientSearchByPatientDOB(TestPatientSearchPage.java:85)
at java.base/java.util.ArrayList.forEach(ArrayList.java:1511)
... Removed 29 stack frames]]>
    </failure>
  </testcase> <!-- verifyPatientSearchByPatientDOB -->
  <testcase classname="com.dentscribe.testCases_iOS.TestPatientSearchPage" name="verifyPatientSearchByPatientInsurance" time="32.542"/>
  <testcase classname="com.dentscribe.testCases_iOS.TestForgotPasswordPage" name="verityIsForgotPasswordPageExists" time="1.511"/>
  <testcase classname="com.dentscribe.testCases_iOS.TestForgotPasswordPage" name="verifyForgotPasswordMandatoryFields" time="0.672"/>
  <testcase classname="com.dentscribe.testCases_iOS.TestForgotPasswordPage" name="verifyForgotPasswordForWrongEmailId" time="4.559"/>
  <testcase classname="com.dentscribe.testCases_iOS.TestForgotPasswordPage" name="verifyForgotPasswordForNotExistsEmailId" time="4.381"/>
  <testcase classname="com.dentscribe.testCases_iOS.TestForgotPasswordPage" name="verifyForgotPasswordForValidEmailId" time="7.021"/>
  <testcase classname="com.dentscribe.testCases_iOS.TestForgotPasswordPage" name="verifyForgotPasswordBackIcon" time="1.323"/>
  <testcase classname="com.dentscribe.testCases_iOS.TestSettingsPage" name="verifyIsSettingsPageExists" time="37.584"/>
  <testcase classname="com.dentscribe.testCases_iOS.TestSettingsPage" name="verifyBackIconSettingsPage" time="21.691"/>
  <testcase classname="com.dentscribe.testCases_iOS.TestSettingsPage" name="verifyPushNotificationsSwitch" time="5.665"/>
  <testcase classname="com.dentscribe.testCases_iOS.TestSettingsPage" name="verifySmsNotificationsSwitch" time="5.563"/>
  <testcase classname="com.dentscribe.testCases_iOS.TestSettingsPage" name="verifyEmailNotificationsSwitch" time="5.561"/>
  <testcase classname="com.dentscribe.testCases_iOS.TestSettingsPage" name="verifyAccountInfoUpdate" time="23.459"/>
  <testcase classname="com.dentscribe.testCases_iOS.TestSettingsPage" name="verifyPracticeUpdate" time="29.701"/>
  <testcase classname="com.dentscribe.testCases_iOS.TestSettingsPage" name="verifyHelpOptionsSettingsPage" time="13.772"/>
  <testcase classname="com.dentscribe.testCases_iOS.TestSettingsPage" name="verifyFAQsInHelpPage" time="4.314"/>
  <testcase classname="com.dentscribe.testCases_iOS.TestSettingsPage" name="verifyLogout" time="2.353"/>
  <testcase classname="com.dentscribe.testCases_iOS.TestChangePassword" name="verifyChangePasswordFromSettingsPage" time="54.561"/>
  <testcase classname="com.dentscribe.testCases_iOS.TestChangePassword" name="verifyUserShouldNotLoginFromOldPassword" time="9.127"/>
  <testcase classname="com.dentscribe.testCases_iOS.TestChangePassword" name="verifyUserShouldLoginFromNewChangedPassword" time="14.786"/>
  <testcase classname="com.dentscribe.testCases_iOS.TestFeedbackAndNewFeedbackPages" name="verifyIsFeedbackPageExists" time="38.54"/>
  <testcase classname="com.dentscribe.testCases_iOS.TestFeedbackAndNewFeedbackPages" name="verifyIsExpectedFieldsExistsOnFeedbackPage" time="0.364"/>
  <testcase classname="com.dentscribe.testCases_iOS.TestFeedbackAndNewFeedbackPages" name="verifyIsNewFeedbackPageExists" time="1.113"/>
  <testcase classname="com.dentscribe.testCases_iOS.TestFeedbackAndNewFeedbackPages" name="verifyIsExpectedFieldsExistsOnNewFeedbackPage" time="0.978"/>
  <testcase classname="com.dentscribe.testCases_iOS.TestFeedbackAndNewFeedbackPages" name="verifyBackIconNewFeedbackPage" time="1.066"/>
  <testcase classname="com.dentscribe.testCases_iOS.TestFeedbackAndNewFeedbackPages" name="createNewFeedbackAndVerify" time="20.077"/>
  <testcase classname="com.dentscribe.testCases_iOS.TestFeedbackAndNewFeedbackPages" name="verifyBackIconFeedbackPage" time="1.746"/>
  <testcase classname="com.dentscribe.testCases_iOS.TestRecordingfor10mintsAndGenerateSoapReport" name="verifyWhetherSoapReportCreatedFor10mintsRecording" time="776.669"/>
  <testcase classname="com.dentscribe.testCases_iOS.TestRecordingfor30mintsAndGenerateSoapReport" name="verifyWhetherSoapReportCreatedFor30mintsRecording" time="2022.778"/>
  <testcase classname="com.dentscribe.testCases_iOS.TestRecordingfor50mintsAndGenerateSoapReport" name="verifyWhetherSoapReportCreatedFor50mintsRecording" time="3228.634"/>
</testsuite> <!-- Test -->
