<?xml version="1.0" encoding="UTF-8"?>
<!-- Generated by org.testng.reporters.JUnitXMLReporter -->
<testsuite ignored="0" hostname="CPU-0190" failures="1" tests="1" name="Test1" time="73.243" errors="0" timestamp="2023-09-26T16:13:50 IST">
  <testcase classname="com.dentscribe.android.tests.PmsNotVerified" name="pmsNotVerifiedFunctionality" time="65.875">
    <failure type="java.lang.AssertionError" message="null">
      <![CDATA[java.lang.AssertionError: null
at com.dentscribe.android.tests.PmsNotVerified.pmsNotVerifiedFunctionality(PmsNotVerified.java:41)
at java.base/java.util.ArrayList.forEach(ArrayList.java:1511)
... Removed 29 stack frames]]>
    </failure>
  </testcase> <!-- pmsNotVerifiedFunctionality -->
</testsuite> <!-- Test1 -->
