<?xml version="1.0" encoding="UTF-8"?>
<!-- Generated by org.testng.reporters.JUnitXMLReporter -->
<testsuite ignored="0" hostname="MCL-0048s-MacBook-Pro.local" failures="0" tests="9" name="Test" time="239.375" errors="0" timestamp="2023-12-14T18:46:06 IST">
  <testcase classname="com.dentscribe.testCases_iOS.TestAllAppointmentStatuses" name="goToCalendarPageAndSelectAppointmentsDate" time="56.896"/>
  <testcase classname="com.dentscribe.testCases_iOS.TestAllAppointmentStatuses" name="verifyIsPatientPopupAppearingOnStartButtonClick" time="21.664"/>
  <testcase classname="com.dentscribe.testCases_iOS.TestAllAppointmentStatuses" name="verifyStartRecordingButtonOnPatientDetailsPopupAndClick" time="21.899"/>
  <testcase classname="com.dentscribe.testCases_iOS.TestAllAppointmentStatuses" name="verifyContinueButtonAfterPauseRecording" time="14.309"/>
  <testcase classname="com.dentscribe.testCases_iOS.TestAllAppointmentStatuses" name="verifyIsPatientPopupAppearingOnContinueButtonClick" time="9.842"/>
  <testcase classname="com.dentscribe.testCases_iOS.TestAllAppointmentStatuses" name="verifyContinueRecordingButtonOnPatientDetailsPopupAndClick" time="24.362"/>
  <testcase classname="com.dentscribe.testCases_iOS.TestAllAppointmentStatuses" name="verifyReviewButtonAfterStopRecording" time="47.815"/>
  <testcase classname="com.dentscribe.testCases_iOS.TestAllAppointmentStatuses" name="addSignatureInSoapReportAndSubmit" time="22.586"/>
  <testcase classname="com.dentscribe.testCases_iOS.TestAllAppointmentStatuses" name="verifyReviewedButtonAndClickToVerifySoapReport" time="7.516"/>
</testsuite> <!-- Test -->
