<?xml version="1.0" encoding="UTF-8"?>
<testng-results ignored="0" total="6" passed="6" failed="0" skipped="0">
  <reporter-output>
  </reporter-output>
  <suite started-at="2023-12-20T16:41:50 IST" name="Suite" finished-at="2023-12-20T16:43:01 IST" duration-ms="70041">
    <groups>
    </groups>
    <test started-at="2023-12-20T16:41:50 IST" name="Test" finished-at="2023-12-20T16:43:01 IST" duration-ms="70041">
      <class name="com.dentscribe.testCases_iOS.TestLoginPage">
        <test-method is-config="true" signature="configureAppium()[pri:0, instance:com.dentscribe.testCases_iOS.TestLoginPage@65af05b2]" started-at="2023-12-20T16:41:50 IST" name="configureAppium" finished-at="2023-12-20T16:42:03 IST" duration-ms="12644" status="PASS">
          <reporter-output>
          </reporter-output>
        </test-method> <!-- configureAppium -->
        <test-method signature="DS_004_verifyIsLoginPageExistsAndItsFields()[pri:1, instance:com.dentscribe.testCases_iOS.TestLoginPage@65af05b2]" started-at="2023-12-20T16:42:03 IST" name="DS_004_verifyIsLoginPageExistsAndItsFields" finished-at="2023-12-20T16:42:05 IST" duration-ms="2024" status="PASS">
          <reporter-output>
          </reporter-output>
        </test-method> <!-- DS_004_verifyIsLoginPageExistsAndItsFields -->
        <test-method signature="DS_005_verifyLoginWithoutMandatoryFields()[pri:2, instance:com.dentscribe.testCases_iOS.TestLoginPage@65af05b2]" started-at="2023-12-20T16:42:05 IST" name="DS_005_verifyLoginWithoutMandatoryFields" finished-at="2023-12-20T16:42:06 IST" depends-on-methods="com.dentscribe.testCases_iOS.TestLoginPage.DS_004_verifyIsLoginPageExistsAndItsFields" duration-ms="1134" status="PASS">
          <reporter-output>
          </reporter-output>
        </test-method> <!-- DS_005_verifyLoginWithoutMandatoryFields -->
        <test-method signature="DS_006_verifyLoginWithNonExistingUser()[pri:3, instance:com.dentscribe.testCases_iOS.TestLoginPage@65af05b2]" started-at="2023-12-20T16:42:06 IST" name="DS_006_verifyLoginWithNonExistingUser" finished-at="2023-12-20T16:42:17 IST" depends-on-methods="com.dentscribe.testCases_iOS.TestLoginPage.DS_004_verifyIsLoginPageExistsAndItsFields" duration-ms="10858" status="PASS">
          <reporter-output>
          </reporter-output>
        </test-method> <!-- DS_006_verifyLoginWithNonExistingUser -->
        <test-method signature="DS_007_verifyLoginWithInvalidPassword()[pri:4, instance:com.dentscribe.testCases_iOS.TestLoginPage@65af05b2]" started-at="2023-12-20T16:42:17 IST" name="DS_007_verifyLoginWithInvalidPassword" finished-at="2023-12-20T16:42:30 IST" depends-on-methods="com.dentscribe.testCases_iOS.TestLoginPage.DS_004_verifyIsLoginPageExistsAndItsFields" duration-ms="12460" status="PASS">
          <reporter-output>
          </reporter-output>
        </test-method> <!-- DS_007_verifyLoginWithInvalidPassword -->
        <test-method signature="DS_008_verifyLoginWithThreeInvalidAttempts()[pri:5, instance:com.dentscribe.testCases_iOS.TestLoginPage@65af05b2]" started-at="2023-12-20T16:42:30 IST" name="DS_008_verifyLoginWithThreeInvalidAttempts" finished-at="2023-12-20T16:42:46 IST" depends-on-methods="com.dentscribe.testCases_iOS.TestLoginPage.DS_004_verifyIsLoginPageExistsAndItsFields" duration-ms="16732" status="PASS">
          <reporter-output>
          </reporter-output>
        </test-method> <!-- DS_008_verifyLoginWithThreeInvalidAttempts -->
        <test-method signature="DS_009_verifyLoginWithValidCredentials()[pri:6, instance:com.dentscribe.testCases_iOS.TestLoginPage@65af05b2]" started-at="2023-12-20T16:42:46 IST" name="DS_009_verifyLoginWithValidCredentials" finished-at="2023-12-20T16:43:01 IST" depends-on-methods="com.dentscribe.testCases_iOS.TestLoginPage.DS_004_verifyIsLoginPageExistsAndItsFields" duration-ms="14139" status="PASS">
          <reporter-output>
          </reporter-output>
        </test-method> <!-- DS_009_verifyLoginWithValidCredentials -->
      </class> <!-- com.dentscribe.testCases_iOS.TestLoginPage -->
    </test> <!-- Test -->
  </suite> <!-- Suite -->
</testng-results>
