<?xml version="1.0" encoding="UTF-8"?>
<testng-results ignored="0" total="7" passed="7" failed="0" skipped="0">
  <reporter-output>
  </reporter-output>
  <suite started-at="2023-12-22T18:49:27 IST" name="Suite" finished-at="2023-12-22T18:50:43 IST" duration-ms="75578">
    <groups>
    </groups>
    <test started-at="2023-12-22T18:49:27 IST" name="Test" finished-at="2023-12-22T18:50:43 IST" duration-ms="75578">
      <class name="com.dentscribe.testCases_iOS.TestFeedbackAndNewFeedbackPages">
        <test-method is-config="true" signature="configureAppium()[pri:0, instance:com.dentscribe.testCases_iOS.TestFeedbackAndNewFeedbackPages@11ad095c]" started-at="2023-12-22T18:49:27 IST" name="configureAppium" finished-at="2023-12-22T18:49:36 IST" duration-ms="8640" status="PASS">
          <reporter-output>
          </reporter-output>
        </test-method> <!-- configureAppium -->
        <test-method signature="verifyIsFeedbackPageExists()[pri:1, instance:com.dentscribe.testCases_iOS.TestFeedbackAndNewFeedbackPages@11ad095c]" started-at="2023-12-22T18:49:36 IST" name="verifyIsFeedbackPageExists" finished-at="2023-12-22T18:50:11 IST" duration-ms="35119" status="PASS">
          <reporter-output>
          </reporter-output>
        </test-method> <!-- verifyIsFeedbackPageExists -->
        <test-method signature="verifyIsExpectedFieldsExistsOnFeedbackPage()[pri:2, instance:com.dentscribe.testCases_iOS.TestFeedbackAndNewFeedbackPages@11ad095c]" started-at="2023-12-22T18:50:11 IST" name="verifyIsExpectedFieldsExistsOnFeedbackPage" finished-at="2023-12-22T18:50:16 IST" depends-on-methods="com.dentscribe.testCases_iOS.TestFeedbackAndNewFeedbackPages.verifyIsFeedbackPageExists" duration-ms="5692" status="PASS">
          <reporter-output>
          </reporter-output>
        </test-method> <!-- verifyIsExpectedFieldsExistsOnFeedbackPage -->
        <test-method signature="verifyIsNewFeedbackPageExists()[pri:3, instance:com.dentscribe.testCases_iOS.TestFeedbackAndNewFeedbackPages@11ad095c]" started-at="2023-12-22T18:50:16 IST" name="verifyIsNewFeedbackPageExists" finished-at="2023-12-22T18:50:18 IST" depends-on-methods="com.dentscribe.testCases_iOS.TestFeedbackAndNewFeedbackPages.verifyIsExpectedFieldsExistsOnFeedbackPage" duration-ms="1295" status="PASS">
          <reporter-output>
          </reporter-output>
        </test-method> <!-- verifyIsNewFeedbackPageExists -->
        <test-method signature="verifyIsExpectedFieldsExistsOnNewFeedbackPage()[pri:4, instance:com.dentscribe.testCases_iOS.TestFeedbackAndNewFeedbackPages@11ad095c]" started-at="2023-12-22T18:50:18 IST" name="verifyIsExpectedFieldsExistsOnNewFeedbackPage" finished-at="2023-12-22T18:50:19 IST" depends-on-methods="com.dentscribe.testCases_iOS.TestFeedbackAndNewFeedbackPages.verifyIsNewFeedbackPageExists" duration-ms="1003" status="PASS">
          <reporter-output>
          </reporter-output>
        </test-method> <!-- verifyIsExpectedFieldsExistsOnNewFeedbackPage -->
        <test-method signature="verifyBackIconNewFeedbackPage()[pri:5, instance:com.dentscribe.testCases_iOS.TestFeedbackAndNewFeedbackPages@11ad095c]" started-at="2023-12-22T18:50:19 IST" name="verifyBackIconNewFeedbackPage" finished-at="2023-12-22T18:50:20 IST" depends-on-methods="com.dentscribe.testCases_iOS.TestFeedbackAndNewFeedbackPages.verifyIsExpectedFieldsExistsOnNewFeedbackPage" duration-ms="1236" status="PASS">
          <reporter-output>
          </reporter-output>
        </test-method> <!-- verifyBackIconNewFeedbackPage -->
        <test-method signature="createNewFeedbackAndVerify()[pri:6, instance:com.dentscribe.testCases_iOS.TestFeedbackAndNewFeedbackPages@11ad095c]" started-at="2023-12-22T18:50:20 IST" name="createNewFeedbackAndVerify" finished-at="2023-12-22T18:50:41 IST" depends-on-methods="com.dentscribe.testCases_iOS.TestFeedbackAndNewFeedbackPages.verifyBackIconNewFeedbackPage" duration-ms="20665" status="PASS">
          <reporter-output>
          </reporter-output>
        </test-method> <!-- createNewFeedbackAndVerify -->
        <test-method signature="verifyBackIconFeedbackPage()[pri:7, instance:com.dentscribe.testCases_iOS.TestFeedbackAndNewFeedbackPages@11ad095c]" started-at="2023-12-22T18:50:41 IST" name="verifyBackIconFeedbackPage" finished-at="2023-12-22T18:50:43 IST" depends-on-methods="com.dentscribe.testCases_iOS.TestFeedbackAndNewFeedbackPages.createNewFeedbackAndVerify" duration-ms="1885" status="PASS">
          <reporter-output>
          </reporter-output>
        </test-method> <!-- verifyBackIconFeedbackPage -->
      </class> <!-- com.dentscribe.testCases_iOS.TestFeedbackAndNewFeedbackPages -->
    </test> <!-- Test -->
  </suite> <!-- Suite -->
</testng-results>
