<?xml version="1.0" encoding="UTF-8"?>
<testng-results ignored="0" total="9" passed="9" failed="0" skipped="0">
  <reporter-output>
  </reporter-output>
  <suite started-at="2023-12-14T18:42:06 IST" name="Suite" finished-at="2023-12-14T18:46:06 IST" duration-ms="239375">
    <groups>
    </groups>
    <test started-at="2023-12-14T18:42:06 IST" name="Test" finished-at="2023-12-14T18:46:06 IST" duration-ms="239375">
      <class name="com.dentscribe.testCases_iOS.TestAllAppointmentStatuses">
        <test-method is-config="true" signature="configureAppium()[pri:0, instance:com.dentscribe.testCases_iOS.TestAllAppointmentStatuses@7d537616]" started-at="2023-12-14T18:42:06 IST" name="configureAppium" finished-at="2023-12-14T18:42:19 IST" duration-ms="12414" status="PASS">
          <reporter-output>
          </reporter-output>
        </test-method> <!-- configureAppium -->
        <test-method signature="goToCalendarPageAndSelectAppointmentsDate()[pri:1, instance:com.dentscribe.testCases_iOS.TestAllAppointmentStatuses@7d537616]" started-at="2023-12-14T18:42:19 IST" name="goToCalendarPageAndSelectAppointmentsDate" finished-at="2023-12-14T18:43:16 IST" duration-ms="56896" status="PASS">
          <reporter-output>
          </reporter-output>
        </test-method> <!-- goToCalendarPageAndSelectAppointmentsDate -->
        <test-method signature="verifyIsPatientPopupAppearingOnStartButtonClick()[pri:2, instance:com.dentscribe.testCases_iOS.TestAllAppointmentStatuses@7d537616]" started-at="2023-12-14T18:43:16 IST" name="verifyIsPatientPopupAppearingOnStartButtonClick" finished-at="2023-12-14T18:43:37 IST" depends-on-methods="com.dentscribe.testCases_iOS.TestAllAppointmentStatuses.goToCalendarPageAndSelectAppointmentsDate" duration-ms="21664" status="PASS">
          <reporter-output>
          </reporter-output>
        </test-method> <!-- verifyIsPatientPopupAppearingOnStartButtonClick -->
        <test-method signature="verifyStartRecordingButtonOnPatientDetailsPopupAndClick()[pri:3, instance:com.dentscribe.testCases_iOS.TestAllAppointmentStatuses@7d537616]" started-at="2023-12-14T18:43:37 IST" name="verifyStartRecordingButtonOnPatientDetailsPopupAndClick" finished-at="2023-12-14T18:43:59 IST" depends-on-methods="com.dentscribe.testCases_iOS.TestAllAppointmentStatuses.verifyIsPatientPopupAppearingOnStartButtonClick" duration-ms="21899" status="PASS">
          <reporter-output>
          </reporter-output>
        </test-method> <!-- verifyStartRecordingButtonOnPatientDetailsPopupAndClick -->
        <test-method signature="verifyContinueButtonAfterPauseRecording()[pri:4, instance:com.dentscribe.testCases_iOS.TestAllAppointmentStatuses@7d537616]" started-at="2023-12-14T18:43:59 IST" name="verifyContinueButtonAfterPauseRecording" finished-at="2023-12-14T18:44:14 IST" depends-on-methods="com.dentscribe.testCases_iOS.TestAllAppointmentStatuses.verifyStartRecordingButtonOnPatientDetailsPopupAndClick" duration-ms="14309" status="PASS">
          <reporter-output>
          </reporter-output>
        </test-method> <!-- verifyContinueButtonAfterPauseRecording -->
        <test-method signature="verifyIsPatientPopupAppearingOnContinueButtonClick()[pri:5, instance:com.dentscribe.testCases_iOS.TestAllAppointmentStatuses@7d537616]" started-at="2023-12-14T18:44:14 IST" name="verifyIsPatientPopupAppearingOnContinueButtonClick" finished-at="2023-12-14T18:44:23 IST" depends-on-methods="com.dentscribe.testCases_iOS.TestAllAppointmentStatuses.verifyContinueButtonAfterPauseRecording" duration-ms="9842" status="PASS">
          <reporter-output>
          </reporter-output>
        </test-method> <!-- verifyIsPatientPopupAppearingOnContinueButtonClick -->
        <test-method signature="verifyContinueRecordingButtonOnPatientDetailsPopupAndClick()[pri:6, instance:com.dentscribe.testCases_iOS.TestAllAppointmentStatuses@7d537616]" started-at="2023-12-14T18:44:23 IST" name="verifyContinueRecordingButtonOnPatientDetailsPopupAndClick" finished-at="2023-12-14T18:44:48 IST" depends-on-methods="com.dentscribe.testCases_iOS.TestAllAppointmentStatuses.verifyIsPatientPopupAppearingOnContinueButtonClick" duration-ms="24362" status="PASS">
          <reporter-output>
          </reporter-output>
        </test-method> <!-- verifyContinueRecordingButtonOnPatientDetailsPopupAndClick -->
        <test-method signature="verifyReviewButtonAfterStopRecording()[pri:7, instance:com.dentscribe.testCases_iOS.TestAllAppointmentStatuses@7d537616]" started-at="2023-12-14T18:44:48 IST" name="verifyReviewButtonAfterStopRecording" finished-at="2023-12-14T18:45:36 IST" depends-on-methods="com.dentscribe.testCases_iOS.TestAllAppointmentStatuses.verifyContinueRecordingButtonOnPatientDetailsPopupAndClick" duration-ms="47815" status="PASS">
          <reporter-output>
          </reporter-output>
        </test-method> <!-- verifyReviewButtonAfterStopRecording -->
        <test-method signature="addSignatureInSoapReportAndSubmit()[pri:8, instance:com.dentscribe.testCases_iOS.TestAllAppointmentStatuses@7d537616]" started-at="2023-12-14T18:45:36 IST" name="addSignatureInSoapReportAndSubmit" finished-at="2023-12-14T18:45:58 IST" depends-on-methods="com.dentscribe.testCases_iOS.TestAllAppointmentStatuses.verifyReviewButtonAfterStopRecording" duration-ms="22586" status="PASS">
          <reporter-output>
          </reporter-output>
        </test-method> <!-- addSignatureInSoapReportAndSubmit -->
        <test-method signature="verifyReviewedButtonAndClickToVerifySoapReport()[pri:9, instance:com.dentscribe.testCases_iOS.TestAllAppointmentStatuses@7d537616]" started-at="2023-12-14T18:45:58 IST" name="verifyReviewedButtonAndClickToVerifySoapReport" finished-at="2023-12-14T18:46:06 IST" depends-on-methods="com.dentscribe.testCases_iOS.TestAllAppointmentStatuses.addSignatureInSoapReportAndSubmit" duration-ms="7516" status="PASS">
          <reporter-output>
          </reporter-output>
        </test-method> <!-- verifyReviewedButtonAndClickToVerifySoapReport -->
      </class> <!-- com.dentscribe.testCases_iOS.TestAllAppointmentStatuses -->
    </test> <!-- Test -->
  </suite> <!-- Suite -->
</testng-results>
