<?xml version="1.0" encoding="UTF-8"?>
<testng-results ignored="0" total="95" passed="80" failed="4" skipped="11">
  <reporter-output>
  </reporter-output>
  <suite started-at="2023-12-13T16:20:57 IST" name="Suite" finished-at="2023-12-13T16:57:41 IST" duration-ms="2203212">
    <groups>
    </groups>
    <test started-at="2023-12-13T16:20:57 IST" name="Test" finished-at="2023-12-13T16:57:41 IST" duration-ms="2203212">
      <class name="com.dentscribe.testCases_iOS.TestForgotPassowrdPage">
        <test-method is-config="true" signature="configureAppium()[pri:0, instance:com.dentscribe.testCases_iOS.TestForgotPassowrdPage@214fba74]" started-at="2023-12-13T16:53:25 IST" name="configureAppium" finished-at="2023-12-13T16:53:32 IST" duration-ms="7276" status="PASS">
          <reporter-output>
          </reporter-output>
        </test-method> <!-- configureAppium -->
        <test-method signature="DS_046_verityIsForgotPasswordPageExists()[pri:1, instance:com.dentscribe.testCases_iOS.TestForgotPassowrdPage@214fba74]" started-at="2023-12-13T16:53:32 IST" name="DS_046_verityIsForgotPasswordPageExists" finished-at="2023-12-13T16:53:34 IST" duration-ms="1465" status="PASS">
          <reporter-output>
          </reporter-output>
        </test-method> <!-- DS_046_verityIsForgotPasswordPageExists -->
        <test-method signature="DS_047_verifyForgotPasswordMandatoryFields()[pri:2, instance:com.dentscribe.testCases_iOS.TestForgotPassowrdPage@214fba74]" started-at="2023-12-13T16:53:34 IST" name="DS_047_verifyForgotPasswordMandatoryFields" finished-at="2023-12-13T16:53:34 IST" depends-on-methods="com.dentscribe.testCases_iOS.TestForgotPassowrdPage.DS_046_verityIsForgotPasswordPageExists" duration-ms="662" status="PASS">
          <reporter-output>
          </reporter-output>
        </test-method> <!-- DS_047_verifyForgotPasswordMandatoryFields -->
        <test-method signature="DS_048_verifyForgotPasswordForWrongEmailId()[pri:3, instance:com.dentscribe.testCases_iOS.TestForgotPassowrdPage@214fba74]" started-at="2023-12-13T16:53:34 IST" name="DS_048_verifyForgotPasswordForWrongEmailId" finished-at="2023-12-13T16:53:39 IST" depends-on-methods="com.dentscribe.testCases_iOS.TestForgotPassowrdPage.DS_046_verityIsForgotPasswordPageExists" duration-ms="4505" status="PASS">
          <reporter-output>
          </reporter-output>
        </test-method> <!-- DS_048_verifyForgotPasswordForWrongEmailId -->
        <test-method signature="DS_049_verifyForgotPasswordForNotExistsEmailId()[pri:4, instance:com.dentscribe.testCases_iOS.TestForgotPassowrdPage@214fba74]" started-at="2023-12-13T16:53:39 IST" name="DS_049_verifyForgotPasswordForNotExistsEmailId" finished-at="2023-12-13T16:53:43 IST" depends-on-methods="com.dentscribe.testCases_iOS.TestForgotPassowrdPage.DS_046_verityIsForgotPasswordPageExists" duration-ms="4473" status="FAIL">
          <exception class="java.lang.AssertionError">
            <message>
              <![CDATA[null]]>
            </message>
            <full-stacktrace>
              <![CDATA[java.lang.AssertionError: null
at org.testng.Assert.fail(Assert.java:99)
at org.testng.Assert.fail(Assert.java:106)
at com.dentscribe.common.CommonMethods.verifyText(CommonMethods.java:304)
at com.dentscribe.pages.ios.ForgotPasswordPage.verifyInvalidUserName(ForgotPasswordPage.java:72)
at com.dentscribe.testCases_iOS.TestForgotPassowrdPage.DS_049_verifyForgotPasswordForNotExistsEmailId(TestForgotPassowrdPage.java:40)
at java.base/jdk.internal.reflect.DirectMethodHandleAccessor.invoke(DirectMethodHandleAccessor.java:104)
at java.base/java.lang.reflect.Method.invoke(Method.java:578)
at org.testng.internal.MethodInvocationHelper.invokeMethod(MethodInvocationHelper.java:133)
at org.testng.internal.TestInvoker.invokeMethod(TestInvoker.java:598)
at org.testng.internal.TestInvoker.invokeTestMethod(TestInvoker.java:173)
at org.testng.internal.MethodRunner.runInSequence(MethodRunner.java:46)
at org.testng.internal.TestInvoker$MethodInvocationAgent.invoke(TestInvoker.java:824)
at org.testng.internal.TestInvoker.invokeTestMethods(TestInvoker.java:146)
at org.testng.internal.TestMethodWorker.invokeTestMethods(TestMethodWorker.java:146)
at org.testng.internal.TestMethodWorker.run(TestMethodWorker.java:128)
at java.base/java.util.ArrayList.forEach(ArrayList.java:1511)
at org.testng.TestRunner.privateRun(TestRunner.java:794)
at org.testng.TestRunner.run(TestRunner.java:596)
at org.testng.SuiteRunner.runTest(SuiteRunner.java:377)
at org.testng.SuiteRunner.runSequentially(SuiteRunner.java:371)
at org.testng.SuiteRunner.privateRun(SuiteRunner.java:332)
at org.testng.SuiteRunner.run(SuiteRunner.java:276)
at org.testng.SuiteRunnerWorker.runSuite(SuiteRunnerWorker.java:53)
at org.testng.SuiteRunnerWorker.run(SuiteRunnerWorker.java:96)
at org.testng.TestNG.runSuitesSequentially(TestNG.java:1212)
at org.testng.TestNG.runSuitesLocally(TestNG.java:1134)
at org.testng.TestNG.runSuites(TestNG.java:1063)
at org.testng.TestNG.run(TestNG.java:1031)
at org.testng.remote.AbstractRemoteTestNG.run(AbstractRemoteTestNG.java:115)
at org.testng.remote.RemoteTestNG.initAndRun(RemoteTestNG.java:251)
at org.testng.remote.RemoteTestNG.main(RemoteTestNG.java:77)
]]>
            </full-stacktrace>
          </exception> <!-- java.lang.AssertionError -->
          <reporter-output>
          </reporter-output>
        </test-method> <!-- DS_049_verifyForgotPasswordForNotExistsEmailId -->
        <test-method signature="DS_050_verifyForgotPasswordForValidEmailId()[pri:5, instance:com.dentscribe.testCases_iOS.TestForgotPassowrdPage@214fba74]" started-at="2023-12-13T16:53:44 IST" name="DS_050_verifyForgotPasswordForValidEmailId" finished-at="2023-12-13T16:53:50 IST" depends-on-methods="com.dentscribe.testCases_iOS.TestForgotPassowrdPage.DS_046_verityIsForgotPasswordPageExists" duration-ms="6873" status="PASS">
          <reporter-output>
          </reporter-output>
        </test-method> <!-- DS_050_verifyForgotPasswordForValidEmailId -->
        <test-method signature="DS_051_verifyForgotPasswordBackIcon()[pri:6, instance:com.dentscribe.testCases_iOS.TestForgotPassowrdPage@214fba74]" started-at="2023-12-13T16:53:50 IST" name="DS_051_verifyForgotPasswordBackIcon" finished-at="2023-12-13T16:53:52 IST" depends-on-methods="com.dentscribe.testCases_iOS.TestForgotPassowrdPage.DS_046_verityIsForgotPasswordPageExists" duration-ms="1142" status="PASS">
          <reporter-output>
          </reporter-output>
        </test-method> <!-- DS_051_verifyForgotPasswordBackIcon -->
      </class> <!-- com.dentscribe.testCases_iOS.TestForgotPassowrdPage -->
      <class name="com.dentscribe.testCases_iOS.TestSoapReportAndPatientProfilePage">
        <test-method is-config="true" signature="configureAppium()[pri:0, instance:com.dentscribe.testCases_iOS.TestSoapReportAndPatientProfilePage@5f7cd50e]" started-at="2023-12-13T16:38:40 IST" name="configureAppium" finished-at="2023-12-13T16:38:47 IST" duration-ms="6587" status="PASS">
          <reporter-output>
          </reporter-output>
        </test-method> <!-- configureAppium -->
        <test-method signature="verifyIsRecordingPageOpenedForExpectedPatient()[pri:1, instance:com.dentscribe.testCases_iOS.TestSoapReportAndPatientProfilePage@5f7cd50e]" started-at="2023-12-13T16:38:47 IST" name="verifyIsRecordingPageOpenedForExpectedPatient" finished-at="2023-12-13T16:40:29 IST" duration-ms="102394" status="PASS">
          <reporter-output>
          </reporter-output>
        </test-method> <!-- verifyIsRecordingPageOpenedForExpectedPatient -->
        <test-method signature="verifyBackIconRecordingPage()[pri:2, instance:com.dentscribe.testCases_iOS.TestSoapReportAndPatientProfilePage@5f7cd50e]" started-at="2023-12-13T16:40:29 IST" name="verifyBackIconRecordingPage" finished-at="2023-12-13T16:40:34 IST" depends-on-methods="com.dentscribe.testCases_iOS.TestSoapReportAndPatientProfilePage.verifyIsRecordingPageOpenedForExpectedPatient" duration-ms="5290" status="PASS">
          <reporter-output>
          </reporter-output>
        </test-method> <!-- verifyBackIconRecordingPage -->
        <test-method signature="verifyIsSoapReportCreated()[pri:3, instance:com.dentscribe.testCases_iOS.TestSoapReportAndPatientProfilePage@5f7cd50e]" started-at="2023-12-13T16:40:34 IST" name="verifyIsSoapReportCreated" finished-at="2023-12-13T16:41:35 IST" depends-on-methods="com.dentscribe.testCases_iOS.TestSoapReportAndPatientProfilePage.verifyBackIconRecordingPage" duration-ms="60708" status="FAIL">
          <exception class="org.openqa.selenium.NoSuchElementException">
            <message>
              <![CDATA[An element could not be located on the page using the given search parameters.
For documentation on this error, please visit: https://www.selenium.dev/documentation/webdriver/troubleshooting/errors#no-such-element-exception
Build info: version: '4.13.0', revision: 'ba948ece5b*'
System info: os.name: 'Mac OS X', os.arch: 'aarch64', os.version: '13.4', java.version: '20.0.2'
Driver info: io.appium.java_client.ios.IOSDriver
Command: [ccc7257f-2b46-4887-adce-9363b722f183, findElement {using=accessibility id, value=Wiley Amber Review-button}]
Capabilities {appium:app: //Users//mcl-0048/Desktop//..., appium:automationName: XCuiTest, appium:databaseEnabled: false, appium:deviceName: iPhone 14 Plus, appium:javascriptEnabled: true, appium:locationContextEnabled: false, appium:networkConnectionEnabled: false, appium:platformVersion: 16.4, appium:takesScreenshot: true, appium:udid: 2A4A9901-84B0-429C-B765-6C1..., appium:webStorageEnabled: false, platformName: IOS}
Session ID: ccc7257f-2b46-4887-adce-9363b722f183]]>
            </message>
            <full-stacktrace>
              <![CDATA[org.openqa.selenium.NoSuchElementException: An element could not be located on the page using the given search parameters.
For documentation on this error, please visit: https://www.selenium.dev/documentation/webdriver/troubleshooting/errors#no-such-element-exception
Build info: version: '4.13.0', revision: 'ba948ece5b*'
System info: os.name: 'Mac OS X', os.arch: 'aarch64', os.version: '13.4', java.version: '20.0.2'
Driver info: io.appium.java_client.ios.IOSDriver
Command: [ccc7257f-2b46-4887-adce-9363b722f183, findElement {using=accessibility id, value=Wiley Amber Review-button}]
Capabilities {appium:app: //Users//mcl-0048/Desktop//..., appium:automationName: XCuiTest, appium:databaseEnabled: false, appium:deviceName: iPhone 14 Plus, appium:javascriptEnabled: true, appium:locationContextEnabled: false, appium:networkConnectionEnabled: false, appium:platformVersion: 16.4, appium:takesScreenshot: true, appium:udid: 2A4A9901-84B0-429C-B765-6C1..., appium:webStorageEnabled: false, platformName: IOS}
Session ID: ccc7257f-2b46-4887-adce-9363b722f183
at java.base/jdk.internal.reflect.DirectConstructorHandleAccessor.newInstance(DirectConstructorHandleAccessor.java:67)
at java.base/java.lang.reflect.Constructor.newInstanceWithCaller(Constructor.java:500)
at java.base/java.lang.reflect.Constructor.newInstance(Constructor.java:484)
at org.openqa.selenium.remote.codec.w3c.W3CHttpResponseCodec.createException(W3CHttpResponseCodec.java:200)
at org.openqa.selenium.remote.codec.w3c.W3CHttpResponseCodec.decode(W3CHttpResponseCodec.java:133)
at org.openqa.selenium.remote.codec.w3c.W3CHttpResponseCodec.decode(W3CHttpResponseCodec.java:52)
at org.openqa.selenium.remote.HttpCommandExecutor.execute(HttpCommandExecutor.java:191)
at io.appium.java_client.remote.AppiumCommandExecutor.execute(AppiumCommandExecutor.java:250)
at org.openqa.selenium.remote.RemoteWebDriver.execute(RemoteWebDriver.java:602)
at org.openqa.selenium.remote.ElementLocation$ElementFinder$2.findElement(ElementLocation.java:165)
at org.openqa.selenium.remote.ElementLocation.findElement(ElementLocation.java:59)
at org.openqa.selenium.remote.RemoteWebDriver.findElement(RemoteWebDriver.java:359)
at org.openqa.selenium.remote.RemoteWebDriver.findElement(RemoteWebDriver.java:353)
at com.dentscribe.common.CommonMethods.scrollDownTillElementVisible(CommonMethods.java:325)
at com.dentscribe.pages.ios.CalendarPage.verifyClickReviewButtonForAppointment(CalendarPage.java:328)
at com.dentscribe.testCases_iOS.TestSoapReportAndPatientProfilePage.verifyIsSoapReportCreated(TestSoapReportAndPatientProfilePage.java:108)
at java.base/jdk.internal.reflect.DirectMethodHandleAccessor.invoke(DirectMethodHandleAccessor.java:104)
at java.base/java.lang.reflect.Method.invoke(Method.java:578)
at org.testng.internal.MethodInvocationHelper.invokeMethod(MethodInvocationHelper.java:133)
at org.testng.internal.TestInvoker.invokeMethod(TestInvoker.java:598)
at org.testng.internal.TestInvoker.invokeTestMethod(TestInvoker.java:173)
at org.testng.internal.MethodRunner.runInSequence(MethodRunner.java:46)
at org.testng.internal.TestInvoker$MethodInvocationAgent.invoke(TestInvoker.java:824)
at org.testng.internal.TestInvoker.invokeTestMethods(TestInvoker.java:146)
at org.testng.internal.TestMethodWorker.invokeTestMethods(TestMethodWorker.java:146)
at org.testng.internal.TestMethodWorker.run(TestMethodWorker.java:128)
at java.base/java.util.ArrayList.forEach(ArrayList.java:1511)
at org.testng.TestRunner.privateRun(TestRunner.java:794)
at org.testng.TestRunner.run(TestRunner.java:596)
at org.testng.SuiteRunner.runTest(SuiteRunner.java:377)
at org.testng.SuiteRunner.runSequentially(SuiteRunner.java:371)
at org.testng.SuiteRunner.privateRun(SuiteRunner.java:332)
at org.testng.SuiteRunner.run(SuiteRunner.java:276)
at org.testng.SuiteRunnerWorker.runSuite(SuiteRunnerWorker.java:53)
at org.testng.SuiteRunnerWorker.run(SuiteRunnerWorker.java:96)
at org.testng.TestNG.runSuitesSequentially(TestNG.java:1212)
at org.testng.TestNG.runSuitesLocally(TestNG.java:1134)
at org.testng.TestNG.runSuites(TestNG.java:1063)
at org.testng.TestNG.run(TestNG.java:1031)
at org.testng.remote.AbstractRemoteTestNG.run(AbstractRemoteTestNG.java:115)
at org.testng.remote.RemoteTestNG.initAndRun(RemoteTestNG.java:251)
at org.testng.remote.RemoteTestNG.main(RemoteTestNG.java:77)
]]>
            </full-stacktrace>
          </exception> <!-- org.openqa.selenium.NoSuchElementException -->
          <reporter-output>
          </reporter-output>
        </test-method> <!-- verifyIsSoapReportCreated -->
        <test-method signature="verifyEditIconSoapReport()[pri:4, instance:com.dentscribe.testCases_iOS.TestSoapReportAndPatientProfilePage@5f7cd50e]" started-at="2023-12-13T16:41:35 IST" name="verifyEditIconSoapReport" finished-at="2023-12-13T16:41:35 IST" depends-on-methods="com.dentscribe.testCases_iOS.TestSoapReportAndPatientProfilePage.verifyIsSoapReportCreated" duration-ms="0" status="SKIP">
          <exception class="java.lang.Throwable">
            <message>
              <![CDATA[Method TestSoapReportAndPatientProfilePage.verifyEditIconSoapReport()[pri:4, instance:com.dentscribe.testCases_iOS.TestSoapReportAndPatientProfilePage@5f7cd50e] depends on not successfully finished methods]]>
            </message>
            <full-stacktrace>
              <![CDATA[java.lang.Throwable: Method TestSoapReportAndPatientProfilePage.verifyEditIconSoapReport()[pri:4, instance:com.dentscribe.testCases_iOS.TestSoapReportAndPatientProfilePage@5f7cd50e] depends on not successfully finished methods
at org.testng.internal.TestInvoker.invokeTestMethods(TestInvoker.java:102)
at org.testng.internal.TestMethodWorker.invokeTestMethods(TestMethodWorker.java:146)
at org.testng.internal.TestMethodWorker.run(TestMethodWorker.java:128)
at java.base/java.util.ArrayList.forEach(ArrayList.java:1511)
at org.testng.TestRunner.privateRun(TestRunner.java:794)
at org.testng.TestRunner.run(TestRunner.java:596)
at org.testng.SuiteRunner.runTest(SuiteRunner.java:377)
at org.testng.SuiteRunner.runSequentially(SuiteRunner.java:371)
at org.testng.SuiteRunner.privateRun(SuiteRunner.java:332)
at org.testng.SuiteRunner.run(SuiteRunner.java:276)
at org.testng.SuiteRunnerWorker.runSuite(SuiteRunnerWorker.java:53)
at org.testng.SuiteRunnerWorker.run(SuiteRunnerWorker.java:96)
at org.testng.TestNG.runSuitesSequentially(TestNG.java:1212)
at org.testng.TestNG.runSuitesLocally(TestNG.java:1134)
at org.testng.TestNG.runSuites(TestNG.java:1063)
at org.testng.TestNG.run(TestNG.java:1031)
at org.testng.remote.AbstractRemoteTestNG.run(AbstractRemoteTestNG.java:115)
at org.testng.remote.RemoteTestNG.initAndRun(RemoteTestNG.java:251)
at org.testng.remote.RemoteTestNG.main(RemoteTestNG.java:77)
]]>
            </full-stacktrace>
          </exception> <!-- java.lang.Throwable -->
          <reporter-output>
          </reporter-output>
        </test-method> <!-- verifyEditIconSoapReport -->
        <test-method signature="verifyEditSoapReportAndAddSignatureDuringEditableReport()[pri:5, instance:com.dentscribe.testCases_iOS.TestSoapReportAndPatientProfilePage@5f7cd50e]" started-at="2023-12-13T16:41:35 IST" name="verifyEditSoapReportAndAddSignatureDuringEditableReport" finished-at="2023-12-13T16:41:35 IST" depends-on-methods="com.dentscribe.testCases_iOS.TestSoapReportAndPatientProfilePage.verifyEditIconSoapReport" duration-ms="0" status="SKIP">
          <exception class="java.lang.Throwable">
            <message>
              <![CDATA[Method TestSoapReportAndPatientProfilePage.verifyEditSoapReportAndAddSignatureDuringEditableReport()[pri:5, instance:com.dentscribe.testCases_iOS.TestSoapReportAndPatientProfilePage@5f7cd50e] depends on not successfully finished methods]]>
            </message>
            <full-stacktrace>
              <![CDATA[java.lang.Throwable: Method TestSoapReportAndPatientProfilePage.verifyEditSoapReportAndAddSignatureDuringEditableReport()[pri:5, instance:com.dentscribe.testCases_iOS.TestSoapReportAndPatientProfilePage@5f7cd50e] depends on not successfully finished methods
at org.testng.internal.TestInvoker.invokeTestMethods(TestInvoker.java:102)
at org.testng.internal.TestMethodWorker.invokeTestMethods(TestMethodWorker.java:146)
at org.testng.internal.TestMethodWorker.run(TestMethodWorker.java:128)
at java.base/java.util.ArrayList.forEach(ArrayList.java:1511)
at org.testng.TestRunner.privateRun(TestRunner.java:794)
at org.testng.TestRunner.run(TestRunner.java:596)
at org.testng.SuiteRunner.runTest(SuiteRunner.java:377)
at org.testng.SuiteRunner.runSequentially(SuiteRunner.java:371)
at org.testng.SuiteRunner.privateRun(SuiteRunner.java:332)
at org.testng.SuiteRunner.run(SuiteRunner.java:276)
at org.testng.SuiteRunnerWorker.runSuite(SuiteRunnerWorker.java:53)
at org.testng.SuiteRunnerWorker.run(SuiteRunnerWorker.java:96)
at org.testng.TestNG.runSuitesSequentially(TestNG.java:1212)
at org.testng.TestNG.runSuitesLocally(TestNG.java:1134)
at org.testng.TestNG.runSuites(TestNG.java:1063)
at org.testng.TestNG.run(TestNG.java:1031)
at org.testng.remote.AbstractRemoteTestNG.run(AbstractRemoteTestNG.java:115)
at org.testng.remote.RemoteTestNG.initAndRun(RemoteTestNG.java:251)
at org.testng.remote.RemoteTestNG.main(RemoteTestNG.java:77)
]]>
            </full-stacktrace>
          </exception> <!-- java.lang.Throwable -->
          <reporter-output>
          </reporter-output>
        </test-method> <!-- verifyEditSoapReportAndAddSignatureDuringEditableReport -->
        <test-method signature="updateUserDetailsAndVerifySame()[pri:6, instance:com.dentscribe.testCases_iOS.TestSoapReportAndPatientProfilePage@5f7cd50e]" started-at="2023-12-13T16:41:35 IST" name="updateUserDetailsAndVerifySame" finished-at="2023-12-13T16:41:35 IST" depends-on-methods="com.dentscribe.testCases_iOS.TestSoapReportAndPatientProfilePage.verifyEditSoapReportAndAddSignatureDuringEditableReport" duration-ms="0" status="SKIP">
          <exception class="java.lang.Throwable">
            <message>
              <![CDATA[Method TestSoapReportAndPatientProfilePage.updateUserDetailsAndVerifySame()[pri:6, instance:com.dentscribe.testCases_iOS.TestSoapReportAndPatientProfilePage@5f7cd50e] depends on not successfully finished methods]]>
            </message>
            <full-stacktrace>
              <![CDATA[java.lang.Throwable: Method TestSoapReportAndPatientProfilePage.updateUserDetailsAndVerifySame()[pri:6, instance:com.dentscribe.testCases_iOS.TestSoapReportAndPatientProfilePage@5f7cd50e] depends on not successfully finished methods
at org.testng.internal.TestInvoker.invokeTestMethods(TestInvoker.java:102)
at org.testng.internal.TestMethodWorker.invokeTestMethods(TestMethodWorker.java:146)
at org.testng.internal.TestMethodWorker.run(TestMethodWorker.java:128)
at java.base/java.util.ArrayList.forEach(ArrayList.java:1511)
at org.testng.TestRunner.privateRun(TestRunner.java:794)
at org.testng.TestRunner.run(TestRunner.java:596)
at org.testng.SuiteRunner.runTest(SuiteRunner.java:377)
at org.testng.SuiteRunner.runSequentially(SuiteRunner.java:371)
at org.testng.SuiteRunner.privateRun(SuiteRunner.java:332)
at org.testng.SuiteRunner.run(SuiteRunner.java:276)
at org.testng.SuiteRunnerWorker.runSuite(SuiteRunnerWorker.java:53)
at org.testng.SuiteRunnerWorker.run(SuiteRunnerWorker.java:96)
at org.testng.TestNG.runSuitesSequentially(TestNG.java:1212)
at org.testng.TestNG.runSuitesLocally(TestNG.java:1134)
at org.testng.TestNG.runSuites(TestNG.java:1063)
at org.testng.TestNG.run(TestNG.java:1031)
at org.testng.remote.AbstractRemoteTestNG.run(AbstractRemoteTestNG.java:115)
at org.testng.remote.RemoteTestNG.initAndRun(RemoteTestNG.java:251)
at org.testng.remote.RemoteTestNG.main(RemoteTestNG.java:77)
]]>
            </full-stacktrace>
          </exception> <!-- java.lang.Throwable -->
          <reporter-output>
          </reporter-output>
        </test-method> <!-- updateUserDetailsAndVerifySame -->
        <test-method signature="verifyBackIconSoapReportAndReviewedButtonForAppointment()[pri:7, instance:com.dentscribe.testCases_iOS.TestSoapReportAndPatientProfilePage@5f7cd50e]" started-at="2023-12-13T16:41:35 IST" name="verifyBackIconSoapReportAndReviewedButtonForAppointment" finished-at="2023-12-13T16:41:35 IST" depends-on-methods="com.dentscribe.testCases_iOS.TestSoapReportAndPatientProfilePage.updateUserDetailsAndVerifySame" duration-ms="0" status="SKIP">
          <exception class="java.lang.Throwable">
            <message>
              <![CDATA[Method TestSoapReportAndPatientProfilePage.verifyBackIconSoapReportAndReviewedButtonForAppointment()[pri:7, instance:com.dentscribe.testCases_iOS.TestSoapReportAndPatientProfilePage@5f7cd50e] depends on not successfully finished methods]]>
            </message>
            <full-stacktrace>
              <![CDATA[java.lang.Throwable: Method TestSoapReportAndPatientProfilePage.verifyBackIconSoapReportAndReviewedButtonForAppointment()[pri:7, instance:com.dentscribe.testCases_iOS.TestSoapReportAndPatientProfilePage@5f7cd50e] depends on not successfully finished methods
at org.testng.internal.TestInvoker.invokeTestMethods(TestInvoker.java:102)
at org.testng.internal.TestMethodWorker.invokeTestMethods(TestMethodWorker.java:146)
at org.testng.internal.TestMethodWorker.run(TestMethodWorker.java:128)
at java.base/java.util.ArrayList.forEach(ArrayList.java:1511)
at org.testng.TestRunner.privateRun(TestRunner.java:794)
at org.testng.TestRunner.run(TestRunner.java:596)
at org.testng.SuiteRunner.runTest(SuiteRunner.java:377)
at org.testng.SuiteRunner.runSequentially(SuiteRunner.java:371)
at org.testng.SuiteRunner.privateRun(SuiteRunner.java:332)
at org.testng.SuiteRunner.run(SuiteRunner.java:276)
at org.testng.SuiteRunnerWorker.runSuite(SuiteRunnerWorker.java:53)
at org.testng.SuiteRunnerWorker.run(SuiteRunnerWorker.java:96)
at org.testng.TestNG.runSuitesSequentially(TestNG.java:1212)
at org.testng.TestNG.runSuitesLocally(TestNG.java:1134)
at org.testng.TestNG.runSuites(TestNG.java:1063)
at org.testng.TestNG.run(TestNG.java:1031)
at org.testng.remote.AbstractRemoteTestNG.run(AbstractRemoteTestNG.java:115)
at org.testng.remote.RemoteTestNG.initAndRun(RemoteTestNG.java:251)
at org.testng.remote.RemoteTestNG.main(RemoteTestNG.java:77)
]]>
            </full-stacktrace>
          </exception> <!-- java.lang.Throwable -->
          <reporter-output>
          </reporter-output>
        </test-method> <!-- verifyBackIconSoapReportAndReviewedButtonForAppointment -->
        <test-method signature="verifyPatientProfilePage()[pri:8, instance:com.dentscribe.testCases_iOS.TestSoapReportAndPatientProfilePage@5f7cd50e]" started-at="2023-12-13T16:41:35 IST" name="verifyPatientProfilePage" finished-at="2023-12-13T16:41:35 IST" depends-on-methods="com.dentscribe.testCases_iOS.TestSoapReportAndPatientProfilePage.verifyBackIconSoapReportAndReviewedButtonForAppointment" duration-ms="0" status="SKIP">
          <exception class="java.lang.Throwable">
            <message>
              <![CDATA[Method TestSoapReportAndPatientProfilePage.verifyPatientProfilePage()[pri:8, instance:com.dentscribe.testCases_iOS.TestSoapReportAndPatientProfilePage@5f7cd50e] depends on not successfully finished methods]]>
            </message>
            <full-stacktrace>
              <![CDATA[java.lang.Throwable: Method TestSoapReportAndPatientProfilePage.verifyPatientProfilePage()[pri:8, instance:com.dentscribe.testCases_iOS.TestSoapReportAndPatientProfilePage@5f7cd50e] depends on not successfully finished methods
at org.testng.internal.TestInvoker.invokeTestMethods(TestInvoker.java:102)
at org.testng.internal.TestMethodWorker.invokeTestMethods(TestMethodWorker.java:146)
at org.testng.internal.TestMethodWorker.run(TestMethodWorker.java:128)
at java.base/java.util.ArrayList.forEach(ArrayList.java:1511)
at org.testng.TestRunner.privateRun(TestRunner.java:794)
at org.testng.TestRunner.run(TestRunner.java:596)
at org.testng.SuiteRunner.runTest(SuiteRunner.java:377)
at org.testng.SuiteRunner.runSequentially(SuiteRunner.java:371)
at org.testng.SuiteRunner.privateRun(SuiteRunner.java:332)
at org.testng.SuiteRunner.run(SuiteRunner.java:276)
at org.testng.SuiteRunnerWorker.runSuite(SuiteRunnerWorker.java:53)
at org.testng.SuiteRunnerWorker.run(SuiteRunnerWorker.java:96)
at org.testng.TestNG.runSuitesSequentially(TestNG.java:1212)
at org.testng.TestNG.runSuitesLocally(TestNG.java:1134)
at org.testng.TestNG.runSuites(TestNG.java:1063)
at org.testng.TestNG.run(TestNG.java:1031)
at org.testng.remote.AbstractRemoteTestNG.run(AbstractRemoteTestNG.java:115)
at org.testng.remote.RemoteTestNG.initAndRun(RemoteTestNG.java:251)
at org.testng.remote.RemoteTestNG.main(RemoteTestNG.java:77)
]]>
            </full-stacktrace>
          </exception> <!-- java.lang.Throwable -->
          <reporter-output>
          </reporter-output>
        </test-method> <!-- verifyPatientProfilePage -->
        <test-method signature="verifyBackIconPatientProfilePage()[pri:9, instance:com.dentscribe.testCases_iOS.TestSoapReportAndPatientProfilePage@5f7cd50e]" started-at="2023-12-13T16:41:35 IST" name="verifyBackIconPatientProfilePage" finished-at="2023-12-13T16:41:35 IST" depends-on-methods="com.dentscribe.testCases_iOS.TestSoapReportAndPatientProfilePage.verifyPatientProfilePage" duration-ms="0" status="SKIP">
          <exception class="java.lang.Throwable">
            <message>
              <![CDATA[Method TestSoapReportAndPatientProfilePage.verifyBackIconPatientProfilePage()[pri:9, instance:com.dentscribe.testCases_iOS.TestSoapReportAndPatientProfilePage@5f7cd50e] depends on not successfully finished methods]]>
            </message>
            <full-stacktrace>
              <![CDATA[java.lang.Throwable: Method TestSoapReportAndPatientProfilePage.verifyBackIconPatientProfilePage()[pri:9, instance:com.dentscribe.testCases_iOS.TestSoapReportAndPatientProfilePage@5f7cd50e] depends on not successfully finished methods
at org.testng.internal.TestInvoker.invokeTestMethods(TestInvoker.java:102)
at org.testng.internal.TestMethodWorker.invokeTestMethods(TestMethodWorker.java:146)
at org.testng.internal.TestMethodWorker.run(TestMethodWorker.java:128)
at java.base/java.util.ArrayList.forEach(ArrayList.java:1511)
at org.testng.TestRunner.privateRun(TestRunner.java:794)
at org.testng.TestRunner.run(TestRunner.java:596)
at org.testng.SuiteRunner.runTest(SuiteRunner.java:377)
at org.testng.SuiteRunner.runSequentially(SuiteRunner.java:371)
at org.testng.SuiteRunner.privateRun(SuiteRunner.java:332)
at org.testng.SuiteRunner.run(SuiteRunner.java:276)
at org.testng.SuiteRunnerWorker.runSuite(SuiteRunnerWorker.java:53)
at org.testng.SuiteRunnerWorker.run(SuiteRunnerWorker.java:96)
at org.testng.TestNG.runSuitesSequentially(TestNG.java:1212)
at org.testng.TestNG.runSuitesLocally(TestNG.java:1134)
at org.testng.TestNG.runSuites(TestNG.java:1063)
at org.testng.TestNG.run(TestNG.java:1031)
at org.testng.remote.AbstractRemoteTestNG.run(AbstractRemoteTestNG.java:115)
at org.testng.remote.RemoteTestNG.initAndRun(RemoteTestNG.java:251)
at org.testng.remote.RemoteTestNG.main(RemoteTestNG.java:77)
]]>
            </full-stacktrace>
          </exception> <!-- java.lang.Throwable -->
          <reporter-output>
          </reporter-output>
        </test-method> <!-- verifyBackIconPatientProfilePage -->
      </class> <!-- com.dentscribe.testCases_iOS.TestSoapReportAndPatientProfilePage -->
      <class name="com.dentscribe.testCases_iOS.TestSignUpPage">
        <test-method is-config="true" signature="configureAppium()[pri:0, instance:com.dentscribe.testCases_iOS.TestSignUpPage@47f0f414]" started-at="2023-12-13T16:44:00 IST" name="configureAppium" finished-at="2023-12-13T16:44:06 IST" duration-ms="6459" status="PASS">
          <reporter-output>
          </reporter-output>
        </test-method> <!-- configureAppium -->
        <test-method signature="DS_016_verifyIsSignupPageExists()[pri:1, instance:com.dentscribe.testCases_iOS.TestSignUpPage@47f0f414]" started-at="2023-12-13T16:44:06 IST" name="DS_016_verifyIsSignupPageExists" finished-at="2023-12-13T16:44:07 IST" duration-ms="1203" status="PASS">
          <reporter-output>
          </reporter-output>
        </test-method> <!-- DS_016_verifyIsSignupPageExists -->
        <test-method signature="DS_017_verifySignupWithoutMandatoryFields()[pri:2, instance:com.dentscribe.testCases_iOS.TestSignUpPage@47f0f414]" started-at="2023-12-13T16:44:07 IST" name="DS_017_verifySignupWithoutMandatoryFields" finished-at="2023-12-13T16:44:26 IST" depends-on-methods="com.dentscribe.testCases_iOS.TestSignUpPage.DS_016_verifyIsSignupPageExists" duration-ms="18741" status="PASS">
          <reporter-output>
          </reporter-output>
        </test-method> <!-- DS_017_verifySignupWithoutMandatoryFields -->
        <test-method signature="DS_018_verifySignupPageForInvalidEmail()[pri:3, instance:com.dentscribe.testCases_iOS.TestSignUpPage@47f0f414]" started-at="2023-12-13T16:44:26 IST" name="DS_018_verifySignupPageForInvalidEmail" finished-at="2023-12-13T16:44:36 IST" depends-on-methods="com.dentscribe.testCases_iOS.TestSignUpPage.DS_016_verifyIsSignupPageExists" duration-ms="9392" status="PASS">
          <reporter-output>
          </reporter-output>
        </test-method> <!-- DS_018_verifySignupPageForInvalidEmail -->
        <test-method signature="DS_019_verifySignupPageForWeakPassword()[pri:4, instance:com.dentscribe.testCases_iOS.TestSignUpPage@47f0f414]" started-at="2023-12-13T16:44:36 IST" name="DS_019_verifySignupPageForWeakPassword" finished-at="2023-12-13T16:44:44 IST" depends-on-methods="com.dentscribe.testCases_iOS.TestSignUpPage.DS_016_verifyIsSignupPageExists" duration-ms="8096" status="PASS">
          <reporter-output>
          </reporter-output>
        </test-method> <!-- DS_019_verifySignupPageForWeakPassword -->
        <test-method signature="DS_020_verifySignupPageForConfirPassowrd()[pri:5, instance:com.dentscribe.testCases_iOS.TestSignUpPage@47f0f414]" started-at="2023-12-13T16:44:44 IST" name="DS_020_verifySignupPageForConfirPassowrd" finished-at="2023-12-13T16:44:57 IST" depends-on-methods="com.dentscribe.testCases_iOS.TestSignUpPage.DS_016_verifyIsSignupPageExists" duration-ms="12909" status="PASS">
          <reporter-output>
          </reporter-output>
        </test-method> <!-- DS_020_verifySignupPageForConfirPassowrd -->
        <test-method signature="DS_021_verifyExistingAndDuplicateEmailId()[pri:6, instance:com.dentscribe.testCases_iOS.TestSignUpPage@47f0f414]" started-at="2023-12-13T16:44:57 IST" name="DS_021_verifyExistingAndDuplicateEmailId" finished-at="2023-12-13T16:45:44 IST" depends-on-methods="com.dentscribe.testCases_iOS.TestSignUpPage.DS_016_verifyIsSignupPageExists" duration-ms="47554" status="PASS">
          <reporter-output>
          </reporter-output>
        </test-method> <!-- DS_021_verifyExistingAndDuplicateEmailId -->
        <test-method signature="DS_022_verifySignupWithOnlyMandatoryFields()[pri:7, instance:com.dentscribe.testCases_iOS.TestSignUpPage@47f0f414]" started-at="2023-12-13T16:45:44 IST" name="DS_022_verifySignupWithOnlyMandatoryFields" finished-at="2023-12-13T16:45:54 IST" depends-on-methods="com.dentscribe.testCases_iOS.TestSignUpPage.DS_016_verifyIsSignupPageExists" duration-ms="10016" status="PASS">
          <reporter-output>
          </reporter-output>
        </test-method> <!-- DS_022_verifySignupWithOnlyMandatoryFields -->
        <test-method signature="DS_023_verifySignupConfirmationPopupButtons()[pri:8, instance:com.dentscribe.testCases_iOS.TestSignUpPage@47f0f414]" started-at="2023-12-13T16:45:54 IST" name="DS_023_verifySignupConfirmationPopupButtons" finished-at="2023-12-13T16:46:00 IST" depends-on-methods="com.dentscribe.testCases_iOS.TestSignUpPage.DS_016_verifyIsSignupPageExists" duration-ms="5695" status="PASS">
          <reporter-output>
          </reporter-output>
        </test-method> <!-- DS_023_verifySignupConfirmationPopupButtons -->
      </class> <!-- com.dentscribe.testCases_iOS.TestSignUpPage -->
      <class name="com.dentscribe.testCases_iOS.TestSmsVerificationPageAfterLogin">
        <test-method is-config="true" signature="configureAppium()[pri:0, instance:com.dentscribe.testCases_iOS.TestSmsVerificationPageAfterLogin@d76099a]" started-at="2023-12-13T16:42:34 IST" name="configureAppium" finished-at="2023-12-13T16:42:40 IST" duration-ms="6399" status="PASS">
          <reporter-output>
          </reporter-output>
        </test-method> <!-- configureAppium -->
        <test-method signature="DS_010_verifyIsSmsVerificationPageExistsAfterLogin()[pri:1, instance:com.dentscribe.testCases_iOS.TestSmsVerificationPageAfterLogin@d76099a]" started-at="2023-12-13T16:42:40 IST" name="DS_010_verifyIsSmsVerificationPageExistsAfterLogin" finished-at="2023-12-13T16:42:53 IST" duration-ms="12292" status="PASS">
          <reporter-output>
          </reporter-output>
        </test-method> <!-- DS_010_verifyIsSmsVerificationPageExistsAfterLogin -->
        <test-method signature="DS_011_verifySmsVerificationWithBlankOtp()[pri:2, instance:com.dentscribe.testCases_iOS.TestSmsVerificationPageAfterLogin@d76099a]" started-at="2023-12-13T16:42:53 IST" name="DS_011_verifySmsVerificationWithBlankOtp" finished-at="2023-12-13T16:42:54 IST" depends-on-methods="com.dentscribe.testCases_iOS.TestSmsVerificationPageAfterLogin.DS_010_verifyIsSmsVerificationPageExistsAfterLogin" duration-ms="1224" status="PASS">
          <reporter-output>
          </reporter-output>
        </test-method> <!-- DS_011_verifySmsVerificationWithBlankOtp -->
        <test-method signature="DS_012_verifySmsVerificationWithWrongOtp()[pri:3, instance:com.dentscribe.testCases_iOS.TestSmsVerificationPageAfterLogin@d76099a]" started-at="2023-12-13T16:42:54 IST" name="DS_012_verifySmsVerificationWithWrongOtp" finished-at="2023-12-13T16:43:07 IST" depends-on-methods="com.dentscribe.testCases_iOS.TestSmsVerificationPageAfterLogin.DS_011_verifySmsVerificationWithBlankOtp" duration-ms="13661" status="PASS">
          <reporter-output>
          </reporter-output>
        </test-method> <!-- DS_012_verifySmsVerificationWithWrongOtp -->
        <test-method signature="DS_013_verifySmsVerificationResendCodeLink()[pri:4, instance:com.dentscribe.testCases_iOS.TestSmsVerificationPageAfterLogin@d76099a]" started-at="2023-12-13T16:43:07 IST" name="DS_013_verifySmsVerificationResendCodeLink" finished-at="2023-12-13T16:43:30 IST" depends-on-methods="com.dentscribe.testCases_iOS.TestSmsVerificationPageAfterLogin.DS_012_verifySmsVerificationWithWrongOtp" duration-ms="22244" status="PASS">
          <reporter-output>
          </reporter-output>
        </test-method> <!-- DS_013_verifySmsVerificationResendCodeLink -->
        <test-method signature="DS_014_verifyWhetherSmsVerificationPageBackIconRedirectToLoginPage()[pri:5, instance:com.dentscribe.testCases_iOS.TestSmsVerificationPageAfterLogin@d76099a]" started-at="2023-12-13T16:43:30 IST" name="DS_014_verifyWhetherSmsVerificationPageBackIconRedirectToLoginPage" finished-at="2023-12-13T16:43:31 IST" duration-ms="1236" status="PASS">
          <reporter-output>
          </reporter-output>
        </test-method> <!-- DS_014_verifyWhetherSmsVerificationPageBackIconRedirectToLoginPage -->
        <test-method signature="DS_015_verifySmsVerificationWithValidOtp()[pri:6, instance:com.dentscribe.testCases_iOS.TestSmsVerificationPageAfterLogin@d76099a]" started-at="2023-12-13T16:43:31 IST" name="DS_015_verifySmsVerificationWithValidOtp" finished-at="2023-12-13T16:44:00 IST" depends-on-methods="com.dentscribe.testCases_iOS.TestSmsVerificationPageAfterLogin.DS_014_verifyWhetherSmsVerificationPageBackIconRedirectToLoginPage" duration-ms="28715" status="PASS">
          <reporter-output>
          </reporter-output>
        </test-method> <!-- DS_015_verifySmsVerificationWithValidOtp -->
      </class> <!-- com.dentscribe.testCases_iOS.TestSmsVerificationPageAfterLogin -->
      <class name="com.dentscribe.testCases_iOS.TestPatientSearchPage">
        <test-method is-config="true" signature="configureAppium()[pri:0, instance:com.dentscribe.testCases_iOS.TestPatientSearchPage@277bc3a5]" started-at="2023-12-13T16:50:40 IST" name="configureAppium" finished-at="2023-12-13T16:50:46 IST" duration-ms="6210" status="PASS">
          <reporter-output>
          </reporter-output>
        </test-method> <!-- configureAppium -->
        <test-method signature="DS_039_verifySkipLinkTourPages()[pri:1, instance:com.dentscribe.testCases_iOS.TestPatientSearchPage@277bc3a5]" started-at="2023-12-13T16:50:46 IST" name="DS_039_verifySkipLinkTourPages" finished-at="2023-12-13T16:51:15 IST" duration-ms="29357" status="PASS">
          <reporter-output>
          </reporter-output>
        </test-method> <!-- DS_039_verifySkipLinkTourPages -->
        <test-method signature="DS_040_verifyIsPatientSearchPageExists()[pri:2, instance:com.dentscribe.testCases_iOS.TestPatientSearchPage@277bc3a5]" started-at="2023-12-13T16:51:15 IST" name="DS_040_verifyIsPatientSearchPageExists" finished-at="2023-12-13T16:51:32 IST" depends-on-methods="com.dentscribe.testCases_iOS.TestPatientSearchPage.DS_039_verifySkipLinkTourPages" duration-ms="16246" status="PASS">
          <reporter-output>
          </reporter-output>
        </test-method> <!-- DS_040_verifyIsPatientSearchPageExists -->
        <test-method signature="DS_041_verifyPatientSearchByInvalidData()[pri:3, instance:com.dentscribe.testCases_iOS.TestPatientSearchPage@277bc3a5]" started-at="2023-12-13T16:51:32 IST" name="DS_041_verifyPatientSearchByInvalidData" finished-at="2023-12-13T16:51:51 IST" depends-on-methods="com.dentscribe.testCases_iOS.TestPatientSearchPage.DS_040_verifyIsPatientSearchPageExists" duration-ms="19689" status="PASS">
          <reporter-output>
          </reporter-output>
        </test-method> <!-- DS_041_verifyPatientSearchByInvalidData -->
        <test-method signature="DS_042_verifyPatientSearchByPatientName()[pri:4, instance:com.dentscribe.testCases_iOS.TestPatientSearchPage@277bc3a5]" started-at="2023-12-13T16:51:51 IST" name="DS_042_verifyPatientSearchByPatientName" finished-at="2023-12-13T16:52:19 IST" depends-on-methods="com.dentscribe.testCases_iOS.TestPatientSearchPage.DS_040_verifyIsPatientSearchPageExists" duration-ms="27294" status="PASS">
          <reporter-output>
          </reporter-output>
        </test-method> <!-- DS_042_verifyPatientSearchByPatientName -->
        <test-method signature="DS_043_verifyPatientSearchByPatientPhoneNumber()[pri:5, instance:com.dentscribe.testCases_iOS.TestPatientSearchPage@277bc3a5]" started-at="2023-12-13T16:52:19 IST" name="DS_043_verifyPatientSearchByPatientPhoneNumber" finished-at="2023-12-13T16:52:46 IST" depends-on-methods="com.dentscribe.testCases_iOS.TestPatientSearchPage.DS_040_verifyIsPatientSearchPageExists" duration-ms="27327" status="PASS">
          <reporter-output>
          </reporter-output>
        </test-method> <!-- DS_043_verifyPatientSearchByPatientPhoneNumber -->
        <test-method signature="DS_044_verifyPatientSearchByPatientDOB()[pri:6, instance:com.dentscribe.testCases_iOS.TestPatientSearchPage@277bc3a5]" started-at="2023-12-13T16:52:46 IST" name="DS_044_verifyPatientSearchByPatientDOB" finished-at="2023-12-13T16:53:03 IST" depends-on-methods="com.dentscribe.testCases_iOS.TestPatientSearchPage.DS_040_verifyIsPatientSearchPageExists" duration-ms="17318" status="FAIL">
          <exception class="java.lang.AssertionError">
            <message>
              <![CDATA[expected [true] but found [false]]]>
            </message>
            <full-stacktrace>
              <![CDATA[java.lang.AssertionError: expected [true] but found [false]
at org.testng.Assert.fail(Assert.java:99)
at org.testng.Assert.failNotEquals(Assert.java:1037)
at org.testng.Assert.assertTrue(Assert.java:45)
at org.testng.Assert.assertTrue(Assert.java:55)
at com.dentscribe.testCases_iOS.TestPatientSearchPage.DS_044_verifyPatientSearchByPatientDOB(TestPatientSearchPage.java:83)
at java.base/jdk.internal.reflect.DirectMethodHandleAccessor.invoke(DirectMethodHandleAccessor.java:104)
at java.base/java.lang.reflect.Method.invoke(Method.java:578)
at org.testng.internal.MethodInvocationHelper.invokeMethod(MethodInvocationHelper.java:133)
at org.testng.internal.TestInvoker.invokeMethod(TestInvoker.java:598)
at org.testng.internal.TestInvoker.invokeTestMethod(TestInvoker.java:173)
at org.testng.internal.MethodRunner.runInSequence(MethodRunner.java:46)
at org.testng.internal.TestInvoker$MethodInvocationAgent.invoke(TestInvoker.java:824)
at org.testng.internal.TestInvoker.invokeTestMethods(TestInvoker.java:146)
at org.testng.internal.TestMethodWorker.invokeTestMethods(TestMethodWorker.java:146)
at org.testng.internal.TestMethodWorker.run(TestMethodWorker.java:128)
at java.base/java.util.ArrayList.forEach(ArrayList.java:1511)
at org.testng.TestRunner.privateRun(TestRunner.java:794)
at org.testng.TestRunner.run(TestRunner.java:596)
at org.testng.SuiteRunner.runTest(SuiteRunner.java:377)
at org.testng.SuiteRunner.runSequentially(SuiteRunner.java:371)
at org.testng.SuiteRunner.privateRun(SuiteRunner.java:332)
at org.testng.SuiteRunner.run(SuiteRunner.java:276)
at org.testng.SuiteRunnerWorker.runSuite(SuiteRunnerWorker.java:53)
at org.testng.SuiteRunnerWorker.run(SuiteRunnerWorker.java:96)
at org.testng.TestNG.runSuitesSequentially(TestNG.java:1212)
at org.testng.TestNG.runSuitesLocally(TestNG.java:1134)
at org.testng.TestNG.runSuites(TestNG.java:1063)
at org.testng.TestNG.run(TestNG.java:1031)
at org.testng.remote.AbstractRemoteTestNG.run(AbstractRemoteTestNG.java:115)
at org.testng.remote.RemoteTestNG.initAndRun(RemoteTestNG.java:251)
at org.testng.remote.RemoteTestNG.main(RemoteTestNG.java:77)
]]>
            </full-stacktrace>
          </exception> <!-- java.lang.AssertionError -->
          <reporter-output>
          </reporter-output>
        </test-method> <!-- DS_044_verifyPatientSearchByPatientDOB -->
        <test-method signature="DS_045_verifyPatientSearchByPatientInsurance()[pri:7, instance:com.dentscribe.testCases_iOS.TestPatientSearchPage@277bc3a5]" started-at="2023-12-13T16:53:03 IST" name="DS_045_verifyPatientSearchByPatientInsurance" finished-at="2023-12-13T16:53:25 IST" depends-on-methods="com.dentscribe.testCases_iOS.TestPatientSearchPage.DS_040_verifyIsPatientSearchPageExists" duration-ms="21446" status="PASS">
          <reporter-output>
          </reporter-output>
        </test-method> <!-- DS_045_verifyPatientSearchByPatientInsurance -->
      </class> <!-- com.dentscribe.testCases_iOS.TestPatientSearchPage -->
      <class name="com.dentscribe.testCases_iOS.TestSettingsPage">
        <test-method is-config="true" signature="configureAppium()[pri:0, instance:com.dentscribe.testCases_iOS.TestSettingsPage@252c6cdb]" started-at="2023-12-13T16:53:52 IST" name="configureAppium" finished-at="2023-12-13T16:53:58 IST" duration-ms="6284" status="PASS">
          <reporter-output>
          </reporter-output>
        </test-method> <!-- configureAppium -->
        <test-method signature="verifyIsSettingsPageExists()[pri:1, instance:com.dentscribe.testCases_iOS.TestSettingsPage@252c6cdb]" started-at="2023-12-13T16:53:58 IST" name="verifyIsSettingsPageExists" finished-at="2023-12-13T16:54:36 IST" duration-ms="37694" status="PASS">
          <reporter-output>
          </reporter-output>
        </test-method> <!-- verifyIsSettingsPageExists -->
        <test-method signature="verifyBackIconSettingsPage()[pri:2, instance:com.dentscribe.testCases_iOS.TestSettingsPage@252c6cdb]" started-at="2023-12-13T16:54:36 IST" name="verifyBackIconSettingsPage" finished-at="2023-12-13T16:54:56 IST" depends-on-methods="com.dentscribe.testCases_iOS.TestSettingsPage.verifyIsSettingsPageExists" duration-ms="20950" status="PASS">
          <reporter-output>
          </reporter-output>
        </test-method> <!-- verifyBackIconSettingsPage -->
        <test-method signature="verifyHelpOptionsSettingsPage()[pri:3, instance:com.dentscribe.testCases_iOS.TestSettingsPage@252c6cdb]" started-at="2023-12-13T16:54:56 IST" name="verifyHelpOptionsSettingsPage" finished-at="2023-12-13T16:55:01 IST" depends-on-methods="com.dentscribe.testCases_iOS.TestSettingsPage.verifyBackIconSettingsPage" duration-ms="4769" status="PASS">
          <reporter-output>
          </reporter-output>
        </test-method> <!-- verifyHelpOptionsSettingsPage -->
        <test-method signature="verifyPushNotificationsSwitch()[pri:4, instance:com.dentscribe.testCases_iOS.TestSettingsPage@252c6cdb]" started-at="2023-12-13T16:55:01 IST" name="verifyPushNotificationsSwitch" finished-at="2023-12-13T16:55:07 IST" depends-on-methods="com.dentscribe.testCases_iOS.TestSettingsPage.verifyHelpOptionsSettingsPage" duration-ms="5573" status="PASS">
          <reporter-output>
          </reporter-output>
        </test-method> <!-- verifyPushNotificationsSwitch -->
        <test-method signature="verifySmsNotificationsSwitch()[pri:5, instance:com.dentscribe.testCases_iOS.TestSettingsPage@252c6cdb]" started-at="2023-12-13T16:55:07 IST" name="verifySmsNotificationsSwitch" finished-at="2023-12-13T16:55:09 IST" duration-ms="2399" status="PASS">
          <reporter-output>
          </reporter-output>
        </test-method> <!-- verifySmsNotificationsSwitch -->
        <test-method signature="verifyEmailNotificationsSwitch()[pri:6, instance:com.dentscribe.testCases_iOS.TestSettingsPage@252c6cdb]" started-at="2023-12-13T16:55:09 IST" name="verifyEmailNotificationsSwitch" finished-at="2023-12-13T16:55:15 IST" duration-ms="5573" status="PASS">
          <reporter-output>
          </reporter-output>
        </test-method> <!-- verifyEmailNotificationsSwitch -->
        <test-method signature="verifyAccountInfoUpdate()[pri:7, instance:com.dentscribe.testCases_iOS.TestSettingsPage@252c6cdb]" started-at="2023-12-13T16:55:15 IST" name="verifyAccountInfoUpdate" finished-at="2023-12-13T16:55:38 IST" duration-ms="23451" status="PASS">
          <reporter-output>
          </reporter-output>
        </test-method> <!-- verifyAccountInfoUpdate -->
        <test-method signature="verifyPracticeUpdate()[pri:8, instance:com.dentscribe.testCases_iOS.TestSettingsPage@252c6cdb]" started-at="2023-12-13T16:55:38 IST" name="verifyPracticeUpdate" finished-at="2023-12-13T16:56:06 IST" duration-ms="27355" status="PASS">
          <reporter-output>
          </reporter-output>
        </test-method> <!-- verifyPracticeUpdate -->
        <test-method signature="verifyLogout()[pri:9, instance:com.dentscribe.testCases_iOS.TestSettingsPage@252c6cdb]" started-at="2023-12-13T16:56:06 IST" name="verifyLogout" finished-at="2023-12-13T16:56:16 IST" duration-ms="10863" status="PASS">
          <reporter-output>
          </reporter-output>
        </test-method> <!-- verifyLogout -->
      </class> <!-- com.dentscribe.testCases_iOS.TestSettingsPage -->
      <class name="com.dentscribe.testCases_iOS.TestCreateUserBuyPaidPlanAndCancelPaidPlan">
        <test-method is-config="true" signature="configureAppium()[pri:0, instance:com.dentscribe.testCases_iOS.TestCreateUserBuyPaidPlanAndCancelPaidPlan@5b7ee56c]" started-at="2023-12-13T16:20:57 IST" name="configureAppium" finished-at="2023-12-13T16:21:08 IST" duration-ms="10874" status="PASS">
          <reporter-output>
          </reporter-output>
        </test-method> <!-- configureAppium -->
        <test-method signature="verifySignupNewUser()[pri:1, instance:com.dentscribe.testCases_iOS.TestCreateUserBuyPaidPlanAndCancelPaidPlan@5b7ee56c]" started-at="2023-12-13T16:21:08 IST" name="verifySignupNewUser" finished-at="2023-12-13T16:22:17 IST" duration-ms="68766" status="PASS">
          <reporter-output>
          </reporter-output>
        </test-method> <!-- verifySignupNewUser -->
        <test-method signature="verifyCreatePracticeInfo()[pri:2, instance:com.dentscribe.testCases_iOS.TestCreateUserBuyPaidPlanAndCancelPaidPlan@5b7ee56c]" started-at="2023-12-13T16:22:17 IST" name="verifyCreatePracticeInfo" finished-at="2023-12-13T16:22:59 IST" depends-on-methods="com.dentscribe.testCases_iOS.TestCreateUserBuyPaidPlanAndCancelPaidPlan.verifySignupNewUser" duration-ms="41740" status="PASS">
          <reporter-output>
          </reporter-output>
        </test-method> <!-- verifyCreatePracticeInfo -->
        <test-method signature="verifySikkaWebViewRegistration()[pri:3, instance:com.dentscribe.testCases_iOS.TestCreateUserBuyPaidPlanAndCancelPaidPlan@5b7ee56c]" started-at="2023-12-13T16:22:59 IST" name="verifySikkaWebViewRegistration" finished-at="2023-12-13T16:26:05 IST" depends-on-methods="com.dentscribe.testCases_iOS.TestCreateUserBuyPaidPlanAndCancelPaidPlan.verifyCreatePracticeInfo" duration-ms="186046" status="PASS">
          <reporter-output>
          </reporter-output>
        </test-method> <!-- verifySikkaWebViewRegistration -->
        <test-method signature="verifySpuInstallPopupAndRefreshData()[pri:4, instance:com.dentscribe.testCases_iOS.TestCreateUserBuyPaidPlanAndCancelPaidPlan@5b7ee56c]" started-at="2023-12-13T16:26:05 IST" name="verifySpuInstallPopupAndRefreshData" finished-at="2023-12-13T16:26:17 IST" depends-on-methods="com.dentscribe.testCases_iOS.TestCreateUserBuyPaidPlanAndCancelPaidPlan.verifySikkaWebViewRegistration" duration-ms="12103" status="PASS">
          <reporter-output>
          </reporter-output>
        </test-method> <!-- verifySpuInstallPopupAndRefreshData -->
        <test-method signature="verifyEulaAgreementAndAcceptIt()[pri:5, instance:com.dentscribe.testCases_iOS.TestCreateUserBuyPaidPlanAndCancelPaidPlan@5b7ee56c]" started-at="2023-12-13T16:26:17 IST" name="verifyEulaAgreementAndAcceptIt" finished-at="2023-12-13T16:26:49 IST" depends-on-methods="com.dentscribe.testCases_iOS.TestCreateUserBuyPaidPlanAndCancelPaidPlan.verifySpuInstallPopupAndRefreshData" duration-ms="32507" status="PASS">
          <reporter-output>
          </reporter-output>
        </test-method> <!-- verifyEulaAgreementAndAcceptIt -->
        <test-method signature="verifyCanUserBuyPaidPlan()[pri:6, instance:com.dentscribe.testCases_iOS.TestCreateUserBuyPaidPlanAndCancelPaidPlan@5b7ee56c]" started-at="2023-12-13T16:26:49 IST" name="verifyCanUserBuyPaidPlan" finished-at="2023-12-13T16:27:37 IST" depends-on-methods="com.dentscribe.testCases_iOS.TestCreateUserBuyPaidPlanAndCancelPaidPlan.verifyEulaAgreementAndAcceptIt" duration-ms="47864" status="PASS">
          <reporter-output>
          </reporter-output>
        </test-method> <!-- verifyCanUserBuyPaidPlan -->
        <test-method signature="verifyCancelSubscriptionPopup()[pri:7, instance:com.dentscribe.testCases_iOS.TestCreateUserBuyPaidPlanAndCancelPaidPlan@5b7ee56c]" started-at="2023-12-13T16:27:37 IST" name="verifyCancelSubscriptionPopup" finished-at="2023-12-13T16:27:48 IST" depends-on-methods="com.dentscribe.testCases_iOS.TestCreateUserBuyPaidPlanAndCancelPaidPlan.verifyCanUserBuyPaidPlan" duration-ms="10610" status="PASS">
          <reporter-output>
          </reporter-output>
        </test-method> <!-- verifyCancelSubscriptionPopup -->
        <test-method signature="verifyCanUserCancelSubcription()[pri:8, instance:com.dentscribe.testCases_iOS.TestCreateUserBuyPaidPlanAndCancelPaidPlan@5b7ee56c]" started-at="2023-12-13T16:27:48 IST" name="verifyCanUserCancelSubcription" finished-at="2023-12-13T16:27:59 IST" depends-on-methods="com.dentscribe.testCases_iOS.TestCreateUserBuyPaidPlanAndCancelPaidPlan.verifyCancelSubscriptionPopup" duration-ms="11276" status="PASS">
          <reporter-output>
          </reporter-output>
        </test-method> <!-- verifyCanUserCancelSubcription -->
        <test-method signature="verifyCanUserUpdatePaymentMethod()[pri:9, instance:com.dentscribe.testCases_iOS.TestCreateUserBuyPaidPlanAndCancelPaidPlan@5b7ee56c]" started-at="2023-12-13T16:27:59 IST" name="verifyCanUserUpdatePaymentMethod" finished-at="2023-12-13T16:29:18 IST" depends-on-methods="com.dentscribe.testCases_iOS.TestCreateUserBuyPaidPlanAndCancelPaidPlan.verifyCanUserCancelSubcription" duration-ms="78917" status="PASS">
          <reporter-output>
          </reporter-output>
        </test-method> <!-- verifyCanUserUpdatePaymentMethod -->
        <test-method signature="verifyCanUserBuyPlanAgain()[pri:10, instance:com.dentscribe.testCases_iOS.TestCreateUserBuyPaidPlanAndCancelPaidPlan@5b7ee56c]" started-at="2023-12-13T16:29:18 IST" name="verifyCanUserBuyPlanAgain" finished-at="2023-12-13T16:29:25 IST" depends-on-methods="com.dentscribe.testCases_iOS.TestCreateUserBuyPaidPlanAndCancelPaidPlan.verifyCanUserUpdatePaymentMethod" duration-ms="6689" status="PASS">
          <reporter-output>
          </reporter-output>
        </test-method> <!-- verifyCanUserBuyPlanAgain -->
      </class> <!-- com.dentscribe.testCases_iOS.TestCreateUserBuyPaidPlanAndCancelPaidPlan -->
      <class name="com.dentscribe.testCases_iOS.TestSignupAndLoginWithoutRegisterPractice">
        <test-method is-config="true" signature="configureAppium()[pri:0, instance:com.dentscribe.testCases_iOS.TestSignupAndLoginWithoutRegisterPractice@750e2d33]" started-at="2023-12-13T16:47:54 IST" name="configureAppium" finished-at="2023-12-13T16:48:02 IST" duration-ms="7429" status="PASS">
          <reporter-output>
          </reporter-output>
        </test-method> <!-- configureAppium -->
        <test-method signature="DS_028_verifySignupWithNonSupportedPMS()[pri:1, instance:com.dentscribe.testCases_iOS.TestSignupAndLoginWithoutRegisterPractice@750e2d33]" started-at="2023-12-13T16:48:02 IST" name="DS_028_verifySignupWithNonSupportedPMS" finished-at="2023-12-13T16:48:50 IST" duration-ms="48370" status="PASS">
          <reporter-output>
          </reporter-output>
        </test-method> <!-- DS_028_verifySignupWithNonSupportedPMS -->
        <test-method signature="DS_029_verifySignupWithSupportedPMS()[pri:2, instance:com.dentscribe.testCases_iOS.TestSignupAndLoginWithoutRegisterPractice@750e2d33]" started-at="2023-12-13T16:48:50 IST" name="DS_029_verifySignupWithSupportedPMS" finished-at="2023-12-13T16:48:53 IST" duration-ms="3124" status="PASS">
          <reporter-output>
          </reporter-output>
        </test-method> <!-- DS_029_verifySignupWithSupportedPMS -->
        <test-method signature="DS_030_verifyWishToContinuePopupBackButton()[pri:3, instance:com.dentscribe.testCases_iOS.TestSignupAndLoginWithoutRegisterPractice@750e2d33]" started-at="2023-12-13T16:48:53 IST" name="DS_030_verifyWishToContinuePopupBackButton" finished-at="2023-12-13T16:48:55 IST" duration-ms="1898" status="PASS">
          <reporter-output>
          </reporter-output>
        </test-method> <!-- DS_030_verifyWishToContinuePopupBackButton -->
        <test-method signature="DS_031_verifyPracticeInfoMandatoryFields()[pri:4, instance:com.dentscribe.testCases_iOS.TestSignupAndLoginWithoutRegisterPractice@750e2d33]" started-at="2023-12-13T16:48:55 IST" name="DS_031_verifyPracticeInfoMandatoryFields" finished-at="2023-12-13T16:49:24 IST" duration-ms="29189" status="PASS">
          <reporter-output>
          </reporter-output>
        </test-method> <!-- DS_031_verifyPracticeInfoMandatoryFields -->
        <test-method signature="DS_032_verifyLoginWithoutRegisterPractice()[pri:5, instance:com.dentscribe.testCases_iOS.TestSignupAndLoginWithoutRegisterPractice@750e2d33]" started-at="2023-12-13T16:49:24 IST" name="DS_032_verifyLoginWithoutRegisterPractice" finished-at="2023-12-13T16:49:35 IST" duration-ms="10502" status="PASS">
          <reporter-output>
          </reporter-output>
        </test-method> <!-- DS_032_verifyLoginWithoutRegisterPractice -->
      </class> <!-- com.dentscribe.testCases_iOS.TestSignupAndLoginWithoutRegisterPractice -->
      <class name="com.dentscribe.testCases_iOS.TestCreateUserTakeFreePlanAndBuyPaidPlan">
        <test-method is-config="true" signature="configureAppium()[pri:0, instance:com.dentscribe.testCases_iOS.TestCreateUserTakeFreePlanAndBuyPaidPlan@1d3a03fe]" started-at="2023-12-13T16:29:25 IST" name="configureAppium" finished-at="2023-12-13T16:29:31 IST" duration-ms="6610" status="PASS">
          <reporter-output>
          </reporter-output>
        </test-method> <!-- configureAppium -->
        <test-method signature="createNewUserAndGoToManageSubscriptionPage()[pri:1, instance:com.dentscribe.testCases_iOS.TestCreateUserTakeFreePlanAndBuyPaidPlan@1d3a03fe]" started-at="2023-12-13T16:29:31 IST" name="createNewUserAndGoToManageSubscriptionPage" finished-at="2023-12-13T16:35:19 IST" duration-ms="347523" status="PASS">
          <reporter-output>
          </reporter-output>
        </test-method> <!-- createNewUserAndGoToManageSubscriptionPage -->
        <test-method signature="verifyAddPaymentMethodMandatoryFields()[pri:2, instance:com.dentscribe.testCases_iOS.TestCreateUserTakeFreePlanAndBuyPaidPlan@1d3a03fe]" started-at="2023-12-13T16:35:19 IST" name="verifyAddPaymentMethodMandatoryFields" finished-at="2023-12-13T16:35:35 IST" depends-on-methods="com.dentscribe.testCases_iOS.TestCreateUserTakeFreePlanAndBuyPaidPlan.createNewUserAndGoToManageSubscriptionPage" duration-ms="15583" status="PASS">
          <reporter-output>
          </reporter-output>
        </test-method> <!-- verifyAddPaymentMethodMandatoryFields -->
        <test-method signature="verifyAddPaymentMethodBackIcon()[pri:3, instance:com.dentscribe.testCases_iOS.TestCreateUserTakeFreePlanAndBuyPaidPlan@1d3a03fe]" started-at="2023-12-13T16:35:35 IST" name="verifyAddPaymentMethodBackIcon" finished-at="2023-12-13T16:35:36 IST" depends-on-methods="com.dentscribe.testCases_iOS.TestCreateUserTakeFreePlanAndBuyPaidPlan.verifyAddPaymentMethodMandatoryFields" duration-ms="1403" status="PASS">
          <reporter-output>
          </reporter-output>
        </test-method> <!-- verifyAddPaymentMethodBackIcon -->
        <test-method signature="verifyCanUserTake30DaysFreeTrialPlan()[pri:4, instance:com.dentscribe.testCases_iOS.TestCreateUserTakeFreePlanAndBuyPaidPlan@1d3a03fe]" started-at="2023-12-13T16:35:36 IST" name="verifyCanUserTake30DaysFreeTrialPlan" finished-at="2023-12-13T16:36:02 IST" depends-on-methods="com.dentscribe.testCases_iOS.TestCreateUserTakeFreePlanAndBuyPaidPlan.createNewUserAndGoToManageSubscriptionPage" duration-ms="25618" status="PASS">
          <reporter-output>
          </reporter-output>
        </test-method> <!-- verifyCanUserTake30DaysFreeTrialPlan -->
        <test-method signature="verifyCanUserBuyPaidPlanAfterFreeTrialPlan()[pri:5, instance:com.dentscribe.testCases_iOS.TestCreateUserTakeFreePlanAndBuyPaidPlan@1d3a03fe]" started-at="2023-12-13T16:36:02 IST" name="verifyCanUserBuyPaidPlanAfterFreeTrialPlan" finished-at="2023-12-13T16:36:39 IST" depends-on-methods="com.dentscribe.testCases_iOS.TestCreateUserTakeFreePlanAndBuyPaidPlan.verifyCanUserTake30DaysFreeTrialPlan" duration-ms="37851" status="PASS">
          <reporter-output>
          </reporter-output>
        </test-method> <!-- verifyCanUserBuyPaidPlanAfterFreeTrialPlan -->
      </class> <!-- com.dentscribe.testCases_iOS.TestCreateUserTakeFreePlanAndBuyPaidPlan -->
      <class name="com.dentscribe.testCases_iOS.TestAllAppointmentStatuses">
        <test-method is-config="true" signature="configureAppium()[pri:0, instance:com.dentscribe.testCases_iOS.TestAllAppointmentStatuses@f48a080]" started-at="2023-12-13T16:36:39 IST" name="configureAppium" finished-at="2023-12-13T16:36:46 IST" duration-ms="6802" status="PASS">
          <reporter-output>
          </reporter-output>
        </test-method> <!-- configureAppium -->
        <test-method signature="goToCalendarPageAndSelectAppointmentsDate()[pri:1, instance:com.dentscribe.testCases_iOS.TestAllAppointmentStatuses@f48a080]" started-at="2023-12-13T16:36:46 IST" name="goToCalendarPageAndSelectAppointmentsDate" finished-at="2023-12-13T16:37:41 IST" duration-ms="54369" status="PASS">
          <reporter-output>
          </reporter-output>
        </test-method> <!-- goToCalendarPageAndSelectAppointmentsDate -->
        <test-method signature="verifyIsPatientPopupAppearingOnStartButtonClick()[pri:2, instance:com.dentscribe.testCases_iOS.TestAllAppointmentStatuses@f48a080]" started-at="2023-12-13T16:37:41 IST" name="verifyIsPatientPopupAppearingOnStartButtonClick" finished-at="2023-12-13T16:37:59 IST" depends-on-methods="com.dentscribe.testCases_iOS.TestAllAppointmentStatuses.goToCalendarPageAndSelectAppointmentsDate" duration-ms="18255" status="PASS">
          <reporter-output>
          </reporter-output>
        </test-method> <!-- verifyIsPatientPopupAppearingOnStartButtonClick -->
        <test-method signature="verifyStartRecordingButtonOnPatientDetailsPopupAndClick()[pri:3, instance:com.dentscribe.testCases_iOS.TestAllAppointmentStatuses@f48a080]" started-at="2023-12-13T16:37:59 IST" name="verifyStartRecordingButtonOnPatientDetailsPopupAndClick" finished-at="2023-12-13T16:38:22 IST" depends-on-methods="com.dentscribe.testCases_iOS.TestAllAppointmentStatuses.verifyIsPatientPopupAppearingOnStartButtonClick" duration-ms="23489" status="PASS">
          <reporter-output>
          </reporter-output>
        </test-method> <!-- verifyStartRecordingButtonOnPatientDetailsPopupAndClick -->
        <test-method signature="verifyContinueButtonAfterPauseRecording()[pri:4, instance:com.dentscribe.testCases_iOS.TestAllAppointmentStatuses@f48a080]" started-at="2023-12-13T16:38:22 IST" name="verifyContinueButtonAfterPauseRecording" finished-at="2023-12-13T16:38:40 IST" depends-on-methods="com.dentscribe.testCases_iOS.TestAllAppointmentStatuses.verifyStartRecordingButtonOnPatientDetailsPopupAndClick" duration-ms="17199" status="FAIL">
          <exception class="java.lang.AssertionError">
            <message>
              <![CDATA[expected [true] but found [false]]]>
            </message>
            <full-stacktrace>
              <![CDATA[java.lang.AssertionError: expected [true] but found [false]
at org.testng.Assert.fail(Assert.java:99)
at org.testng.Assert.failNotEquals(Assert.java:1037)
at org.testng.Assert.assertTrue(Assert.java:45)
at org.testng.Assert.assertTrue(Assert.java:55)
at com.dentscribe.pages.ios.CalendarPage.verifyClickContinueButtonForAppointment(CalendarPage.java:369)
at com.dentscribe.testCases_iOS.TestAllAppointmentStatuses.verifyContinueButtonAfterPauseRecording(TestAllAppointmentStatuses.java:86)
at java.base/jdk.internal.reflect.DirectMethodHandleAccessor.invoke(DirectMethodHandleAccessor.java:104)
at java.base/java.lang.reflect.Method.invoke(Method.java:578)
at org.testng.internal.MethodInvocationHelper.invokeMethod(MethodInvocationHelper.java:133)
at org.testng.internal.TestInvoker.invokeMethod(TestInvoker.java:598)
at org.testng.internal.TestInvoker.invokeTestMethod(TestInvoker.java:173)
at org.testng.internal.MethodRunner.runInSequence(MethodRunner.java:46)
at org.testng.internal.TestInvoker$MethodInvocationAgent.invoke(TestInvoker.java:824)
at org.testng.internal.TestInvoker.invokeTestMethods(TestInvoker.java:146)
at org.testng.internal.TestMethodWorker.invokeTestMethods(TestMethodWorker.java:146)
at org.testng.internal.TestMethodWorker.run(TestMethodWorker.java:128)
at java.base/java.util.ArrayList.forEach(ArrayList.java:1511)
at org.testng.TestRunner.privateRun(TestRunner.java:794)
at org.testng.TestRunner.run(TestRunner.java:596)
at org.testng.SuiteRunner.runTest(SuiteRunner.java:377)
at org.testng.SuiteRunner.runSequentially(SuiteRunner.java:371)
at org.testng.SuiteRunner.privateRun(SuiteRunner.java:332)
at org.testng.SuiteRunner.run(SuiteRunner.java:276)
at org.testng.SuiteRunnerWorker.runSuite(SuiteRunnerWorker.java:53)
at org.testng.SuiteRunnerWorker.run(SuiteRunnerWorker.java:96)
at org.testng.TestNG.runSuitesSequentially(TestNG.java:1212)
at org.testng.TestNG.runSuitesLocally(TestNG.java:1134)
at org.testng.TestNG.runSuites(TestNG.java:1063)
at org.testng.TestNG.run(TestNG.java:1031)
at org.testng.remote.AbstractRemoteTestNG.run(AbstractRemoteTestNG.java:115)
at org.testng.remote.RemoteTestNG.initAndRun(RemoteTestNG.java:251)
at org.testng.remote.RemoteTestNG.main(RemoteTestNG.java:77)
]]>
            </full-stacktrace>
          </exception> <!-- java.lang.AssertionError -->
          <reporter-output>
          </reporter-output>
        </test-method> <!-- verifyContinueButtonAfterPauseRecording -->
        <test-method signature="verifyIsPatientPopupAppearingOnContinueButtonClick()[pri:5, instance:com.dentscribe.testCases_iOS.TestAllAppointmentStatuses@f48a080]" started-at="2023-12-13T16:38:40 IST" name="verifyIsPatientPopupAppearingOnContinueButtonClick" finished-at="2023-12-13T16:38:40 IST" depends-on-methods="com.dentscribe.testCases_iOS.TestAllAppointmentStatuses.verifyContinueButtonAfterPauseRecording" duration-ms="0" status="SKIP">
          <exception class="java.lang.Throwable">
            <message>
              <![CDATA[Method TestAllAppointmentStatuses.verifyIsPatientPopupAppearingOnContinueButtonClick()[pri:5, instance:com.dentscribe.testCases_iOS.TestAllAppointmentStatuses@f48a080] depends on not successfully finished methods]]>
            </message>
            <full-stacktrace>
              <![CDATA[java.lang.Throwable: Method TestAllAppointmentStatuses.verifyIsPatientPopupAppearingOnContinueButtonClick()[pri:5, instance:com.dentscribe.testCases_iOS.TestAllAppointmentStatuses@f48a080] depends on not successfully finished methods
at org.testng.internal.TestInvoker.invokeTestMethods(TestInvoker.java:102)
at org.testng.internal.TestMethodWorker.invokeTestMethods(TestMethodWorker.java:146)
at org.testng.internal.TestMethodWorker.run(TestMethodWorker.java:128)
at java.base/java.util.ArrayList.forEach(ArrayList.java:1511)
at org.testng.TestRunner.privateRun(TestRunner.java:794)
at org.testng.TestRunner.run(TestRunner.java:596)
at org.testng.SuiteRunner.runTest(SuiteRunner.java:377)
at org.testng.SuiteRunner.runSequentially(SuiteRunner.java:371)
at org.testng.SuiteRunner.privateRun(SuiteRunner.java:332)
at org.testng.SuiteRunner.run(SuiteRunner.java:276)
at org.testng.SuiteRunnerWorker.runSuite(SuiteRunnerWorker.java:53)
at org.testng.SuiteRunnerWorker.run(SuiteRunnerWorker.java:96)
at org.testng.TestNG.runSuitesSequentially(TestNG.java:1212)
at org.testng.TestNG.runSuitesLocally(TestNG.java:1134)
at org.testng.TestNG.runSuites(TestNG.java:1063)
at org.testng.TestNG.run(TestNG.java:1031)
at org.testng.remote.AbstractRemoteTestNG.run(AbstractRemoteTestNG.java:115)
at org.testng.remote.RemoteTestNG.initAndRun(RemoteTestNG.java:251)
at org.testng.remote.RemoteTestNG.main(RemoteTestNG.java:77)
]]>
            </full-stacktrace>
          </exception> <!-- java.lang.Throwable -->
          <reporter-output>
          </reporter-output>
        </test-method> <!-- verifyIsPatientPopupAppearingOnContinueButtonClick -->
        <test-method signature="verifyContinueRecordingButtonOnPatientDetailsPopupAndClick()[pri:6, instance:com.dentscribe.testCases_iOS.TestAllAppointmentStatuses@f48a080]" started-at="2023-12-13T16:38:40 IST" name="verifyContinueRecordingButtonOnPatientDetailsPopupAndClick" finished-at="2023-12-13T16:38:40 IST" depends-on-methods="com.dentscribe.testCases_iOS.TestAllAppointmentStatuses.verifyIsPatientPopupAppearingOnContinueButtonClick" duration-ms="0" status="SKIP">
          <exception class="java.lang.Throwable">
            <message>
              <![CDATA[Method TestAllAppointmentStatuses.verifyContinueRecordingButtonOnPatientDetailsPopupAndClick()[pri:6, instance:com.dentscribe.testCases_iOS.TestAllAppointmentStatuses@f48a080] depends on not successfully finished methods]]>
            </message>
            <full-stacktrace>
              <![CDATA[java.lang.Throwable: Method TestAllAppointmentStatuses.verifyContinueRecordingButtonOnPatientDetailsPopupAndClick()[pri:6, instance:com.dentscribe.testCases_iOS.TestAllAppointmentStatuses@f48a080] depends on not successfully finished methods
at org.testng.internal.TestInvoker.invokeTestMethods(TestInvoker.java:102)
at org.testng.internal.TestMethodWorker.invokeTestMethods(TestMethodWorker.java:146)
at org.testng.internal.TestMethodWorker.run(TestMethodWorker.java:128)
at java.base/java.util.ArrayList.forEach(ArrayList.java:1511)
at org.testng.TestRunner.privateRun(TestRunner.java:794)
at org.testng.TestRunner.run(TestRunner.java:596)
at org.testng.SuiteRunner.runTest(SuiteRunner.java:377)
at org.testng.SuiteRunner.runSequentially(SuiteRunner.java:371)
at org.testng.SuiteRunner.privateRun(SuiteRunner.java:332)
at org.testng.SuiteRunner.run(SuiteRunner.java:276)
at org.testng.SuiteRunnerWorker.runSuite(SuiteRunnerWorker.java:53)
at org.testng.SuiteRunnerWorker.run(SuiteRunnerWorker.java:96)
at org.testng.TestNG.runSuitesSequentially(TestNG.java:1212)
at org.testng.TestNG.runSuitesLocally(TestNG.java:1134)
at org.testng.TestNG.runSuites(TestNG.java:1063)
at org.testng.TestNG.run(TestNG.java:1031)
at org.testng.remote.AbstractRemoteTestNG.run(AbstractRemoteTestNG.java:115)
at org.testng.remote.RemoteTestNG.initAndRun(RemoteTestNG.java:251)
at org.testng.remote.RemoteTestNG.main(RemoteTestNG.java:77)
]]>
            </full-stacktrace>
          </exception> <!-- java.lang.Throwable -->
          <reporter-output>
          </reporter-output>
        </test-method> <!-- verifyContinueRecordingButtonOnPatientDetailsPopupAndClick -->
        <test-method signature="verifyReviewButtonAfterStopRecording()[pri:7, instance:com.dentscribe.testCases_iOS.TestAllAppointmentStatuses@f48a080]" started-at="2023-12-13T16:38:40 IST" name="verifyReviewButtonAfterStopRecording" finished-at="2023-12-13T16:38:40 IST" depends-on-methods="com.dentscribe.testCases_iOS.TestAllAppointmentStatuses.verifyContinueRecordingButtonOnPatientDetailsPopupAndClick" duration-ms="0" status="SKIP">
          <exception class="java.lang.Throwable">
            <message>
              <![CDATA[Method TestAllAppointmentStatuses.verifyReviewButtonAfterStopRecording()[pri:7, instance:com.dentscribe.testCases_iOS.TestAllAppointmentStatuses@f48a080] depends on not successfully finished methods]]>
            </message>
            <full-stacktrace>
              <![CDATA[java.lang.Throwable: Method TestAllAppointmentStatuses.verifyReviewButtonAfterStopRecording()[pri:7, instance:com.dentscribe.testCases_iOS.TestAllAppointmentStatuses@f48a080] depends on not successfully finished methods
at org.testng.internal.TestInvoker.invokeTestMethods(TestInvoker.java:102)
at org.testng.internal.TestMethodWorker.invokeTestMethods(TestMethodWorker.java:146)
at org.testng.internal.TestMethodWorker.run(TestMethodWorker.java:128)
at java.base/java.util.ArrayList.forEach(ArrayList.java:1511)
at org.testng.TestRunner.privateRun(TestRunner.java:794)
at org.testng.TestRunner.run(TestRunner.java:596)
at org.testng.SuiteRunner.runTest(SuiteRunner.java:377)
at org.testng.SuiteRunner.runSequentially(SuiteRunner.java:371)
at org.testng.SuiteRunner.privateRun(SuiteRunner.java:332)
at org.testng.SuiteRunner.run(SuiteRunner.java:276)
at org.testng.SuiteRunnerWorker.runSuite(SuiteRunnerWorker.java:53)
at org.testng.SuiteRunnerWorker.run(SuiteRunnerWorker.java:96)
at org.testng.TestNG.runSuitesSequentially(TestNG.java:1212)
at org.testng.TestNG.runSuitesLocally(TestNG.java:1134)
at org.testng.TestNG.runSuites(TestNG.java:1063)
at org.testng.TestNG.run(TestNG.java:1031)
at org.testng.remote.AbstractRemoteTestNG.run(AbstractRemoteTestNG.java:115)
at org.testng.remote.RemoteTestNG.initAndRun(RemoteTestNG.java:251)
at org.testng.remote.RemoteTestNG.main(RemoteTestNG.java:77)
]]>
            </full-stacktrace>
          </exception> <!-- java.lang.Throwable -->
          <reporter-output>
          </reporter-output>
        </test-method> <!-- verifyReviewButtonAfterStopRecording -->
        <test-method signature="addSignatureInSoapReportAndSubmit()[pri:8, instance:com.dentscribe.testCases_iOS.TestAllAppointmentStatuses@f48a080]" started-at="2023-12-13T16:38:40 IST" name="addSignatureInSoapReportAndSubmit" finished-at="2023-12-13T16:38:40 IST" depends-on-methods="com.dentscribe.testCases_iOS.TestAllAppointmentStatuses.verifyReviewButtonAfterStopRecording" duration-ms="0" status="SKIP">
          <exception class="java.lang.Throwable">
            <message>
              <![CDATA[Method TestAllAppointmentStatuses.addSignatureInSoapReportAndSubmit()[pri:8, instance:com.dentscribe.testCases_iOS.TestAllAppointmentStatuses@f48a080] depends on not successfully finished methods]]>
            </message>
            <full-stacktrace>
              <![CDATA[java.lang.Throwable: Method TestAllAppointmentStatuses.addSignatureInSoapReportAndSubmit()[pri:8, instance:com.dentscribe.testCases_iOS.TestAllAppointmentStatuses@f48a080] depends on not successfully finished methods
at org.testng.internal.TestInvoker.invokeTestMethods(TestInvoker.java:102)
at org.testng.internal.TestMethodWorker.invokeTestMethods(TestMethodWorker.java:146)
at org.testng.internal.TestMethodWorker.run(TestMethodWorker.java:128)
at java.base/java.util.ArrayList.forEach(ArrayList.java:1511)
at org.testng.TestRunner.privateRun(TestRunner.java:794)
at org.testng.TestRunner.run(TestRunner.java:596)
at org.testng.SuiteRunner.runTest(SuiteRunner.java:377)
at org.testng.SuiteRunner.runSequentially(SuiteRunner.java:371)
at org.testng.SuiteRunner.privateRun(SuiteRunner.java:332)
at org.testng.SuiteRunner.run(SuiteRunner.java:276)
at org.testng.SuiteRunnerWorker.runSuite(SuiteRunnerWorker.java:53)
at org.testng.SuiteRunnerWorker.run(SuiteRunnerWorker.java:96)
at org.testng.TestNG.runSuitesSequentially(TestNG.java:1212)
at org.testng.TestNG.runSuitesLocally(TestNG.java:1134)
at org.testng.TestNG.runSuites(TestNG.java:1063)
at org.testng.TestNG.run(TestNG.java:1031)
at org.testng.remote.AbstractRemoteTestNG.run(AbstractRemoteTestNG.java:115)
at org.testng.remote.RemoteTestNG.initAndRun(RemoteTestNG.java:251)
at org.testng.remote.RemoteTestNG.main(RemoteTestNG.java:77)
]]>
            </full-stacktrace>
          </exception> <!-- java.lang.Throwable -->
          <reporter-output>
          </reporter-output>
        </test-method> <!-- addSignatureInSoapReportAndSubmit -->
        <test-method signature="verifyReviewedButtonAndClickToVerifySoapReport()[pri:9, instance:com.dentscribe.testCases_iOS.TestAllAppointmentStatuses@f48a080]" started-at="2023-12-13T16:38:40 IST" name="verifyReviewedButtonAndClickToVerifySoapReport" finished-at="2023-12-13T16:38:40 IST" depends-on-methods="com.dentscribe.testCases_iOS.TestAllAppointmentStatuses.addSignatureInSoapReportAndSubmit" duration-ms="0" status="SKIP">
          <exception class="java.lang.Throwable">
            <message>
              <![CDATA[Method TestAllAppointmentStatuses.verifyReviewedButtonAndClickToVerifySoapReport()[pri:9, instance:com.dentscribe.testCases_iOS.TestAllAppointmentStatuses@f48a080] depends on not successfully finished methods]]>
            </message>
            <full-stacktrace>
              <![CDATA[java.lang.Throwable: Method TestAllAppointmentStatuses.verifyReviewedButtonAndClickToVerifySoapReport()[pri:9, instance:com.dentscribe.testCases_iOS.TestAllAppointmentStatuses@f48a080] depends on not successfully finished methods
at org.testng.internal.TestInvoker.invokeTestMethods(TestInvoker.java:102)
at org.testng.internal.TestMethodWorker.invokeTestMethods(TestMethodWorker.java:146)
at org.testng.internal.TestMethodWorker.run(TestMethodWorker.java:128)
at java.base/java.util.ArrayList.forEach(ArrayList.java:1511)
at org.testng.TestRunner.privateRun(TestRunner.java:794)
at org.testng.TestRunner.run(TestRunner.java:596)
at org.testng.SuiteRunner.runTest(SuiteRunner.java:377)
at org.testng.SuiteRunner.runSequentially(SuiteRunner.java:371)
at org.testng.SuiteRunner.privateRun(SuiteRunner.java:332)
at org.testng.SuiteRunner.run(SuiteRunner.java:276)
at org.testng.SuiteRunnerWorker.runSuite(SuiteRunnerWorker.java:53)
at org.testng.SuiteRunnerWorker.run(SuiteRunnerWorker.java:96)
at org.testng.TestNG.runSuitesSequentially(TestNG.java:1212)
at org.testng.TestNG.runSuitesLocally(TestNG.java:1134)
at org.testng.TestNG.runSuites(TestNG.java:1063)
at org.testng.TestNG.run(TestNG.java:1031)
at org.testng.remote.AbstractRemoteTestNG.run(AbstractRemoteTestNG.java:115)
at org.testng.remote.RemoteTestNG.initAndRun(RemoteTestNG.java:251)
at org.testng.remote.RemoteTestNG.main(RemoteTestNG.java:77)
]]>
            </full-stacktrace>
          </exception> <!-- java.lang.Throwable -->
          <reporter-output>
          </reporter-output>
        </test-method> <!-- verifyReviewedButtonAndClickToVerifySoapReport -->
      </class> <!-- com.dentscribe.testCases_iOS.TestAllAppointmentStatuses -->
      <class name="com.dentscribe.testCases_iOS.TestLoginPage">
        <test-method is-config="true" signature="configureAppium()[pri:0, instance:com.dentscribe.testCases_iOS.TestLoginPage@401ec794]" started-at="2023-12-13T16:41:35 IST" name="configureAppium" finished-at="2023-12-13T16:41:42 IST" duration-ms="6978" status="PASS">
          <reporter-output>
          </reporter-output>
        </test-method> <!-- configureAppium -->
        <test-method signature="DS_004_verifyIsLoginPageExistsAndItsFields()[pri:1, instance:com.dentscribe.testCases_iOS.TestLoginPage@401ec794]" started-at="2023-12-13T16:41:42 IST" name="DS_004_verifyIsLoginPageExistsAndItsFields" finished-at="2023-12-13T16:41:44 IST" duration-ms="1287" status="PASS">
          <reporter-output>
          </reporter-output>
        </test-method> <!-- DS_004_verifyIsLoginPageExistsAndItsFields -->
        <test-method signature="DS_005_verifyLoginWithoutMandatoryFields()[pri:2, instance:com.dentscribe.testCases_iOS.TestLoginPage@401ec794]" started-at="2023-12-13T16:41:44 IST" name="DS_005_verifyLoginWithoutMandatoryFields" finished-at="2023-12-13T16:41:45 IST" depends-on-methods="com.dentscribe.testCases_iOS.TestLoginPage.DS_004_verifyIsLoginPageExistsAndItsFields" duration-ms="967" status="PASS">
          <reporter-output>
          </reporter-output>
        </test-method> <!-- DS_005_verifyLoginWithoutMandatoryFields -->
        <test-method signature="DS_006_verifyLoginWithNonExistingUser()[pri:3, instance:com.dentscribe.testCases_iOS.TestLoginPage@401ec794]" started-at="2023-12-13T16:41:45 IST" name="DS_006_verifyLoginWithNonExistingUser" finished-at="2023-12-13T16:41:55 IST" depends-on-methods="com.dentscribe.testCases_iOS.TestLoginPage.DS_004_verifyIsLoginPageExistsAndItsFields" duration-ms="10166" status="PASS">
          <reporter-output>
          </reporter-output>
        </test-method> <!-- DS_006_verifyLoginWithNonExistingUser -->
        <test-method signature="DS_007_verifyLoginWithInvalidPassword()[pri:4, instance:com.dentscribe.testCases_iOS.TestLoginPage@401ec794]" started-at="2023-12-13T16:41:55 IST" name="DS_007_verifyLoginWithInvalidPassword" finished-at="2023-12-13T16:42:05 IST" depends-on-methods="com.dentscribe.testCases_iOS.TestLoginPage.DS_004_verifyIsLoginPageExistsAndItsFields" duration-ms="10103" status="PASS">
          <reporter-output>
          </reporter-output>
        </test-method> <!-- DS_007_verifyLoginWithInvalidPassword -->
        <test-method signature="DS_008_verifyLoginWithThreeInvalidAttempts()[pri:5, instance:com.dentscribe.testCases_iOS.TestLoginPage@401ec794]" started-at="2023-12-13T16:42:05 IST" name="DS_008_verifyLoginWithThreeInvalidAttempts" finished-at="2023-12-13T16:42:19 IST" depends-on-methods="com.dentscribe.testCases_iOS.TestLoginPage.DS_004_verifyIsLoginPageExistsAndItsFields" duration-ms="14217" status="PASS">
          <reporter-output>
          </reporter-output>
        </test-method> <!-- DS_008_verifyLoginWithThreeInvalidAttempts -->
        <test-method signature="DS_009_verifyLoginWithValidCredentials()[pri:6, instance:com.dentscribe.testCases_iOS.TestLoginPage@401ec794]" started-at="2023-12-13T16:42:19 IST" name="DS_009_verifyLoginWithValidCredentials" finished-at="2023-12-13T16:42:34 IST" depends-on-methods="com.dentscribe.testCases_iOS.TestLoginPage.DS_004_verifyIsLoginPageExistsAndItsFields" duration-ms="14875" status="PASS">
          <reporter-output>
          </reporter-output>
        </test-method> <!-- DS_009_verifyLoginWithValidCredentials -->
      </class> <!-- com.dentscribe.testCases_iOS.TestLoginPage -->
      <class name="com.dentscribe.testCases_iOS.TestSmsVerificationPageAfterSignup">
        <test-method is-config="true" signature="configureAppium()[pri:0, instance:com.dentscribe.testCases_iOS.TestSmsVerificationPageAfterSignup@7e1d8d41]" started-at="2023-12-13T16:46:00 IST" name="configureAppium" finished-at="2023-12-13T16:46:07 IST" duration-ms="6845" status="PASS">
          <reporter-output>
          </reporter-output>
        </test-method> <!-- configureAppium -->
        <test-method signature="DS_024_verifyIsSmsVerificationPageExistsAfterSignup()[pri:1, instance:com.dentscribe.testCases_iOS.TestSmsVerificationPageAfterSignup@7e1d8d41]" started-at="2023-12-13T16:46:07 IST" name="DS_024_verifyIsSmsVerificationPageExistsAfterSignup" finished-at="2023-12-13T16:46:55 IST" duration-ms="48658" status="PASS">
          <reporter-output>
          </reporter-output>
        </test-method> <!-- DS_024_verifyIsSmsVerificationPageExistsAfterSignup -->
        <test-method signature="DS_025_verifySmsVerificationWithBlankOtp()[pri:2, instance:com.dentscribe.testCases_iOS.TestSmsVerificationPageAfterSignup@7e1d8d41]" started-at="2023-12-13T16:46:55 IST" name="DS_025_verifySmsVerificationWithBlankOtp" finished-at="2023-12-13T16:46:57 IST" depends-on-methods="com.dentscribe.testCases_iOS.TestSmsVerificationPageAfterSignup.DS_024_verifyIsSmsVerificationPageExistsAfterSignup" duration-ms="1223" status="PASS">
          <reporter-output>
          </reporter-output>
        </test-method> <!-- DS_025_verifySmsVerificationWithBlankOtp -->
        <test-method signature="DS_026_verifySmsVerificationWithWrongOtp()[pri:3, instance:com.dentscribe.testCases_iOS.TestSmsVerificationPageAfterSignup@7e1d8d41]" started-at="2023-12-13T16:46:57 IST" name="DS_026_verifySmsVerificationWithWrongOtp" finished-at="2023-12-13T16:47:10 IST" depends-on-methods="com.dentscribe.testCases_iOS.TestSmsVerificationPageAfterSignup.DS_024_verifyIsSmsVerificationPageExistsAfterSignup" duration-ms="13637" status="PASS">
          <reporter-output>
          </reporter-output>
        </test-method> <!-- DS_026_verifySmsVerificationWithWrongOtp -->
        <test-method signature="DS_027_verifySmsVerificationResendCodeLink()[pri:4, instance:com.dentscribe.testCases_iOS.TestSmsVerificationPageAfterSignup@7e1d8d41]" started-at="2023-12-13T16:47:10 IST" name="DS_027_verifySmsVerificationResendCodeLink" finished-at="2023-12-13T16:47:33 IST" depends-on-methods="com.dentscribe.testCases_iOS.TestSmsVerificationPageAfterSignup.DS_024_verifyIsSmsVerificationPageExistsAfterSignup" duration-ms="22406" status="PASS">
          <reporter-output>
          </reporter-output>
        </test-method> <!-- DS_027_verifySmsVerificationResendCodeLink -->
        <test-method signature="DS_027_verifyWhetherSmsVerificationPageBackIconRedirectToSignupPage()[pri:5, instance:com.dentscribe.testCases_iOS.TestSmsVerificationPageAfterSignup@7e1d8d41]" started-at="2023-12-13T16:47:33 IST" name="DS_027_verifyWhetherSmsVerificationPageBackIconRedirectToSignupPage" finished-at="2023-12-13T16:47:34 IST" duration-ms="1267" status="PASS">
          <reporter-output>
          </reporter-output>
        </test-method> <!-- DS_027_verifyWhetherSmsVerificationPageBackIconRedirectToSignupPage -->
        <test-method signature="DS_028_verifySmsVerificationWithValidOtp()[pri:6, instance:com.dentscribe.testCases_iOS.TestSmsVerificationPageAfterSignup@7e1d8d41]" started-at="2023-12-13T16:47:34 IST" name="DS_028_verifySmsVerificationWithValidOtp" finished-at="2023-12-13T16:47:54 IST" depends-on-methods="com.dentscribe.testCases_iOS.TestSmsVerificationPageAfterSignup.DS_027_verifyWhetherSmsVerificationPageBackIconRedirectToSignupPage" duration-ms="20577" status="PASS">
          <reporter-output>
          </reporter-output>
        </test-method> <!-- DS_028_verifySmsVerificationWithValidOtp -->
      </class> <!-- com.dentscribe.testCases_iOS.TestSmsVerificationPageAfterSignup -->
      <class name="com.dentscribe.testCases_iOS.TestTourPages">
        <test-method is-config="true" signature="configureAppium()[pri:0, instance:com.dentscribe.testCases_iOS.TestTourPages@359e27d2]" started-at="2023-12-13T16:49:35 IST" name="configureAppium" finished-at="2023-12-13T16:49:44 IST" duration-ms="9490" status="PASS">
          <reporter-output>
          </reporter-output>
        </test-method> <!-- configureAppium -->
        <test-method signature="DS_033_verifyIsTourPageExists()[pri:1, instance:com.dentscribe.testCases_iOS.TestTourPages@359e27d2]" started-at="2023-12-13T16:49:44 IST" name="DS_033_verifyIsTourPageExists" finished-at="2023-12-13T16:50:11 IST" duration-ms="26550" status="PASS">
          <reporter-output>
          </reporter-output>
        </test-method> <!-- DS_033_verifyIsTourPageExists -->
        <test-method signature="DS_034_verifyNextButtonFromFirstToLastTourPage()[pri:2, instance:com.dentscribe.testCases_iOS.TestTourPages@359e27d2]" started-at="2023-12-13T16:50:11 IST" name="DS_034_verifyNextButtonFromFirstToLastTourPage" finished-at="2023-12-13T16:50:16 IST" depends-on-methods="com.dentscribe.testCases_iOS.TestTourPages.DS_033_verifyIsTourPageExists" duration-ms="4471" status="PASS">
          <reporter-output>
          </reporter-output>
        </test-method> <!-- DS_034_verifyNextButtonFromFirstToLastTourPage -->
        <test-method signature="DS_035_verifyBackButtonFromLastToFirstTourPage()[pri:3, instance:com.dentscribe.testCases_iOS.TestTourPages@359e27d2]" started-at="2023-12-13T16:50:16 IST" name="DS_035_verifyBackButtonFromLastToFirstTourPage" finished-at="2023-12-13T16:50:20 IST" depends-on-methods="com.dentscribe.testCases_iOS.TestTourPages.DS_034_verifyNextButtonFromFirstToLastTourPage" duration-ms="4426" status="PASS">
          <reporter-output>
          </reporter-output>
        </test-method> <!-- DS_035_verifyBackButtonFromLastToFirstTourPage -->
        <test-method signature="DS_036_verifyRightSwipeFromFirstToLastTourPage()[pri:4, instance:com.dentscribe.testCases_iOS.TestTourPages@359e27d2]" started-at="2023-12-13T16:50:20 IST" name="DS_036_verifyRightSwipeFromFirstToLastTourPage" finished-at="2023-12-13T16:50:26 IST" depends-on-methods="com.dentscribe.testCases_iOS.TestTourPages.DS_035_verifyBackButtonFromLastToFirstTourPage" duration-ms="6220" status="PASS">
          <reporter-output>
          </reporter-output>
        </test-method> <!-- DS_036_verifyRightSwipeFromFirstToLastTourPage -->
        <test-method signature="DS_037_verifyLeftSwipeFromLastToFirstTourPage()[pri:5, instance:com.dentscribe.testCases_iOS.TestTourPages@359e27d2]" started-at="2023-12-13T16:50:26 IST" name="DS_037_verifyLeftSwipeFromLastToFirstTourPage" finished-at="2023-12-13T16:50:32 IST" depends-on-methods="com.dentscribe.testCases_iOS.TestTourPages.DS_036_verifyRightSwipeFromFirstToLastTourPage" duration-ms="6207" status="PASS">
          <reporter-output>
          </reporter-output>
        </test-method> <!-- DS_037_verifyLeftSwipeFromLastToFirstTourPage -->
        <test-method signature="DS_038_verifyNextButtonOfPatientDatabaseTourPage()[pri:6, instance:com.dentscribe.testCases_iOS.TestTourPages@359e27d2]" started-at="2023-12-13T16:50:32 IST" name="DS_038_verifyNextButtonOfPatientDatabaseTourPage" finished-at="2023-12-13T16:50:40 IST" depends-on-methods="com.dentscribe.testCases_iOS.TestTourPages.DS_037_verifyLeftSwipeFromLastToFirstTourPage" duration-ms="7354" status="PASS">
          <reporter-output>
          </reporter-output>
        </test-method> <!-- DS_038_verifyNextButtonOfPatientDatabaseTourPage -->
      </class> <!-- com.dentscribe.testCases_iOS.TestTourPages -->
      <class name="com.dentscribe.testCases_iOS.TestChangePassword">
        <test-method is-config="true" signature="configureAppium()[pri:0, instance:com.dentscribe.testCases_iOS.TestChangePassword@61c87f1b]" started-at="2023-12-13T16:56:16 IST" name="configureAppium" finished-at="2023-12-13T16:56:23 IST" duration-ms="6773" status="PASS">
          <reporter-output>
          </reporter-output>
        </test-method> <!-- configureAppium -->
        <test-method signature="verifyChangePasswordFromSettingsPage()[pri:1, instance:com.dentscribe.testCases_iOS.TestChangePassword@61c87f1b]" started-at="2023-12-13T16:56:23 IST" name="verifyChangePasswordFromSettingsPage" finished-at="2023-12-13T16:57:16 IST" duration-ms="52867" status="PASS">
          <reporter-output>
          </reporter-output>
        </test-method> <!-- verifyChangePasswordFromSettingsPage -->
        <test-method signature="verifyUserShouldNotLoginFromOldPassword()[pri:2, instance:com.dentscribe.testCases_iOS.TestChangePassword@61c87f1b]" started-at="2023-12-13T16:57:16 IST" name="verifyUserShouldNotLoginFromOldPassword" finished-at="2023-12-13T16:57:25 IST" depends-on-methods="com.dentscribe.testCases_iOS.TestChangePassword.verifyChangePasswordFromSettingsPage" duration-ms="9213" status="PASS">
          <reporter-output>
          </reporter-output>
        </test-method> <!-- verifyUserShouldNotLoginFromOldPassword -->
        <test-method signature="verifyUserShouldLoginFromNewChangedPassword()[pri:3, instance:com.dentscribe.testCases_iOS.TestChangePassword@61c87f1b]" started-at="2023-12-13T16:57:25 IST" name="verifyUserShouldLoginFromNewChangedPassword" finished-at="2023-12-13T16:57:41 IST" depends-on-methods="com.dentscribe.testCases_iOS.TestChangePassword.verifyChangePasswordFromSettingsPage" duration-ms="15255" status="PASS">
          <reporter-output>
          </reporter-output>
        </test-method> <!-- verifyUserShouldLoginFromNewChangedPassword -->
      </class> <!-- com.dentscribe.testCases_iOS.TestChangePassword -->
    </test> <!-- Test -->
  </suite> <!-- Suite -->
</testng-results>
