<?xml version="1.0" encoding="UTF-8"?>
<testng-results ignored="0" total="107" passed="98" failed="2" skipped="7">
  <reporter-output>
  </reporter-output>
  <suite started-at="2024-01-04T16:23:28 IST" name="Suite" finished-at="2024-01-04T18:44:46 IST" duration-ms="8478086">
    <groups>
    </groups>
    <test started-at="2024-01-04T16:23:28 IST" name="Test" finished-at="2024-01-04T18:44:46 IST" duration-ms="8478086">
      <class name="com.dentscribe.testCases_iOS.TestFeedbackAndNewFeedbackPages">
        <test-method is-config="true" signature="configureAppium()[pri:0, instance:com.dentscribe.testCases_iOS.TestFeedbackAndNewFeedbackPages@362a6aa5]" started-at="2024-01-04T17:02:46 IST" name="configureAppium" finished-at="2024-01-04T17:02:53 IST" duration-ms="6668" status="PASS">
          <reporter-output>
          </reporter-output>
        </test-method> <!-- configureAppium -->
        <test-method signature="verifyIsFeedbackPageExists()[pri:1, instance:com.dentscribe.testCases_iOS.TestFeedbackAndNewFeedbackPages@362a6aa5]" started-at="2024-01-04T17:02:53 IST" name="verifyIsFeedbackPageExists" finished-at="2024-01-04T17:03:31 IST" duration-ms="38540" status="PASS">
          <reporter-output>
          </reporter-output>
        </test-method> <!-- verifyIsFeedbackPageExists -->
        <test-method signature="verifyIsExpectedFieldsExistsOnFeedbackPage()[pri:2, instance:com.dentscribe.testCases_iOS.TestFeedbackAndNewFeedbackPages@362a6aa5]" started-at="2024-01-04T17:03:31 IST" name="verifyIsExpectedFieldsExistsOnFeedbackPage" finished-at="2024-01-04T17:03:31 IST" depends-on-methods="com.dentscribe.testCases_iOS.TestFeedbackAndNewFeedbackPages.verifyIsFeedbackPageExists" duration-ms="364" status="PASS">
          <reporter-output>
          </reporter-output>
        </test-method> <!-- verifyIsExpectedFieldsExistsOnFeedbackPage -->
        <test-method signature="verifyIsNewFeedbackPageExists()[pri:3, instance:com.dentscribe.testCases_iOS.TestFeedbackAndNewFeedbackPages@362a6aa5]" started-at="2024-01-04T17:03:31 IST" name="verifyIsNewFeedbackPageExists" finished-at="2024-01-04T17:03:33 IST" depends-on-methods="com.dentscribe.testCases_iOS.TestFeedbackAndNewFeedbackPages.verifyIsExpectedFieldsExistsOnFeedbackPage" duration-ms="1113" status="PASS">
          <reporter-output>
          </reporter-output>
        </test-method> <!-- verifyIsNewFeedbackPageExists -->
        <test-method signature="verifyIsExpectedFieldsExistsOnNewFeedbackPage()[pri:4, instance:com.dentscribe.testCases_iOS.TestFeedbackAndNewFeedbackPages@362a6aa5]" started-at="2024-01-04T17:03:33 IST" name="verifyIsExpectedFieldsExistsOnNewFeedbackPage" finished-at="2024-01-04T17:03:34 IST" depends-on-methods="com.dentscribe.testCases_iOS.TestFeedbackAndNewFeedbackPages.verifyIsNewFeedbackPageExists" duration-ms="978" status="PASS">
          <reporter-output>
          </reporter-output>
        </test-method> <!-- verifyIsExpectedFieldsExistsOnNewFeedbackPage -->
        <test-method signature="verifyBackIconNewFeedbackPage()[pri:5, instance:com.dentscribe.testCases_iOS.TestFeedbackAndNewFeedbackPages@362a6aa5]" started-at="2024-01-04T17:03:34 IST" name="verifyBackIconNewFeedbackPage" finished-at="2024-01-04T17:03:35 IST" depends-on-methods="com.dentscribe.testCases_iOS.TestFeedbackAndNewFeedbackPages.verifyIsExpectedFieldsExistsOnNewFeedbackPage" duration-ms="1066" status="PASS">
          <reporter-output>
          </reporter-output>
        </test-method> <!-- verifyBackIconNewFeedbackPage -->
        <test-method signature="createNewFeedbackAndVerify()[pri:6, instance:com.dentscribe.testCases_iOS.TestFeedbackAndNewFeedbackPages@362a6aa5]" started-at="2024-01-04T17:03:35 IST" name="createNewFeedbackAndVerify" finished-at="2024-01-04T17:03:55 IST" depends-on-methods="com.dentscribe.testCases_iOS.TestFeedbackAndNewFeedbackPages.verifyBackIconNewFeedbackPage" duration-ms="20077" status="PASS">
          <reporter-output>
          </reporter-output>
        </test-method> <!-- createNewFeedbackAndVerify -->
        <test-method signature="verifyBackIconFeedbackPage()[pri:7, instance:com.dentscribe.testCases_iOS.TestFeedbackAndNewFeedbackPages@362a6aa5]" started-at="2024-01-04T17:03:55 IST" name="verifyBackIconFeedbackPage" finished-at="2024-01-04T17:03:56 IST" depends-on-methods="com.dentscribe.testCases_iOS.TestFeedbackAndNewFeedbackPages.createNewFeedbackAndVerify" duration-ms="1746" status="PASS">
          <reporter-output>
          </reporter-output>
        </test-method> <!-- verifyBackIconFeedbackPage -->
      </class> <!-- com.dentscribe.testCases_iOS.TestFeedbackAndNewFeedbackPages -->
      <class name="com.dentscribe.testCases_iOS.TestSoapReportAndPatientProfilePage">
        <test-method is-config="true" signature="configureAppium()[pri:0, instance:com.dentscribe.testCases_iOS.TestSoapReportAndPatientProfilePage@29b8df5]" started-at="2024-01-04T16:44:06 IST" name="configureAppium" finished-at="2024-01-04T16:44:12 IST" duration-ms="6312" status="PASS">
          <reporter-output>
          </reporter-output>
        </test-method> <!-- configureAppium -->
        <test-method signature="verifyIsRecordingPageOpenedForExpectedPatient()[pri:1, instance:com.dentscribe.testCases_iOS.TestSoapReportAndPatientProfilePage@29b8df5]" started-at="2024-01-04T16:44:12 IST" name="verifyIsRecordingPageOpenedForExpectedPatient" finished-at="2024-01-04T16:46:23 IST" duration-ms="130878" status="PASS">
          <reporter-output>
          </reporter-output>
        </test-method> <!-- verifyIsRecordingPageOpenedForExpectedPatient -->
        <test-method signature="verifyBackIconRecordingPage()[pri:2, instance:com.dentscribe.testCases_iOS.TestSoapReportAndPatientProfilePage@29b8df5]" started-at="2024-01-04T16:46:23 IST" name="verifyBackIconRecordingPage" finished-at="2024-01-04T16:46:32 IST" depends-on-methods="com.dentscribe.testCases_iOS.TestSoapReportAndPatientProfilePage.verifyIsRecordingPageOpenedForExpectedPatient" duration-ms="8858" status="FAIL">
          <exception class="org.openqa.selenium.NoSuchElementException">
            <message>
              <![CDATA[An element could not be located on the page using the given search parameters.
For documentation on this error, please visit: https://www.selenium.dev/documentation/webdriver/troubleshooting/errors#no-such-element-exception
Build info: version: '4.13.0', revision: 'ba948ece5b*'
System info: os.name: 'Mac OS X', os.arch: 'aarch64', os.version: '13.4', java.version: '20.0.2'
Driver info: io.appium.java_client.ios.IOSDriver
Command: [9c9c9485-a367-4281-833d-0411512a4b90, findElement {using=accessibility id, value=Taylor Kaelie Continue-button}]
Capabilities {appium:app: //Users//mcl-0048/Desktop//..., appium:automationName: XCuiTest, appium:databaseEnabled: false, appium:deviceName: iPhone 14 Plus, appium:javascriptEnabled: true, appium:locationContextEnabled: false, appium:networkConnectionEnabled: false, appium:newCommandTimeout: 5400, appium:platformVersion: 16.4, appium:takesScreenshot: true, appium:udid: 2A4A9901-84B0-429C-B765-6C1..., appium:webStorageEnabled: false, platformName: IOS}
Session ID: 9c9c9485-a367-4281-833d-0411512a4b90]]>
            </message>
            <full-stacktrace>
              <![CDATA[org.openqa.selenium.NoSuchElementException: An element could not be located on the page using the given search parameters.
For documentation on this error, please visit: https://www.selenium.dev/documentation/webdriver/troubleshooting/errors#no-such-element-exception
Build info: version: '4.13.0', revision: 'ba948ece5b*'
System info: os.name: 'Mac OS X', os.arch: 'aarch64', os.version: '13.4', java.version: '20.0.2'
Driver info: io.appium.java_client.ios.IOSDriver
Command: [9c9c9485-a367-4281-833d-0411512a4b90, findElement {using=accessibility id, value=Taylor Kaelie Continue-button}]
Capabilities {appium:app: //Users//mcl-0048/Desktop//..., appium:automationName: XCuiTest, appium:databaseEnabled: false, appium:deviceName: iPhone 14 Plus, appium:javascriptEnabled: true, appium:locationContextEnabled: false, appium:networkConnectionEnabled: false, appium:newCommandTimeout: 5400, appium:platformVersion: 16.4, appium:takesScreenshot: true, appium:udid: 2A4A9901-84B0-429C-B765-6C1..., appium:webStorageEnabled: false, platformName: IOS}
Session ID: 9c9c9485-a367-4281-833d-0411512a4b90
at java.base/jdk.internal.reflect.DirectConstructorHandleAccessor.newInstance(DirectConstructorHandleAccessor.java:67)
at java.base/java.lang.reflect.Constructor.newInstanceWithCaller(Constructor.java:500)
at java.base/java.lang.reflect.Constructor.newInstance(Constructor.java:484)
at org.openqa.selenium.remote.codec.w3c.W3CHttpResponseCodec.createException(W3CHttpResponseCodec.java:200)
at org.openqa.selenium.remote.codec.w3c.W3CHttpResponseCodec.decode(W3CHttpResponseCodec.java:133)
at org.openqa.selenium.remote.codec.w3c.W3CHttpResponseCodec.decode(W3CHttpResponseCodec.java:52)
at org.openqa.selenium.remote.HttpCommandExecutor.execute(HttpCommandExecutor.java:191)
at io.appium.java_client.remote.AppiumCommandExecutor.execute(AppiumCommandExecutor.java:250)
at org.openqa.selenium.remote.RemoteWebDriver.execute(RemoteWebDriver.java:602)
at org.openqa.selenium.remote.ElementLocation$ElementFinder$2.findElement(ElementLocation.java:165)
at org.openqa.selenium.remote.ElementLocation.findElement(ElementLocation.java:59)
at org.openqa.selenium.remote.RemoteWebDriver.findElement(RemoteWebDriver.java:359)
at org.openqa.selenium.remote.RemoteWebDriver.findElement(RemoteWebDriver.java:353)
at com.dentscribe.common.CommonMethods.scrollDownTillElementVisible(CommonMethods.java:325)
at com.dentscribe.pages.ios.CalendarPage.verifyClickContinueButtonForAppointment(CalendarPage.java:371)
at com.dentscribe.testCases_iOS.TestSoapReportAndPatientProfilePage.verifyBackIconRecordingPage(TestSoapReportAndPatientProfilePage.java:92)
at java.base/jdk.internal.reflect.DirectMethodHandleAccessor.invoke(DirectMethodHandleAccessor.java:104)
at java.base/java.lang.reflect.Method.invoke(Method.java:578)
at org.testng.internal.MethodInvocationHelper.invokeMethod(MethodInvocationHelper.java:133)
at org.testng.internal.TestInvoker.invokeMethod(TestInvoker.java:598)
at org.testng.internal.TestInvoker.invokeTestMethod(TestInvoker.java:173)
at org.testng.internal.MethodRunner.runInSequence(MethodRunner.java:46)
at org.testng.internal.TestInvoker$MethodInvocationAgent.invoke(TestInvoker.java:824)
at org.testng.internal.TestInvoker.invokeTestMethods(TestInvoker.java:146)
at org.testng.internal.TestMethodWorker.invokeTestMethods(TestMethodWorker.java:146)
at org.testng.internal.TestMethodWorker.run(TestMethodWorker.java:128)
at java.base/java.util.ArrayList.forEach(ArrayList.java:1511)
at org.testng.TestRunner.privateRun(TestRunner.java:794)
at org.testng.TestRunner.run(TestRunner.java:596)
at org.testng.SuiteRunner.runTest(SuiteRunner.java:377)
at org.testng.SuiteRunner.runSequentially(SuiteRunner.java:371)
at org.testng.SuiteRunner.privateRun(SuiteRunner.java:332)
at org.testng.SuiteRunner.run(SuiteRunner.java:276)
at org.testng.SuiteRunnerWorker.runSuite(SuiteRunnerWorker.java:53)
at org.testng.SuiteRunnerWorker.run(SuiteRunnerWorker.java:96)
at org.testng.TestNG.runSuitesSequentially(TestNG.java:1212)
at org.testng.TestNG.runSuitesLocally(TestNG.java:1134)
at org.testng.TestNG.runSuites(TestNG.java:1063)
at org.testng.TestNG.run(TestNG.java:1031)
at org.testng.remote.AbstractRemoteTestNG.run(AbstractRemoteTestNG.java:115)
at org.testng.remote.RemoteTestNG.initAndRun(RemoteTestNG.java:251)
at org.testng.remote.RemoteTestNG.main(RemoteTestNG.java:77)
]]>
            </full-stacktrace>
          </exception> <!-- org.openqa.selenium.NoSuchElementException -->
          <reporter-output>
          </reporter-output>
        </test-method> <!-- verifyBackIconRecordingPage -->
        <test-method signature="verifyIsSoapReportCreated()[pri:3, instance:com.dentscribe.testCases_iOS.TestSoapReportAndPatientProfilePage@29b8df5]" started-at="2024-01-04T16:46:32 IST" name="verifyIsSoapReportCreated" finished-at="2024-01-04T16:46:32 IST" depends-on-methods="com.dentscribe.testCases_iOS.TestSoapReportAndPatientProfilePage.verifyBackIconRecordingPage" duration-ms="0" status="SKIP">
          <exception class="java.lang.Throwable">
            <message>
              <![CDATA[Method TestSoapReportAndPatientProfilePage.verifyIsSoapReportCreated()[pri:3, instance:com.dentscribe.testCases_iOS.TestSoapReportAndPatientProfilePage@29b8df5] depends on not successfully finished methods]]>
            </message>
            <full-stacktrace>
              <![CDATA[java.lang.Throwable: Method TestSoapReportAndPatientProfilePage.verifyIsSoapReportCreated()[pri:3, instance:com.dentscribe.testCases_iOS.TestSoapReportAndPatientProfilePage@29b8df5] depends on not successfully finished methods
at org.testng.internal.TestInvoker.invokeTestMethods(TestInvoker.java:102)
at org.testng.internal.TestMethodWorker.invokeTestMethods(TestMethodWorker.java:146)
at org.testng.internal.TestMethodWorker.run(TestMethodWorker.java:128)
at java.base/java.util.ArrayList.forEach(ArrayList.java:1511)
at org.testng.TestRunner.privateRun(TestRunner.java:794)
at org.testng.TestRunner.run(TestRunner.java:596)
at org.testng.SuiteRunner.runTest(SuiteRunner.java:377)
at org.testng.SuiteRunner.runSequentially(SuiteRunner.java:371)
at org.testng.SuiteRunner.privateRun(SuiteRunner.java:332)
at org.testng.SuiteRunner.run(SuiteRunner.java:276)
at org.testng.SuiteRunnerWorker.runSuite(SuiteRunnerWorker.java:53)
at org.testng.SuiteRunnerWorker.run(SuiteRunnerWorker.java:96)
at org.testng.TestNG.runSuitesSequentially(TestNG.java:1212)
at org.testng.TestNG.runSuitesLocally(TestNG.java:1134)
at org.testng.TestNG.runSuites(TestNG.java:1063)
at org.testng.TestNG.run(TestNG.java:1031)
at org.testng.remote.AbstractRemoteTestNG.run(AbstractRemoteTestNG.java:115)
at org.testng.remote.RemoteTestNG.initAndRun(RemoteTestNG.java:251)
at org.testng.remote.RemoteTestNG.main(RemoteTestNG.java:77)
]]>
            </full-stacktrace>
          </exception> <!-- java.lang.Throwable -->
          <reporter-output>
          </reporter-output>
        </test-method> <!-- verifyIsSoapReportCreated -->
        <test-method signature="verifyEditIconSoapReport()[pri:4, instance:com.dentscribe.testCases_iOS.TestSoapReportAndPatientProfilePage@29b8df5]" started-at="2024-01-04T16:46:32 IST" name="verifyEditIconSoapReport" finished-at="2024-01-04T16:46:32 IST" depends-on-methods="com.dentscribe.testCases_iOS.TestSoapReportAndPatientProfilePage.verifyIsSoapReportCreated" duration-ms="0" status="SKIP">
          <exception class="java.lang.Throwable">
            <message>
              <![CDATA[Method TestSoapReportAndPatientProfilePage.verifyEditIconSoapReport()[pri:4, instance:com.dentscribe.testCases_iOS.TestSoapReportAndPatientProfilePage@29b8df5] depends on not successfully finished methods]]>
            </message>
            <full-stacktrace>
              <![CDATA[java.lang.Throwable: Method TestSoapReportAndPatientProfilePage.verifyEditIconSoapReport()[pri:4, instance:com.dentscribe.testCases_iOS.TestSoapReportAndPatientProfilePage@29b8df5] depends on not successfully finished methods
at org.testng.internal.TestInvoker.invokeTestMethods(TestInvoker.java:102)
at org.testng.internal.TestMethodWorker.invokeTestMethods(TestMethodWorker.java:146)
at org.testng.internal.TestMethodWorker.run(TestMethodWorker.java:128)
at java.base/java.util.ArrayList.forEach(ArrayList.java:1511)
at org.testng.TestRunner.privateRun(TestRunner.java:794)
at org.testng.TestRunner.run(TestRunner.java:596)
at org.testng.SuiteRunner.runTest(SuiteRunner.java:377)
at org.testng.SuiteRunner.runSequentially(SuiteRunner.java:371)
at org.testng.SuiteRunner.privateRun(SuiteRunner.java:332)
at org.testng.SuiteRunner.run(SuiteRunner.java:276)
at org.testng.SuiteRunnerWorker.runSuite(SuiteRunnerWorker.java:53)
at org.testng.SuiteRunnerWorker.run(SuiteRunnerWorker.java:96)
at org.testng.TestNG.runSuitesSequentially(TestNG.java:1212)
at org.testng.TestNG.runSuitesLocally(TestNG.java:1134)
at org.testng.TestNG.runSuites(TestNG.java:1063)
at org.testng.TestNG.run(TestNG.java:1031)
at org.testng.remote.AbstractRemoteTestNG.run(AbstractRemoteTestNG.java:115)
at org.testng.remote.RemoteTestNG.initAndRun(RemoteTestNG.java:251)
at org.testng.remote.RemoteTestNG.main(RemoteTestNG.java:77)
]]>
            </full-stacktrace>
          </exception> <!-- java.lang.Throwable -->
          <reporter-output>
          </reporter-output>
        </test-method> <!-- verifyEditIconSoapReport -->
        <test-method signature="verifyEditSoapReportAndAddSignatureDuringEditableReport()[pri:5, instance:com.dentscribe.testCases_iOS.TestSoapReportAndPatientProfilePage@29b8df5]" started-at="2024-01-04T16:46:32 IST" name="verifyEditSoapReportAndAddSignatureDuringEditableReport" finished-at="2024-01-04T16:46:32 IST" depends-on-methods="com.dentscribe.testCases_iOS.TestSoapReportAndPatientProfilePage.verifyEditIconSoapReport" duration-ms="0" status="SKIP">
          <exception class="java.lang.Throwable">
            <message>
              <![CDATA[Method TestSoapReportAndPatientProfilePage.verifyEditSoapReportAndAddSignatureDuringEditableReport()[pri:5, instance:com.dentscribe.testCases_iOS.TestSoapReportAndPatientProfilePage@29b8df5] depends on not successfully finished methods]]>
            </message>
            <full-stacktrace>
              <![CDATA[java.lang.Throwable: Method TestSoapReportAndPatientProfilePage.verifyEditSoapReportAndAddSignatureDuringEditableReport()[pri:5, instance:com.dentscribe.testCases_iOS.TestSoapReportAndPatientProfilePage@29b8df5] depends on not successfully finished methods
at org.testng.internal.TestInvoker.invokeTestMethods(TestInvoker.java:102)
at org.testng.internal.TestMethodWorker.invokeTestMethods(TestMethodWorker.java:146)
at org.testng.internal.TestMethodWorker.run(TestMethodWorker.java:128)
at java.base/java.util.ArrayList.forEach(ArrayList.java:1511)
at org.testng.TestRunner.privateRun(TestRunner.java:794)
at org.testng.TestRunner.run(TestRunner.java:596)
at org.testng.SuiteRunner.runTest(SuiteRunner.java:377)
at org.testng.SuiteRunner.runSequentially(SuiteRunner.java:371)
at org.testng.SuiteRunner.privateRun(SuiteRunner.java:332)
at org.testng.SuiteRunner.run(SuiteRunner.java:276)
at org.testng.SuiteRunnerWorker.runSuite(SuiteRunnerWorker.java:53)
at org.testng.SuiteRunnerWorker.run(SuiteRunnerWorker.java:96)
at org.testng.TestNG.runSuitesSequentially(TestNG.java:1212)
at org.testng.TestNG.runSuitesLocally(TestNG.java:1134)
at org.testng.TestNG.runSuites(TestNG.java:1063)
at org.testng.TestNG.run(TestNG.java:1031)
at org.testng.remote.AbstractRemoteTestNG.run(AbstractRemoteTestNG.java:115)
at org.testng.remote.RemoteTestNG.initAndRun(RemoteTestNG.java:251)
at org.testng.remote.RemoteTestNG.main(RemoteTestNG.java:77)
]]>
            </full-stacktrace>
          </exception> <!-- java.lang.Throwable -->
          <reporter-output>
          </reporter-output>
        </test-method> <!-- verifyEditSoapReportAndAddSignatureDuringEditableReport -->
        <test-method signature="updateUserDetailsAndVerifySame()[pri:6, instance:com.dentscribe.testCases_iOS.TestSoapReportAndPatientProfilePage@29b8df5]" started-at="2024-01-04T16:46:32 IST" name="updateUserDetailsAndVerifySame" finished-at="2024-01-04T16:46:32 IST" depends-on-methods="com.dentscribe.testCases_iOS.TestSoapReportAndPatientProfilePage.verifyEditSoapReportAndAddSignatureDuringEditableReport" duration-ms="0" status="SKIP">
          <exception class="java.lang.Throwable">
            <message>
              <![CDATA[Method TestSoapReportAndPatientProfilePage.updateUserDetailsAndVerifySame()[pri:6, instance:com.dentscribe.testCases_iOS.TestSoapReportAndPatientProfilePage@29b8df5] depends on not successfully finished methods]]>
            </message>
            <full-stacktrace>
              <![CDATA[java.lang.Throwable: Method TestSoapReportAndPatientProfilePage.updateUserDetailsAndVerifySame()[pri:6, instance:com.dentscribe.testCases_iOS.TestSoapReportAndPatientProfilePage@29b8df5] depends on not successfully finished methods
at org.testng.internal.TestInvoker.invokeTestMethods(TestInvoker.java:102)
at org.testng.internal.TestMethodWorker.invokeTestMethods(TestMethodWorker.java:146)
at org.testng.internal.TestMethodWorker.run(TestMethodWorker.java:128)
at java.base/java.util.ArrayList.forEach(ArrayList.java:1511)
at org.testng.TestRunner.privateRun(TestRunner.java:794)
at org.testng.TestRunner.run(TestRunner.java:596)
at org.testng.SuiteRunner.runTest(SuiteRunner.java:377)
at org.testng.SuiteRunner.runSequentially(SuiteRunner.java:371)
at org.testng.SuiteRunner.privateRun(SuiteRunner.java:332)
at org.testng.SuiteRunner.run(SuiteRunner.java:276)
at org.testng.SuiteRunnerWorker.runSuite(SuiteRunnerWorker.java:53)
at org.testng.SuiteRunnerWorker.run(SuiteRunnerWorker.java:96)
at org.testng.TestNG.runSuitesSequentially(TestNG.java:1212)
at org.testng.TestNG.runSuitesLocally(TestNG.java:1134)
at org.testng.TestNG.runSuites(TestNG.java:1063)
at org.testng.TestNG.run(TestNG.java:1031)
at org.testng.remote.AbstractRemoteTestNG.run(AbstractRemoteTestNG.java:115)
at org.testng.remote.RemoteTestNG.initAndRun(RemoteTestNG.java:251)
at org.testng.remote.RemoteTestNG.main(RemoteTestNG.java:77)
]]>
            </full-stacktrace>
          </exception> <!-- java.lang.Throwable -->
          <reporter-output>
          </reporter-output>
        </test-method> <!-- updateUserDetailsAndVerifySame -->
        <test-method signature="verifyBackIconSoapReportAndReviewedButtonForAppointment()[pri:7, instance:com.dentscribe.testCases_iOS.TestSoapReportAndPatientProfilePage@29b8df5]" started-at="2024-01-04T16:46:32 IST" name="verifyBackIconSoapReportAndReviewedButtonForAppointment" finished-at="2024-01-04T16:46:32 IST" depends-on-methods="com.dentscribe.testCases_iOS.TestSoapReportAndPatientProfilePage.updateUserDetailsAndVerifySame" duration-ms="0" status="SKIP">
          <exception class="java.lang.Throwable">
            <message>
              <![CDATA[Method TestSoapReportAndPatientProfilePage.verifyBackIconSoapReportAndReviewedButtonForAppointment()[pri:7, instance:com.dentscribe.testCases_iOS.TestSoapReportAndPatientProfilePage@29b8df5] depends on not successfully finished methods]]>
            </message>
            <full-stacktrace>
              <![CDATA[java.lang.Throwable: Method TestSoapReportAndPatientProfilePage.verifyBackIconSoapReportAndReviewedButtonForAppointment()[pri:7, instance:com.dentscribe.testCases_iOS.TestSoapReportAndPatientProfilePage@29b8df5] depends on not successfully finished methods
at org.testng.internal.TestInvoker.invokeTestMethods(TestInvoker.java:102)
at org.testng.internal.TestMethodWorker.invokeTestMethods(TestMethodWorker.java:146)
at org.testng.internal.TestMethodWorker.run(TestMethodWorker.java:128)
at java.base/java.util.ArrayList.forEach(ArrayList.java:1511)
at org.testng.TestRunner.privateRun(TestRunner.java:794)
at org.testng.TestRunner.run(TestRunner.java:596)
at org.testng.SuiteRunner.runTest(SuiteRunner.java:377)
at org.testng.SuiteRunner.runSequentially(SuiteRunner.java:371)
at org.testng.SuiteRunner.privateRun(SuiteRunner.java:332)
at org.testng.SuiteRunner.run(SuiteRunner.java:276)
at org.testng.SuiteRunnerWorker.runSuite(SuiteRunnerWorker.java:53)
at org.testng.SuiteRunnerWorker.run(SuiteRunnerWorker.java:96)
at org.testng.TestNG.runSuitesSequentially(TestNG.java:1212)
at org.testng.TestNG.runSuitesLocally(TestNG.java:1134)
at org.testng.TestNG.runSuites(TestNG.java:1063)
at org.testng.TestNG.run(TestNG.java:1031)
at org.testng.remote.AbstractRemoteTestNG.run(AbstractRemoteTestNG.java:115)
at org.testng.remote.RemoteTestNG.initAndRun(RemoteTestNG.java:251)
at org.testng.remote.RemoteTestNG.main(RemoteTestNG.java:77)
]]>
            </full-stacktrace>
          </exception> <!-- java.lang.Throwable -->
          <reporter-output>
          </reporter-output>
        </test-method> <!-- verifyBackIconSoapReportAndReviewedButtonForAppointment -->
        <test-method signature="verifyPatientProfilePage()[pri:8, instance:com.dentscribe.testCases_iOS.TestSoapReportAndPatientProfilePage@29b8df5]" started-at="2024-01-04T16:46:32 IST" name="verifyPatientProfilePage" finished-at="2024-01-04T16:46:32 IST" depends-on-methods="com.dentscribe.testCases_iOS.TestSoapReportAndPatientProfilePage.verifyBackIconSoapReportAndReviewedButtonForAppointment" duration-ms="0" status="SKIP">
          <exception class="java.lang.Throwable">
            <message>
              <![CDATA[Method TestSoapReportAndPatientProfilePage.verifyPatientProfilePage()[pri:8, instance:com.dentscribe.testCases_iOS.TestSoapReportAndPatientProfilePage@29b8df5] depends on not successfully finished methods]]>
            </message>
            <full-stacktrace>
              <![CDATA[java.lang.Throwable: Method TestSoapReportAndPatientProfilePage.verifyPatientProfilePage()[pri:8, instance:com.dentscribe.testCases_iOS.TestSoapReportAndPatientProfilePage@29b8df5] depends on not successfully finished methods
at org.testng.internal.TestInvoker.invokeTestMethods(TestInvoker.java:102)
at org.testng.internal.TestMethodWorker.invokeTestMethods(TestMethodWorker.java:146)
at org.testng.internal.TestMethodWorker.run(TestMethodWorker.java:128)
at java.base/java.util.ArrayList.forEach(ArrayList.java:1511)
at org.testng.TestRunner.privateRun(TestRunner.java:794)
at org.testng.TestRunner.run(TestRunner.java:596)
at org.testng.SuiteRunner.runTest(SuiteRunner.java:377)
at org.testng.SuiteRunner.runSequentially(SuiteRunner.java:371)
at org.testng.SuiteRunner.privateRun(SuiteRunner.java:332)
at org.testng.SuiteRunner.run(SuiteRunner.java:276)
at org.testng.SuiteRunnerWorker.runSuite(SuiteRunnerWorker.java:53)
at org.testng.SuiteRunnerWorker.run(SuiteRunnerWorker.java:96)
at org.testng.TestNG.runSuitesSequentially(TestNG.java:1212)
at org.testng.TestNG.runSuitesLocally(TestNG.java:1134)
at org.testng.TestNG.runSuites(TestNG.java:1063)
at org.testng.TestNG.run(TestNG.java:1031)
at org.testng.remote.AbstractRemoteTestNG.run(AbstractRemoteTestNG.java:115)
at org.testng.remote.RemoteTestNG.initAndRun(RemoteTestNG.java:251)
at org.testng.remote.RemoteTestNG.main(RemoteTestNG.java:77)
]]>
            </full-stacktrace>
          </exception> <!-- java.lang.Throwable -->
          <reporter-output>
          </reporter-output>
        </test-method> <!-- verifyPatientProfilePage -->
        <test-method signature="verifyBackIconPatientProfilePage()[pri:9, instance:com.dentscribe.testCases_iOS.TestSoapReportAndPatientProfilePage@29b8df5]" started-at="2024-01-04T16:46:32 IST" name="verifyBackIconPatientProfilePage" finished-at="2024-01-04T16:46:32 IST" depends-on-methods="com.dentscribe.testCases_iOS.TestSoapReportAndPatientProfilePage.verifyPatientProfilePage" duration-ms="0" status="SKIP">
          <exception class="java.lang.Throwable">
            <message>
              <![CDATA[Method TestSoapReportAndPatientProfilePage.verifyBackIconPatientProfilePage()[pri:9, instance:com.dentscribe.testCases_iOS.TestSoapReportAndPatientProfilePage@29b8df5] depends on not successfully finished methods]]>
            </message>
            <full-stacktrace>
              <![CDATA[java.lang.Throwable: Method TestSoapReportAndPatientProfilePage.verifyBackIconPatientProfilePage()[pri:9, instance:com.dentscribe.testCases_iOS.TestSoapReportAndPatientProfilePage@29b8df5] depends on not successfully finished methods
at org.testng.internal.TestInvoker.invokeTestMethods(TestInvoker.java:102)
at org.testng.internal.TestMethodWorker.invokeTestMethods(TestMethodWorker.java:146)
at org.testng.internal.TestMethodWorker.run(TestMethodWorker.java:128)
at java.base/java.util.ArrayList.forEach(ArrayList.java:1511)
at org.testng.TestRunner.privateRun(TestRunner.java:794)
at org.testng.TestRunner.run(TestRunner.java:596)
at org.testng.SuiteRunner.runTest(SuiteRunner.java:377)
at org.testng.SuiteRunner.runSequentially(SuiteRunner.java:371)
at org.testng.SuiteRunner.privateRun(SuiteRunner.java:332)
at org.testng.SuiteRunner.run(SuiteRunner.java:276)
at org.testng.SuiteRunnerWorker.runSuite(SuiteRunnerWorker.java:53)
at org.testng.SuiteRunnerWorker.run(SuiteRunnerWorker.java:96)
at org.testng.TestNG.runSuitesSequentially(TestNG.java:1212)
at org.testng.TestNG.runSuitesLocally(TestNG.java:1134)
at org.testng.TestNG.runSuites(TestNG.java:1063)
at org.testng.TestNG.run(TestNG.java:1031)
at org.testng.remote.AbstractRemoteTestNG.run(AbstractRemoteTestNG.java:115)
at org.testng.remote.RemoteTestNG.initAndRun(RemoteTestNG.java:251)
at org.testng.remote.RemoteTestNG.main(RemoteTestNG.java:77)
]]>
            </full-stacktrace>
          </exception> <!-- java.lang.Throwable -->
          <reporter-output>
          </reporter-output>
        </test-method> <!-- verifyBackIconPatientProfilePage -->
      </class> <!-- com.dentscribe.testCases_iOS.TestSoapReportAndPatientProfilePage -->
      <class name="com.dentscribe.testCases_iOS.TestSmsVerificationPageAfterLogin">
        <test-method is-config="true" signature="configureAppium()[pri:0, instance:com.dentscribe.testCases_iOS.TestSmsVerificationPageAfterLogin@70a24f9]" started-at="2024-01-04T16:47:30 IST" name="configureAppium" finished-at="2024-01-04T16:47:36 IST" duration-ms="5686" status="PASS">
          <reporter-output>
          </reporter-output>
        </test-method> <!-- configureAppium -->
        <test-method signature="verifyIsSmsVerificationPageExistsAfterLogin()[pri:1, instance:com.dentscribe.testCases_iOS.TestSmsVerificationPageAfterLogin@70a24f9]" started-at="2024-01-04T16:47:36 IST" name="verifyIsSmsVerificationPageExistsAfterLogin" finished-at="2024-01-04T16:47:48 IST" duration-ms="12339" status="PASS">
          <reporter-output>
          </reporter-output>
        </test-method> <!-- verifyIsSmsVerificationPageExistsAfterLogin -->
        <test-method signature="verifySmsVerificationWithBlankOtp()[pri:2, instance:com.dentscribe.testCases_iOS.TestSmsVerificationPageAfterLogin@70a24f9]" started-at="2024-01-04T16:47:48 IST" name="verifySmsVerificationWithBlankOtp" finished-at="2024-01-04T16:47:50 IST" depends-on-methods="com.dentscribe.testCases_iOS.TestSmsVerificationPageAfterLogin.verifyIsSmsVerificationPageExistsAfterLogin" duration-ms="1244" status="PASS">
          <reporter-output>
          </reporter-output>
        </test-method> <!-- verifySmsVerificationWithBlankOtp -->
        <test-method signature="verifySmsVerificationWithWrongOtp()[pri:3, instance:com.dentscribe.testCases_iOS.TestSmsVerificationPageAfterLogin@70a24f9]" started-at="2024-01-04T16:47:50 IST" name="verifySmsVerificationWithWrongOtp" finished-at="2024-01-04T16:48:03 IST" depends-on-methods="com.dentscribe.testCases_iOS.TestSmsVerificationPageAfterLogin.verifySmsVerificationWithBlankOtp" duration-ms="13463" status="PASS">
          <reporter-output>
          </reporter-output>
        </test-method> <!-- verifySmsVerificationWithWrongOtp -->
        <test-method signature="verifySmsVerificationResendCodeLink()[pri:4, instance:com.dentscribe.testCases_iOS.TestSmsVerificationPageAfterLogin@70a24f9]" started-at="2024-01-04T16:48:03 IST" name="verifySmsVerificationResendCodeLink" finished-at="2024-01-04T16:48:25 IST" depends-on-methods="com.dentscribe.testCases_iOS.TestSmsVerificationPageAfterLogin.verifySmsVerificationWithWrongOtp" duration-ms="22134" status="PASS">
          <reporter-output>
          </reporter-output>
        </test-method> <!-- verifySmsVerificationResendCodeLink -->
        <test-method signature="verifyWhetherSmsVerificationPageBackIconRedirectToLoginPage()[pri:5, instance:com.dentscribe.testCases_iOS.TestSmsVerificationPageAfterLogin@70a24f9]" started-at="2024-01-04T16:48:25 IST" name="verifyWhetherSmsVerificationPageBackIconRedirectToLoginPage" finished-at="2024-01-04T16:48:27 IST" duration-ms="1270" status="PASS">
          <reporter-output>
          </reporter-output>
        </test-method> <!-- verifyWhetherSmsVerificationPageBackIconRedirectToLoginPage -->
        <test-method signature="verifySmsVerificationWithValidOtp()[pri:6, instance:com.dentscribe.testCases_iOS.TestSmsVerificationPageAfterLogin@70a24f9]" started-at="2024-01-04T16:48:27 IST" name="verifySmsVerificationWithValidOtp" finished-at="2024-01-04T16:48:56 IST" depends-on-methods="com.dentscribe.testCases_iOS.TestSmsVerificationPageAfterLogin.verifyWhetherSmsVerificationPageBackIconRedirectToLoginPage" duration-ms="29872" status="PASS">
          <reporter-output>
          </reporter-output>
        </test-method> <!-- verifySmsVerificationWithValidOtp -->
      </class> <!-- com.dentscribe.testCases_iOS.TestSmsVerificationPageAfterLogin -->
      <class name="com.dentscribe.testCases_iOS.TestSignUpPage">
        <test-method is-config="true" signature="configureAppium()[pri:0, instance:com.dentscribe.testCases_iOS.TestSignUpPage@78bad03b]" started-at="2024-01-04T16:48:56 IST" name="configureAppium" finished-at="2024-01-04T16:49:08 IST" duration-ms="11193" status="PASS">
          <reporter-output>
          </reporter-output>
        </test-method> <!-- configureAppium -->
        <test-method signature="verifyIsSignupPageExists()[pri:1, instance:com.dentscribe.testCases_iOS.TestSignUpPage@78bad03b]" started-at="2024-01-04T16:49:08 IST" name="verifyIsSignupPageExists" finished-at="2024-01-04T16:49:09 IST" duration-ms="1232" status="PASS">
          <reporter-output>
          </reporter-output>
        </test-method> <!-- verifyIsSignupPageExists -->
        <test-method signature="verifySignupWithoutMandatoryFields()[pri:2, instance:com.dentscribe.testCases_iOS.TestSignUpPage@78bad03b]" started-at="2024-01-04T16:49:09 IST" name="verifySignupWithoutMandatoryFields" finished-at="2024-01-04T16:49:28 IST" depends-on-methods="com.dentscribe.testCases_iOS.TestSignUpPage.verifyIsSignupPageExists" duration-ms="18871" status="PASS">
          <reporter-output>
          </reporter-output>
        </test-method> <!-- verifySignupWithoutMandatoryFields -->
        <test-method signature="verifySignupPageForInvalidEmail()[pri:3, instance:com.dentscribe.testCases_iOS.TestSignUpPage@78bad03b]" started-at="2024-01-04T16:49:28 IST" name="verifySignupPageForInvalidEmail" finished-at="2024-01-04T16:49:37 IST" depends-on-methods="com.dentscribe.testCases_iOS.TestSignUpPage.verifyIsSignupPageExists" duration-ms="9265" status="PASS">
          <reporter-output>
          </reporter-output>
        </test-method> <!-- verifySignupPageForInvalidEmail -->
        <test-method signature="verifySignupPageForWeakPassword()[pri:4, instance:com.dentscribe.testCases_iOS.TestSignUpPage@78bad03b]" started-at="2024-01-04T16:49:37 IST" name="verifySignupPageForWeakPassword" finished-at="2024-01-04T16:49:45 IST" depends-on-methods="com.dentscribe.testCases_iOS.TestSignUpPage.verifyIsSignupPageExists" duration-ms="8219" status="PASS">
          <reporter-output>
          </reporter-output>
        </test-method> <!-- verifySignupPageForWeakPassword -->
        <test-method signature="verifySignupPageForConfirmPassowrd()[pri:5, instance:com.dentscribe.testCases_iOS.TestSignUpPage@78bad03b]" started-at="2024-01-04T16:49:45 IST" name="verifySignupPageForConfirmPassowrd" finished-at="2024-01-04T16:49:58 IST" depends-on-methods="com.dentscribe.testCases_iOS.TestSignUpPage.verifyIsSignupPageExists" duration-ms="13015" status="PASS">
          <reporter-output>
          </reporter-output>
        </test-method> <!-- verifySignupPageForConfirmPassowrd -->
        <test-method signature="verifyExistingAndDuplicateEmailId()[pri:6, instance:com.dentscribe.testCases_iOS.TestSignUpPage@78bad03b]" started-at="2024-01-04T16:49:58 IST" name="verifyExistingAndDuplicateEmailId" finished-at="2024-01-04T16:50:50 IST" depends-on-methods="com.dentscribe.testCases_iOS.TestSignUpPage.verifyIsSignupPageExists" duration-ms="51780" status="PASS">
          <reporter-output>
          </reporter-output>
        </test-method> <!-- verifyExistingAndDuplicateEmailId -->
        <test-method signature="verifySignupWithOnlyMandatoryFields()[pri:7, instance:com.dentscribe.testCases_iOS.TestSignUpPage@78bad03b]" started-at="2024-01-04T16:50:50 IST" name="verifySignupWithOnlyMandatoryFields" finished-at="2024-01-04T16:51:00 IST" depends-on-methods="com.dentscribe.testCases_iOS.TestSignUpPage.verifyIsSignupPageExists" duration-ms="10172" status="PASS">
          <reporter-output>
          </reporter-output>
        </test-method> <!-- verifySignupWithOnlyMandatoryFields -->
        <test-method signature="verifySignupConfirmationPopupButtons()[pri:8, instance:com.dentscribe.testCases_iOS.TestSignUpPage@78bad03b]" started-at="2024-01-04T16:51:00 IST" name="verifySignupConfirmationPopupButtons" finished-at="2024-01-04T16:51:06 IST" depends-on-methods="com.dentscribe.testCases_iOS.TestSignUpPage.verifyIsSignupPageExists" duration-ms="5784" status="PASS">
          <reporter-output>
          </reporter-output>
        </test-method> <!-- verifySignupConfirmationPopupButtons -->
      </class> <!-- com.dentscribe.testCases_iOS.TestSignUpPage -->
      <class name="com.dentscribe.testCases_iOS.TestPatientSearchPage">
        <test-method is-config="true" signature="configureAppium()[pri:0, instance:com.dentscribe.testCases_iOS.TestPatientSearchPage@100eeedc]" started-at="2024-01-04T16:55:42 IST" name="configureAppium" finished-at="2024-01-04T16:55:49 IST" duration-ms="6519" status="PASS">
          <reporter-output>
          </reporter-output>
        </test-method> <!-- configureAppium -->
        <test-method signature="verifySkipLinkTourPages()[pri:1, instance:com.dentscribe.testCases_iOS.TestPatientSearchPage@100eeedc]" started-at="2024-01-04T16:55:49 IST" name="verifySkipLinkTourPages" finished-at="2024-01-04T16:56:18 IST" duration-ms="29656" status="PASS">
          <reporter-output>
          </reporter-output>
        </test-method> <!-- verifySkipLinkTourPages -->
        <test-method signature="verifyIsPatientSearchPageExists()[pri:2, instance:com.dentscribe.testCases_iOS.TestPatientSearchPage@100eeedc]" started-at="2024-01-04T16:56:18 IST" name="verifyIsPatientSearchPageExists" finished-at="2024-01-04T16:56:34 IST" depends-on-methods="com.dentscribe.testCases_iOS.TestPatientSearchPage.verifySkipLinkTourPages" duration-ms="16005" status="PASS">
          <reporter-output>
          </reporter-output>
        </test-method> <!-- verifyIsPatientSearchPageExists -->
        <test-method signature="verifyPatientSearchByInvalidData()[pri:3, instance:com.dentscribe.testCases_iOS.TestPatientSearchPage@100eeedc]" started-at="2024-01-04T16:56:34 IST" name="verifyPatientSearchByInvalidData" finished-at="2024-01-04T16:56:47 IST" depends-on-methods="com.dentscribe.testCases_iOS.TestPatientSearchPage.verifyIsPatientSearchPageExists" duration-ms="12624" status="PASS">
          <reporter-output>
          </reporter-output>
        </test-method> <!-- verifyPatientSearchByInvalidData -->
        <test-method signature="DS_042_verifyPatientSearchByPatientName()[pri:4, instance:com.dentscribe.testCases_iOS.TestPatientSearchPage@100eeedc]" started-at="2024-01-04T16:56:47 IST" name="DS_042_verifyPatientSearchByPatientName" finished-at="2024-01-04T16:57:06 IST" depends-on-methods="com.dentscribe.testCases_iOS.TestPatientSearchPage.verifyIsPatientSearchPageExists" duration-ms="19405" status="PASS">
          <reporter-output>
          </reporter-output>
        </test-method> <!-- DS_042_verifyPatientSearchByPatientName -->
        <test-method signature="verifyPatientSearchByPatientPhoneNumber()[pri:5, instance:com.dentscribe.testCases_iOS.TestPatientSearchPage@100eeedc]" started-at="2024-01-04T16:57:06 IST" name="verifyPatientSearchByPatientPhoneNumber" finished-at="2024-01-04T16:57:28 IST" depends-on-methods="com.dentscribe.testCases_iOS.TestPatientSearchPage.verifyIsPatientSearchPageExists" duration-ms="21255" status="PASS">
          <reporter-output>
          </reporter-output>
        </test-method> <!-- verifyPatientSearchByPatientPhoneNumber -->
        <test-method signature="verifyPatientSearchByPatientDOB()[pri:6, instance:com.dentscribe.testCases_iOS.TestPatientSearchPage@100eeedc]" started-at="2024-01-04T16:57:28 IST" name="verifyPatientSearchByPatientDOB" finished-at="2024-01-04T16:57:45 IST" depends-on-methods="com.dentscribe.testCases_iOS.TestPatientSearchPage.verifyIsPatientSearchPageExists" duration-ms="17794" status="FAIL">
          <exception class="java.lang.AssertionError">
            <message>
              <![CDATA[expected [true] but found [false]]]>
            </message>
            <full-stacktrace>
              <![CDATA[java.lang.AssertionError: expected [true] but found [false]
at org.testng.Assert.fail(Assert.java:99)
at org.testng.Assert.failNotEquals(Assert.java:1037)
at org.testng.Assert.assertTrue(Assert.java:45)
at org.testng.Assert.assertTrue(Assert.java:55)
at com.dentscribe.testCases_iOS.TestPatientSearchPage.verifyPatientSearchByPatientDOB(TestPatientSearchPage.java:85)
at java.base/jdk.internal.reflect.DirectMethodHandleAccessor.invoke(DirectMethodHandleAccessor.java:104)
at java.base/java.lang.reflect.Method.invoke(Method.java:578)
at org.testng.internal.MethodInvocationHelper.invokeMethod(MethodInvocationHelper.java:133)
at org.testng.internal.TestInvoker.invokeMethod(TestInvoker.java:598)
at org.testng.internal.TestInvoker.invokeTestMethod(TestInvoker.java:173)
at org.testng.internal.MethodRunner.runInSequence(MethodRunner.java:46)
at org.testng.internal.TestInvoker$MethodInvocationAgent.invoke(TestInvoker.java:824)
at org.testng.internal.TestInvoker.invokeTestMethods(TestInvoker.java:146)
at org.testng.internal.TestMethodWorker.invokeTestMethods(TestMethodWorker.java:146)
at org.testng.internal.TestMethodWorker.run(TestMethodWorker.java:128)
at java.base/java.util.ArrayList.forEach(ArrayList.java:1511)
at org.testng.TestRunner.privateRun(TestRunner.java:794)
at org.testng.TestRunner.run(TestRunner.java:596)
at org.testng.SuiteRunner.runTest(SuiteRunner.java:377)
at org.testng.SuiteRunner.runSequentially(SuiteRunner.java:371)
at org.testng.SuiteRunner.privateRun(SuiteRunner.java:332)
at org.testng.SuiteRunner.run(SuiteRunner.java:276)
at org.testng.SuiteRunnerWorker.runSuite(SuiteRunnerWorker.java:53)
at org.testng.SuiteRunnerWorker.run(SuiteRunnerWorker.java:96)
at org.testng.TestNG.runSuitesSequentially(TestNG.java:1212)
at org.testng.TestNG.runSuitesLocally(TestNG.java:1134)
at org.testng.TestNG.runSuites(TestNG.java:1063)
at org.testng.TestNG.run(TestNG.java:1031)
at org.testng.remote.AbstractRemoteTestNG.run(AbstractRemoteTestNG.java:115)
at org.testng.remote.RemoteTestNG.initAndRun(RemoteTestNG.java:251)
at org.testng.remote.RemoteTestNG.main(RemoteTestNG.java:77)
]]>
            </full-stacktrace>
          </exception> <!-- java.lang.AssertionError -->
          <reporter-output>
          </reporter-output>
        </test-method> <!-- verifyPatientSearchByPatientDOB -->
        <test-method signature="verifyPatientSearchByPatientInsurance()[pri:7, instance:com.dentscribe.testCases_iOS.TestPatientSearchPage@100eeedc]" started-at="2024-01-04T16:57:46 IST" name="verifyPatientSearchByPatientInsurance" finished-at="2024-01-04T16:58:18 IST" depends-on-methods="com.dentscribe.testCases_iOS.TestPatientSearchPage.verifyIsPatientSearchPageExists" duration-ms="32542" status="PASS">
          <reporter-output>
          </reporter-output>
        </test-method> <!-- verifyPatientSearchByPatientInsurance -->
      </class> <!-- com.dentscribe.testCases_iOS.TestPatientSearchPage -->
      <class name="com.dentscribe.testCases_iOS.TestRecordingfor50mintsAndGenerateSoapReport">
        <test-method is-config="true" signature="configureAppium()[pri:0, instance:com.dentscribe.testCases_iOS.TestRecordingfor50mintsAndGenerateSoapReport@6a6e9289]" started-at="2024-01-04T17:50:49 IST" name="configureAppium" finished-at="2024-01-04T17:50:57 IST" duration-ms="8257" status="PASS">
          <reporter-output>
          </reporter-output>
        </test-method> <!-- configureAppium -->
        <test-method signature="verifyWhetherSoapReportCreatedFor50mintsRecording()[pri:0, instance:com.dentscribe.testCases_iOS.TestRecordingfor50mintsAndGenerateSoapReport@6a6e9289]" started-at="2024-01-04T17:50:57 IST" name="verifyWhetherSoapReportCreatedFor50mintsRecording" finished-at="2024-01-04T18:44:46 IST" duration-ms="3228634" status="PASS">
          <reporter-output>
          </reporter-output>
        </test-method> <!-- verifyWhetherSoapReportCreatedFor50mintsRecording -->
      </class> <!-- com.dentscribe.testCases_iOS.TestRecordingfor50mintsAndGenerateSoapReport -->
      <class name="com.dentscribe.testCases_iOS.TestSettingsPage">
        <test-method is-config="true" signature="configureAppium()[pri:0, instance:com.dentscribe.testCases_iOS.TestSettingsPage@18bb1b88]" started-at="2024-01-04T16:58:44 IST" name="configureAppium" finished-at="2024-01-04T16:58:51 IST" duration-ms="6557" status="PASS">
          <reporter-output>
          </reporter-output>
        </test-method> <!-- configureAppium -->
        <test-method signature="verifyIsSettingsPageExists()[pri:1, instance:com.dentscribe.testCases_iOS.TestSettingsPage@18bb1b88]" started-at="2024-01-04T16:58:51 IST" name="verifyIsSettingsPageExists" finished-at="2024-01-04T16:59:28 IST" duration-ms="37584" status="PASS">
          <reporter-output>
          </reporter-output>
        </test-method> <!-- verifyIsSettingsPageExists -->
        <test-method signature="verifyBackIconSettingsPage()[pri:2, instance:com.dentscribe.testCases_iOS.TestSettingsPage@18bb1b88]" started-at="2024-01-04T16:59:28 IST" name="verifyBackIconSettingsPage" finished-at="2024-01-04T16:59:50 IST" depends-on-methods="com.dentscribe.testCases_iOS.TestSettingsPage.verifyIsSettingsPageExists" duration-ms="21691" status="PASS">
          <reporter-output>
          </reporter-output>
        </test-method> <!-- verifyBackIconSettingsPage -->
        <test-method signature="verifyPushNotificationsSwitch()[pri:3, instance:com.dentscribe.testCases_iOS.TestSettingsPage@18bb1b88]" started-at="2024-01-04T16:59:50 IST" name="verifyPushNotificationsSwitch" finished-at="2024-01-04T16:59:56 IST" depends-on-methods="com.dentscribe.testCases_iOS.TestSettingsPage.verifyBackIconSettingsPage" duration-ms="5665" status="PASS">
          <reporter-output>
          </reporter-output>
        </test-method> <!-- verifyPushNotificationsSwitch -->
        <test-method signature="verifySmsNotificationsSwitch()[pri:4, instance:com.dentscribe.testCases_iOS.TestSettingsPage@18bb1b88]" started-at="2024-01-04T16:59:56 IST" name="verifySmsNotificationsSwitch" finished-at="2024-01-04T17:00:01 IST" duration-ms="5563" status="PASS">
          <reporter-output>
          </reporter-output>
        </test-method> <!-- verifySmsNotificationsSwitch -->
        <test-method signature="verifyEmailNotificationsSwitch()[pri:5, instance:com.dentscribe.testCases_iOS.TestSettingsPage@18bb1b88]" started-at="2024-01-04T17:00:01 IST" name="verifyEmailNotificationsSwitch" finished-at="2024-01-04T17:00:07 IST" duration-ms="5561" status="PASS">
          <reporter-output>
          </reporter-output>
        </test-method> <!-- verifyEmailNotificationsSwitch -->
        <test-method signature="verifyAccountInfoUpdate()[pri:6, instance:com.dentscribe.testCases_iOS.TestSettingsPage@18bb1b88]" started-at="2024-01-04T17:00:07 IST" name="verifyAccountInfoUpdate" finished-at="2024-01-04T17:00:30 IST" duration-ms="23459" status="PASS">
          <reporter-output>
          </reporter-output>
        </test-method> <!-- verifyAccountInfoUpdate -->
        <test-method signature="verifyPracticeUpdate()[pri:7, instance:com.dentscribe.testCases_iOS.TestSettingsPage@18bb1b88]" started-at="2024-01-04T17:00:30 IST" name="verifyPracticeUpdate" finished-at="2024-01-04T17:01:00 IST" duration-ms="29701" status="PASS">
          <reporter-output>
          </reporter-output>
        </test-method> <!-- verifyPracticeUpdate -->
        <test-method signature="verifyHelpOptionsSettingsPage()[pri:8, instance:com.dentscribe.testCases_iOS.TestSettingsPage@18bb1b88]" started-at="2024-01-04T17:01:00 IST" name="verifyHelpOptionsSettingsPage" finished-at="2024-01-04T17:01:14 IST" duration-ms="13772" status="PASS">
          <reporter-output>
          </reporter-output>
        </test-method> <!-- verifyHelpOptionsSettingsPage -->
        <test-method signature="verifyFAQsInHelpPage()[pri:9, instance:com.dentscribe.testCases_iOS.TestSettingsPage@18bb1b88]" started-at="2024-01-04T17:01:14 IST" name="verifyFAQsInHelpPage" finished-at="2024-01-04T17:01:18 IST" duration-ms="4314" status="PASS">
          <reporter-output>
          </reporter-output>
        </test-method> <!-- verifyFAQsInHelpPage -->
        <test-method signature="verifyLogout()[pri:10, instance:com.dentscribe.testCases_iOS.TestSettingsPage@18bb1b88]" started-at="2024-01-04T17:01:18 IST" name="verifyLogout" finished-at="2024-01-04T17:01:21 IST" duration-ms="2353" status="PASS">
          <reporter-output>
          </reporter-output>
        </test-method> <!-- verifyLogout -->
      </class> <!-- com.dentscribe.testCases_iOS.TestSettingsPage -->
      <class name="com.dentscribe.testCases_iOS.TestCreateUserBuyPaidPlanAndCancelPaidPlan">
        <test-method is-config="true" signature="configureAppium()[pri:0, instance:com.dentscribe.testCases_iOS.TestCreateUserBuyPaidPlanAndCancelPaidPlan@d76099a]" started-at="2024-01-04T16:23:28 IST" name="configureAppium" finished-at="2024-01-04T16:23:35 IST" duration-ms="7728" status="PASS">
          <reporter-output>
          </reporter-output>
        </test-method> <!-- configureAppium -->
        <test-method signature="verifySignupNewUser()[pri:1, instance:com.dentscribe.testCases_iOS.TestCreateUserBuyPaidPlanAndCancelPaidPlan@d76099a]" started-at="2024-01-04T16:23:35 IST" name="verifySignupNewUser" finished-at="2024-01-04T16:24:44 IST" duration-ms="68607" status="PASS">
          <reporter-output>
          </reporter-output>
        </test-method> <!-- verifySignupNewUser -->
        <test-method signature="verifyCreatePracticeInfo()[pri:2, instance:com.dentscribe.testCases_iOS.TestCreateUserBuyPaidPlanAndCancelPaidPlan@d76099a]" started-at="2024-01-04T16:24:44 IST" name="verifyCreatePracticeInfo" finished-at="2024-01-04T16:25:28 IST" depends-on-methods="com.dentscribe.testCases_iOS.TestCreateUserBuyPaidPlanAndCancelPaidPlan.verifySignupNewUser" duration-ms="43498" status="PASS">
          <reporter-output>
          </reporter-output>
        </test-method> <!-- verifyCreatePracticeInfo -->
        <test-method signature="verifySikkaWebViewRegistration()[pri:3, instance:com.dentscribe.testCases_iOS.TestCreateUserBuyPaidPlanAndCancelPaidPlan@d76099a]" started-at="2024-01-04T16:25:28 IST" name="verifySikkaWebViewRegistration" finished-at="2024-01-04T16:28:38 IST" depends-on-methods="com.dentscribe.testCases_iOS.TestCreateUserBuyPaidPlanAndCancelPaidPlan.verifyCreatePracticeInfo" duration-ms="190454" status="PASS">
          <reporter-output>
          </reporter-output>
        </test-method> <!-- verifySikkaWebViewRegistration -->
        <test-method signature="verifySpuInstallPopupAndRefreshData()[pri:4, instance:com.dentscribe.testCases_iOS.TestCreateUserBuyPaidPlanAndCancelPaidPlan@d76099a]" started-at="2024-01-04T16:28:38 IST" name="verifySpuInstallPopupAndRefreshData" finished-at="2024-01-04T16:28:50 IST" depends-on-methods="com.dentscribe.testCases_iOS.TestCreateUserBuyPaidPlanAndCancelPaidPlan.verifySikkaWebViewRegistration" duration-ms="12244" status="PASS">
          <reporter-output>
          </reporter-output>
        </test-method> <!-- verifySpuInstallPopupAndRefreshData -->
        <test-method signature="verifyEulaAgreementPageAndAcceptAgreement()[pri:5, instance:com.dentscribe.testCases_iOS.TestCreateUserBuyPaidPlanAndCancelPaidPlan@d76099a]" started-at="2024-01-04T16:28:50 IST" name="verifyEulaAgreementPageAndAcceptAgreement" finished-at="2024-01-04T16:29:23 IST" depends-on-methods="com.dentscribe.testCases_iOS.TestCreateUserBuyPaidPlanAndCancelPaidPlan.verifySpuInstallPopupAndRefreshData" duration-ms="32701" status="PASS">
          <reporter-output>
          </reporter-output>
        </test-method> <!-- verifyEulaAgreementPageAndAcceptAgreement -->
        <test-method signature="verifyCanUserBuyPaidPlan()[pri:6, instance:com.dentscribe.testCases_iOS.TestCreateUserBuyPaidPlanAndCancelPaidPlan@d76099a]" started-at="2024-01-04T16:29:23 IST" name="verifyCanUserBuyPaidPlan" finished-at="2024-01-04T16:30:17 IST" depends-on-methods="com.dentscribe.testCases_iOS.TestCreateUserBuyPaidPlanAndCancelPaidPlan.verifyEulaAgreementPageAndAcceptAgreement" duration-ms="54247" status="PASS">
          <reporter-output>
          </reporter-output>
        </test-method> <!-- verifyCanUserBuyPaidPlan -->
        <test-method signature="verifyCancelSubscriptionPopup()[pri:7, instance:com.dentscribe.testCases_iOS.TestCreateUserBuyPaidPlanAndCancelPaidPlan@d76099a]" started-at="2024-01-04T16:30:17 IST" name="verifyCancelSubscriptionPopup" finished-at="2024-01-04T16:30:28 IST" depends-on-methods="com.dentscribe.testCases_iOS.TestCreateUserBuyPaidPlanAndCancelPaidPlan.verifyCanUserBuyPaidPlan" duration-ms="11020" status="PASS">
          <reporter-output>
          </reporter-output>
        </test-method> <!-- verifyCancelSubscriptionPopup -->
        <test-method signature="verifyCanUserCancelSubcription()[pri:8, instance:com.dentscribe.testCases_iOS.TestCreateUserBuyPaidPlanAndCancelPaidPlan@d76099a]" started-at="2024-01-04T16:30:28 IST" name="verifyCanUserCancelSubcription" finished-at="2024-01-04T16:30:40 IST" depends-on-methods="com.dentscribe.testCases_iOS.TestCreateUserBuyPaidPlanAndCancelPaidPlan.verifyCancelSubscriptionPopup" duration-ms="11754" status="PASS">
          <reporter-output>
          </reporter-output>
        </test-method> <!-- verifyCanUserCancelSubcription -->
        <test-method signature="verifyCanUserUpdatePaymentMethod()[pri:9, instance:com.dentscribe.testCases_iOS.TestCreateUserBuyPaidPlanAndCancelPaidPlan@d76099a]" started-at="2024-01-04T16:30:40 IST" name="verifyCanUserUpdatePaymentMethod" finished-at="2024-01-04T16:31:58 IST" depends-on-methods="com.dentscribe.testCases_iOS.TestCreateUserBuyPaidPlanAndCancelPaidPlan.verifyCanUserCancelSubcription" duration-ms="78396" status="PASS">
          <reporter-output>
          </reporter-output>
        </test-method> <!-- verifyCanUserUpdatePaymentMethod -->
        <test-method signature="verifyCanUserBuyPaidPlanAgainAfterCancelOnce()[pri:10, instance:com.dentscribe.testCases_iOS.TestCreateUserBuyPaidPlanAndCancelPaidPlan@d76099a]" started-at="2024-01-04T16:31:58 IST" name="verifyCanUserBuyPaidPlanAgainAfterCancelOnce" finished-at="2024-01-04T16:32:06 IST" depends-on-methods="com.dentscribe.testCases_iOS.TestCreateUserBuyPaidPlanAndCancelPaidPlan.verifyCanUserUpdatePaymentMethod" duration-ms="7581" status="PASS">
          <reporter-output>
          </reporter-output>
        </test-method> <!-- verifyCanUserBuyPaidPlanAgainAfterCancelOnce -->
      </class> <!-- com.dentscribe.testCases_iOS.TestCreateUserBuyPaidPlanAndCancelPaidPlan -->
      <class name="com.dentscribe.testCases_iOS.TestSignupAndLoginWithoutRegisterPractice">
        <test-method is-config="true" signature="configureAppium()[pri:0, instance:com.dentscribe.testCases_iOS.TestSignupAndLoginWithoutRegisterPractice@18dac12f]" started-at="2024-01-04T16:53:00 IST" name="configureAppium" finished-at="2024-01-04T16:53:07 IST" duration-ms="6702" status="PASS">
          <reporter-output>
          </reporter-output>
        </test-method> <!-- configureAppium -->
        <test-method signature="verifySignupWithNonSupportedPMS()[pri:1, instance:com.dentscribe.testCases_iOS.TestSignupAndLoginWithoutRegisterPractice@18dac12f]" started-at="2024-01-04T16:53:07 IST" name="verifySignupWithNonSupportedPMS" finished-at="2024-01-04T16:53:55 IST" duration-ms="48106" status="PASS">
          <reporter-output>
          </reporter-output>
        </test-method> <!-- verifySignupWithNonSupportedPMS -->
        <test-method signature="verifySignupWithSupportedPMS()[pri:2, instance:com.dentscribe.testCases_iOS.TestSignupAndLoginWithoutRegisterPractice@18dac12f]" started-at="2024-01-04T16:53:55 IST" name="verifySignupWithSupportedPMS" finished-at="2024-01-04T16:53:58 IST" depends-on-methods="com.dentscribe.testCases_iOS.TestSignupAndLoginWithoutRegisterPractice.verifySignupWithNonSupportedPMS" duration-ms="3300" status="PASS">
          <reporter-output>
          </reporter-output>
        </test-method> <!-- verifySignupWithSupportedPMS -->
        <test-method signature="verifyWishToContinuePopupBackButton()[pri:3, instance:com.dentscribe.testCases_iOS.TestSignupAndLoginWithoutRegisterPractice@18dac12f]" started-at="2024-01-04T16:53:58 IST" name="verifyWishToContinuePopupBackButton" finished-at="2024-01-04T16:54:00 IST" depends-on-methods="com.dentscribe.testCases_iOS.TestSignupAndLoginWithoutRegisterPractice.verifySignupWithSupportedPMS" duration-ms="1927" status="PASS">
          <reporter-output>
          </reporter-output>
        </test-method> <!-- verifyWishToContinuePopupBackButton -->
        <test-method signature="verifyPracticeInfoMandatoryFields()[pri:4, instance:com.dentscribe.testCases_iOS.TestSignupAndLoginWithoutRegisterPractice@18dac12f]" started-at="2024-01-04T16:54:00 IST" name="verifyPracticeInfoMandatoryFields" finished-at="2024-01-04T16:54:29 IST" depends-on-methods="com.dentscribe.testCases_iOS.TestSignupAndLoginWithoutRegisterPractice.verifyWishToContinuePopupBackButton" duration-ms="29400" status="PASS">
          <reporter-output>
          </reporter-output>
        </test-method> <!-- verifyPracticeInfoMandatoryFields -->
        <test-method signature="verifyLoginWithoutRegisterPractice()[pri:5, instance:com.dentscribe.testCases_iOS.TestSignupAndLoginWithoutRegisterPractice@18dac12f]" started-at="2024-01-04T16:54:29 IST" name="verifyLoginWithoutRegisterPractice" finished-at="2024-01-04T16:54:40 IST" depends-on-methods="com.dentscribe.testCases_iOS.TestSignupAndLoginWithoutRegisterPractice.verifyPracticeInfoMandatoryFields" duration-ms="10460" status="PASS">
          <reporter-output>
          </reporter-output>
        </test-method> <!-- verifyLoginWithoutRegisterPractice -->
      </class> <!-- com.dentscribe.testCases_iOS.TestSignupAndLoginWithoutRegisterPractice -->
      <class name="com.dentscribe.testCases_iOS.TestCreateUserTakeFreePlanAndBuyPaidPlan">
        <test-method is-config="true" signature="configureAppium()[pri:0, instance:com.dentscribe.testCases_iOS.TestCreateUserTakeFreePlanAndBuyPaidPlan@61c87f1b]" started-at="2024-01-04T16:32:06 IST" name="configureAppium" finished-at="2024-01-04T16:32:13 IST" duration-ms="7365" status="PASS">
          <reporter-output>
          </reporter-output>
        </test-method> <!-- configureAppium -->
        <test-method signature="createNewUserAndGoToManageSubscriptionPage()[pri:1, instance:com.dentscribe.testCases_iOS.TestCreateUserTakeFreePlanAndBuyPaidPlan@61c87f1b]" started-at="2024-01-04T16:32:13 IST" name="createNewUserAndGoToManageSubscriptionPage" finished-at="2024-01-04T16:38:02 IST" duration-ms="349054" status="PASS">
          <reporter-output>
          </reporter-output>
        </test-method> <!-- createNewUserAndGoToManageSubscriptionPage -->
        <test-method signature="verifyIsAddPaymentMethodExists()[pri:2, instance:com.dentscribe.testCases_iOS.TestCreateUserTakeFreePlanAndBuyPaidPlan@61c87f1b]" started-at="2024-01-04T16:38:02 IST" name="verifyIsAddPaymentMethodExists" finished-at="2024-01-04T16:38:04 IST" depends-on-methods="com.dentscribe.testCases_iOS.TestCreateUserTakeFreePlanAndBuyPaidPlan.createNewUserAndGoToManageSubscriptionPage" duration-ms="1940" status="PASS">
          <reporter-output>
          </reporter-output>
        </test-method> <!-- verifyIsAddPaymentMethodExists -->
        <test-method signature="verifyAddPaymentMethodMandatoryFields()[pri:3, instance:com.dentscribe.testCases_iOS.TestCreateUserTakeFreePlanAndBuyPaidPlan@61c87f1b]" started-at="2024-01-04T16:38:04 IST" name="verifyAddPaymentMethodMandatoryFields" finished-at="2024-01-04T16:38:19 IST" depends-on-methods="com.dentscribe.testCases_iOS.TestCreateUserTakeFreePlanAndBuyPaidPlan.verifyIsAddPaymentMethodExists" duration-ms="14554" status="PASS">
          <reporter-output>
          </reporter-output>
        </test-method> <!-- verifyAddPaymentMethodMandatoryFields -->
        <test-method signature="verifyBackIconAddPaymentMethodPage()[pri:4, instance:com.dentscribe.testCases_iOS.TestCreateUserTakeFreePlanAndBuyPaidPlan@61c87f1b]" started-at="2024-01-04T16:38:19 IST" name="verifyBackIconAddPaymentMethodPage" finished-at="2024-01-04T16:38:20 IST" depends-on-methods="com.dentscribe.testCases_iOS.TestCreateUserTakeFreePlanAndBuyPaidPlan.verifyAddPaymentMethodMandatoryFields" duration-ms="1461" status="PASS">
          <reporter-output>
          </reporter-output>
        </test-method> <!-- verifyBackIconAddPaymentMethodPage -->
        <test-method signature="verifyCanUserTake30DaysFreeTrialPlan()[pri:5, instance:com.dentscribe.testCases_iOS.TestCreateUserTakeFreePlanAndBuyPaidPlan@61c87f1b]" started-at="2024-01-04T16:38:20 IST" name="verifyCanUserTake30DaysFreeTrialPlan" finished-at="2024-01-04T16:38:45 IST" depends-on-methods="com.dentscribe.testCases_iOS.TestCreateUserTakeFreePlanAndBuyPaidPlan.createNewUserAndGoToManageSubscriptionPage" duration-ms="24500" status="PASS">
          <reporter-output>
          </reporter-output>
        </test-method> <!-- verifyCanUserTake30DaysFreeTrialPlan -->
        <test-method signature="verifyCanUserBuyPaidPlanAfterFreeTrialPlan()[pri:6, instance:com.dentscribe.testCases_iOS.TestCreateUserTakeFreePlanAndBuyPaidPlan@61c87f1b]" started-at="2024-01-04T16:38:45 IST" name="verifyCanUserBuyPaidPlanAfterFreeTrialPlan" finished-at="2024-01-04T16:39:24 IST" depends-on-methods="com.dentscribe.testCases_iOS.TestCreateUserTakeFreePlanAndBuyPaidPlan.verifyCanUserTake30DaysFreeTrialPlan" duration-ms="39319" status="PASS">
          <reporter-output>
          </reporter-output>
        </test-method> <!-- verifyCanUserBuyPaidPlanAfterFreeTrialPlan -->
      </class> <!-- com.dentscribe.testCases_iOS.TestCreateUserTakeFreePlanAndBuyPaidPlan -->
      <class name="com.dentscribe.testCases_iOS.TestAllAppointmentStatuses">
        <test-method is-config="true" signature="configureAppium()[pri:0, instance:com.dentscribe.testCases_iOS.TestAllAppointmentStatuses@44976b08]" started-at="2024-01-04T16:39:24 IST" name="configureAppium" finished-at="2024-01-04T16:39:30 IST" duration-ms="6186" status="PASS">
          <reporter-output>
          </reporter-output>
        </test-method> <!-- configureAppium -->
        <test-method signature="goToCalendarPageAndSelectAppointmentsDate()[pri:1, instance:com.dentscribe.testCases_iOS.TestAllAppointmentStatuses@44976b08]" started-at="2024-01-04T16:39:30 IST" name="goToCalendarPageAndSelectAppointmentsDate" finished-at="2024-01-04T16:40:59 IST" duration-ms="89008" status="PASS">
          <reporter-output>
          </reporter-output>
        </test-method> <!-- goToCalendarPageAndSelectAppointmentsDate -->
        <test-method signature="verifyIsPatientPopupAppearingOnStartButtonClick()[pri:2, instance:com.dentscribe.testCases_iOS.TestAllAppointmentStatuses@44976b08]" started-at="2024-01-04T16:40:59 IST" name="verifyIsPatientPopupAppearingOnStartButtonClick" finished-at="2024-01-04T16:41:15 IST" depends-on-methods="com.dentscribe.testCases_iOS.TestAllAppointmentStatuses.goToCalendarPageAndSelectAppointmentsDate" duration-ms="15576" status="PASS">
          <reporter-output>
          </reporter-output>
        </test-method> <!-- verifyIsPatientPopupAppearingOnStartButtonClick -->
        <test-method signature="verifyStartRecordingButtonOnPatientDetailsPopupAndClick()[pri:3, instance:com.dentscribe.testCases_iOS.TestAllAppointmentStatuses@44976b08]" started-at="2024-01-04T16:41:15 IST" name="verifyStartRecordingButtonOnPatientDetailsPopupAndClick" finished-at="2024-01-04T16:41:38 IST" depends-on-methods="com.dentscribe.testCases_iOS.TestAllAppointmentStatuses.verifyIsPatientPopupAppearingOnStartButtonClick" duration-ms="23432" status="PASS">
          <reporter-output>
          </reporter-output>
        </test-method> <!-- verifyStartRecordingButtonOnPatientDetailsPopupAndClick -->
        <test-method signature="verifyIsAppointmentStatusContinueAfterPauseRecording()[pri:4, instance:com.dentscribe.testCases_iOS.TestAllAppointmentStatuses@44976b08]" started-at="2024-01-04T16:41:38 IST" name="verifyIsAppointmentStatusContinueAfterPauseRecording" finished-at="2024-01-04T16:41:58 IST" depends-on-methods="com.dentscribe.testCases_iOS.TestAllAppointmentStatuses.verifyStartRecordingButtonOnPatientDetailsPopupAndClick" duration-ms="19547" status="PASS">
          <reporter-output>
          </reporter-output>
        </test-method> <!-- verifyIsAppointmentStatusContinueAfterPauseRecording -->
        <test-method signature="verifyIsPatientPopupAppearingOnContinueButtonClick()[pri:5, instance:com.dentscribe.testCases_iOS.TestAllAppointmentStatuses@44976b08]" started-at="2024-01-04T16:41:58 IST" name="verifyIsPatientPopupAppearingOnContinueButtonClick" finished-at="2024-01-04T16:42:08 IST" depends-on-methods="com.dentscribe.testCases_iOS.TestAllAppointmentStatuses.verifyIsAppointmentStatusContinueAfterPauseRecording" duration-ms="9597" status="PASS">
          <reporter-output>
          </reporter-output>
        </test-method> <!-- verifyIsPatientPopupAppearingOnContinueButtonClick -->
        <test-method signature="verifyContinueRecordingButtonOnPatientDetailsPopupAndClick()[pri:6, instance:com.dentscribe.testCases_iOS.TestAllAppointmentStatuses@44976b08]" started-at="2024-01-04T16:42:08 IST" name="verifyContinueRecordingButtonOnPatientDetailsPopupAndClick" finished-at="2024-01-04T16:42:32 IST" depends-on-methods="com.dentscribe.testCases_iOS.TestAllAppointmentStatuses.verifyIsPatientPopupAppearingOnContinueButtonClick" duration-ms="24045" status="PASS">
          <reporter-output>
          </reporter-output>
        </test-method> <!-- verifyContinueRecordingButtonOnPatientDetailsPopupAndClick -->
        <test-method signature="verifyIsAppointmentStatusReviewAfterStopRecording()[pri:7, instance:com.dentscribe.testCases_iOS.TestAllAppointmentStatuses@44976b08]" started-at="2024-01-04T16:42:32 IST" name="verifyIsAppointmentStatusReviewAfterStopRecording" finished-at="2024-01-04T16:43:29 IST" depends-on-methods="com.dentscribe.testCases_iOS.TestAllAppointmentStatuses.verifyContinueRecordingButtonOnPatientDetailsPopupAndClick" duration-ms="57694" status="PASS">
          <reporter-output>
          </reporter-output>
        </test-method> <!-- verifyIsAppointmentStatusReviewAfterStopRecording -->
        <test-method signature="addSignatureInSoapReportAndSubmit()[pri:8, instance:com.dentscribe.testCases_iOS.TestAllAppointmentStatuses@44976b08]" started-at="2024-01-04T16:43:29 IST" name="addSignatureInSoapReportAndSubmit" finished-at="2024-01-04T16:43:52 IST" depends-on-methods="com.dentscribe.testCases_iOS.TestAllAppointmentStatuses.verifyIsAppointmentStatusReviewAfterStopRecording" duration-ms="23202" status="PASS">
          <reporter-output>
          </reporter-output>
        </test-method> <!-- addSignatureInSoapReportAndSubmit -->
        <test-method signature="verifyIsAppointmentStatusReviewedAndSoapReportAfterClickIt()[pri:9, instance:com.dentscribe.testCases_iOS.TestAllAppointmentStatuses@44976b08]" started-at="2024-01-04T16:43:52 IST" name="verifyIsAppointmentStatusReviewedAndSoapReportAfterClickIt" finished-at="2024-01-04T16:44:06 IST" depends-on-methods="com.dentscribe.testCases_iOS.TestAllAppointmentStatuses.addSignatureInSoapReportAndSubmit" duration-ms="13304" status="PASS">
          <reporter-output>
          </reporter-output>
        </test-method> <!-- verifyIsAppointmentStatusReviewedAndSoapReportAfterClickIt -->
      </class> <!-- com.dentscribe.testCases_iOS.TestAllAppointmentStatuses -->
      <class name="com.dentscribe.testCases_iOS.TestLoginPage">
        <test-method is-config="true" signature="configureAppium()[pri:0, instance:com.dentscribe.testCases_iOS.TestLoginPage@20890a1a]" started-at="2024-01-04T16:46:32 IST" name="configureAppium" finished-at="2024-01-04T16:46:39 IST" duration-ms="6561" status="PASS">
          <reporter-output>
          </reporter-output>
        </test-method> <!-- configureAppium -->
        <test-method signature="verifyIsLoginPageExistsAndItsFields()[pri:1, instance:com.dentscribe.testCases_iOS.TestLoginPage@20890a1a]" started-at="2024-01-04T16:46:39 IST" name="verifyIsLoginPageExistsAndItsFields" finished-at="2024-01-04T16:46:40 IST" duration-ms="1271" status="PASS">
          <reporter-output>
          </reporter-output>
        </test-method> <!-- verifyIsLoginPageExistsAndItsFields -->
        <test-method signature="verifyLoginWithoutMandatoryFields()[pri:2, instance:com.dentscribe.testCases_iOS.TestLoginPage@20890a1a]" started-at="2024-01-04T16:46:40 IST" name="verifyLoginWithoutMandatoryFields" finished-at="2024-01-04T16:46:41 IST" depends-on-methods="com.dentscribe.testCases_iOS.TestLoginPage.verifyIsLoginPageExistsAndItsFields" duration-ms="1031" status="PASS">
          <reporter-output>
          </reporter-output>
        </test-method> <!-- verifyLoginWithoutMandatoryFields -->
        <test-method signature="DS_006_verifyLoginWithNonExistingUser()[pri:3, instance:com.dentscribe.testCases_iOS.TestLoginPage@20890a1a]" started-at="2024-01-04T16:46:41 IST" name="DS_006_verifyLoginWithNonExistingUser" finished-at="2024-01-04T16:46:51 IST" depends-on-methods="com.dentscribe.testCases_iOS.TestLoginPage.verifyIsLoginPageExistsAndItsFields" duration-ms="10221" status="PASS">
          <reporter-output>
          </reporter-output>
        </test-method> <!-- DS_006_verifyLoginWithNonExistingUser -->
        <test-method signature="verifyLoginWithInvalidPassword()[pri:4, instance:com.dentscribe.testCases_iOS.TestLoginPage@20890a1a]" started-at="2024-01-04T16:46:51 IST" name="verifyLoginWithInvalidPassword" finished-at="2024-01-04T16:47:02 IST" depends-on-methods="com.dentscribe.testCases_iOS.TestLoginPage.verifyIsLoginPageExistsAndItsFields" duration-ms="10297" status="PASS">
          <reporter-output>
          </reporter-output>
        </test-method> <!-- verifyLoginWithInvalidPassword -->
        <test-method signature="verifyLoginWithThreeInvalidAttempts()[pri:5, instance:com.dentscribe.testCases_iOS.TestLoginPage@20890a1a]" started-at="2024-01-04T16:47:02 IST" name="verifyLoginWithThreeInvalidAttempts" finished-at="2024-01-04T16:47:16 IST" depends-on-methods="com.dentscribe.testCases_iOS.TestLoginPage.verifyIsLoginPageExistsAndItsFields" duration-ms="14140" status="PASS">
          <reporter-output>
          </reporter-output>
        </test-method> <!-- verifyLoginWithThreeInvalidAttempts -->
        <test-method signature="verifyLoginWithValidCredentials()[pri:6, instance:com.dentscribe.testCases_iOS.TestLoginPage@20890a1a]" started-at="2024-01-04T16:47:16 IST" name="verifyLoginWithValidCredentials" finished-at="2024-01-04T16:47:30 IST" depends-on-methods="com.dentscribe.testCases_iOS.TestLoginPage.verifyIsLoginPageExistsAndItsFields" duration-ms="14706" status="PASS">
          <reporter-output>
          </reporter-output>
        </test-method> <!-- verifyLoginWithValidCredentials -->
      </class> <!-- com.dentscribe.testCases_iOS.TestLoginPage -->
      <class name="com.dentscribe.testCases_iOS.TestRecordingfor10mintsAndGenerateSoapReport">
        <test-method is-config="true" signature="configureAppium()[pri:0, instance:com.dentscribe.testCases_iOS.TestRecordingfor10mintsAndGenerateSoapReport@53b7bf01]" started-at="2024-01-04T17:03:56 IST" name="configureAppium" finished-at="2024-01-04T17:04:03 IST" duration-ms="6272" status="PASS">
          <reporter-output>
          </reporter-output>
        </test-method> <!-- configureAppium -->
        <test-method signature="verifyWhetherSoapReportCreatedFor10mintsRecording()[pri:1, instance:com.dentscribe.testCases_iOS.TestRecordingfor10mintsAndGenerateSoapReport@53b7bf01]" started-at="2024-01-04T17:04:03 IST" name="verifyWhetherSoapReportCreatedFor10mintsRecording" finished-at="2024-01-04T17:16:59 IST" duration-ms="776669" status="PASS">
          <reporter-output>
          </reporter-output>
        </test-method> <!-- verifyWhetherSoapReportCreatedFor10mintsRecording -->
      </class> <!-- com.dentscribe.testCases_iOS.TestRecordingfor10mintsAndGenerateSoapReport -->
      <class name="com.dentscribe.testCases_iOS.TestRecordingfor30mintsAndGenerateSoapReport">
        <test-method is-config="true" signature="configureAppium()[pri:0, instance:com.dentscribe.testCases_iOS.TestRecordingfor30mintsAndGenerateSoapReport@139089a4]" started-at="2024-01-04T17:16:59 IST" name="configureAppium" finished-at="2024-01-04T17:17:06 IST" duration-ms="6636" status="PASS">
          <reporter-output>
          </reporter-output>
        </test-method> <!-- configureAppium -->
        <test-method signature="verifyWhetherSoapReportCreatedFor30mintsRecording()[pri:0, instance:com.dentscribe.testCases_iOS.TestRecordingfor30mintsAndGenerateSoapReport@139089a4]" started-at="2024-01-04T17:17:06 IST" name="verifyWhetherSoapReportCreatedFor30mintsRecording" finished-at="2024-01-04T17:50:49 IST" duration-ms="2022778" status="PASS">
          <reporter-output>
          </reporter-output>
        </test-method> <!-- verifyWhetherSoapReportCreatedFor30mintsRecording -->
      </class> <!-- com.dentscribe.testCases_iOS.TestRecordingfor30mintsAndGenerateSoapReport -->
      <class name="com.dentscribe.testCases_iOS.TestSmsVerificationPageAfterSignup">
        <test-method is-config="true" signature="configureAppium()[pri:0, instance:com.dentscribe.testCases_iOS.TestSmsVerificationPageAfterSignup@26101efc]" started-at="2024-01-04T16:51:06 IST" name="configureAppium" finished-at="2024-01-04T16:51:12 IST" duration-ms="6464" status="PASS">
          <reporter-output>
          </reporter-output>
        </test-method> <!-- configureAppium -->
        <test-method signature="verifyIsSmsVerificationPageExistsAfterSignup()[pri:1, instance:com.dentscribe.testCases_iOS.TestSmsVerificationPageAfterSignup@26101efc]" started-at="2024-01-04T16:51:12 IST" name="verifyIsSmsVerificationPageExistsAfterSignup" finished-at="2024-01-04T16:52:01 IST" duration-ms="48670" status="PASS">
          <reporter-output>
          </reporter-output>
        </test-method> <!-- verifyIsSmsVerificationPageExistsAfterSignup -->
        <test-method signature="verifySmsVerificationWithBlankOtp()[pri:2, instance:com.dentscribe.testCases_iOS.TestSmsVerificationPageAfterSignup@26101efc]" started-at="2024-01-04T16:52:01 IST" name="verifySmsVerificationWithBlankOtp" finished-at="2024-01-04T16:52:02 IST" depends-on-methods="com.dentscribe.testCases_iOS.TestSmsVerificationPageAfterSignup.verifyIsSmsVerificationPageExistsAfterSignup" duration-ms="1280" status="PASS">
          <reporter-output>
          </reporter-output>
        </test-method> <!-- verifySmsVerificationWithBlankOtp -->
        <test-method signature="verifySmsVerificationWithWrongOtp()[pri:3, instance:com.dentscribe.testCases_iOS.TestSmsVerificationPageAfterSignup@26101efc]" started-at="2024-01-04T16:52:02 IST" name="verifySmsVerificationWithWrongOtp" finished-at="2024-01-04T16:52:16 IST" depends-on-methods="com.dentscribe.testCases_iOS.TestSmsVerificationPageAfterSignup.verifyIsSmsVerificationPageExistsAfterSignup" duration-ms="13674" status="PASS">
          <reporter-output>
          </reporter-output>
        </test-method> <!-- verifySmsVerificationWithWrongOtp -->
        <test-method signature="verifySmsVerificationResendCodeLink()[pri:4, instance:com.dentscribe.testCases_iOS.TestSmsVerificationPageAfterSignup@26101efc]" started-at="2024-01-04T16:52:16 IST" name="verifySmsVerificationResendCodeLink" finished-at="2024-01-04T16:52:38 IST" depends-on-methods="com.dentscribe.testCases_iOS.TestSmsVerificationPageAfterSignup.verifyIsSmsVerificationPageExistsAfterSignup" duration-ms="22054" status="PASS">
          <reporter-output>
          </reporter-output>
        </test-method> <!-- verifySmsVerificationResendCodeLink -->
        <test-method signature="verifyWhetherSmsVerificationPageBackIconRedirectToSignupPage()[pri:5, instance:com.dentscribe.testCases_iOS.TestSmsVerificationPageAfterSignup@26101efc]" started-at="2024-01-04T16:52:38 IST" name="verifyWhetherSmsVerificationPageBackIconRedirectToSignupPage" finished-at="2024-01-04T16:52:39 IST" duration-ms="1286" status="PASS">
          <reporter-output>
          </reporter-output>
        </test-method> <!-- verifyWhetherSmsVerificationPageBackIconRedirectToSignupPage -->
        <test-method signature="verifySmsVerificationWithValidOtp()[pri:6, instance:com.dentscribe.testCases_iOS.TestSmsVerificationPageAfterSignup@26101efc]" started-at="2024-01-04T16:52:39 IST" name="verifySmsVerificationWithValidOtp" finished-at="2024-01-04T16:53:00 IST" depends-on-methods="com.dentscribe.testCases_iOS.TestSmsVerificationPageAfterSignup.verifyWhetherSmsVerificationPageBackIconRedirectToSignupPage" duration-ms="20540" status="PASS">
          <reporter-output>
          </reporter-output>
        </test-method> <!-- verifySmsVerificationWithValidOtp -->
      </class> <!-- com.dentscribe.testCases_iOS.TestSmsVerificationPageAfterSignup -->
      <class name="com.dentscribe.testCases_iOS.TestTourPages">
        <test-method is-config="true" signature="configureAppium()[pri:0, instance:com.dentscribe.testCases_iOS.TestTourPages@36cfe107]" started-at="2024-01-04T16:54:40 IST" name="configureAppium" finished-at="2024-01-04T16:54:46 IST" duration-ms="6412" status="PASS">
          <reporter-output>
          </reporter-output>
        </test-method> <!-- configureAppium -->
        <test-method signature="DS_033_verifyIsTourPageExists()[pri:1, instance:com.dentscribe.testCases_iOS.TestTourPages@36cfe107]" started-at="2024-01-04T16:54:46 IST" name="DS_033_verifyIsTourPageExists" finished-at="2024-01-04T16:55:13 IST" duration-ms="26699" status="PASS">
          <reporter-output>
          </reporter-output>
        </test-method> <!-- DS_033_verifyIsTourPageExists -->
        <test-method signature="DS_034_verifyNextButtonFromFirstToLastTourPage()[pri:2, instance:com.dentscribe.testCases_iOS.TestTourPages@36cfe107]" started-at="2024-01-04T16:55:13 IST" name="DS_034_verifyNextButtonFromFirstToLastTourPage" finished-at="2024-01-04T16:55:18 IST" depends-on-methods="com.dentscribe.testCases_iOS.TestTourPages.DS_033_verifyIsTourPageExists" duration-ms="4549" status="PASS">
          <reporter-output>
          </reporter-output>
        </test-method> <!-- DS_034_verifyNextButtonFromFirstToLastTourPage -->
        <test-method signature="DS_035_verifyBackButtonFromLastToFirstTourPage()[pri:3, instance:com.dentscribe.testCases_iOS.TestTourPages@36cfe107]" started-at="2024-01-04T16:55:18 IST" name="DS_035_verifyBackButtonFromLastToFirstTourPage" finished-at="2024-01-04T16:55:22 IST" depends-on-methods="com.dentscribe.testCases_iOS.TestTourPages.DS_034_verifyNextButtonFromFirstToLastTourPage" duration-ms="4502" status="PASS">
          <reporter-output>
          </reporter-output>
        </test-method> <!-- DS_035_verifyBackButtonFromLastToFirstTourPage -->
        <test-method signature="DS_036_verifyRightSwipeFromFirstToLastTourPage()[pri:4, instance:com.dentscribe.testCases_iOS.TestTourPages@36cfe107]" started-at="2024-01-04T16:55:22 IST" name="DS_036_verifyRightSwipeFromFirstToLastTourPage" finished-at="2024-01-04T16:55:28 IST" depends-on-methods="com.dentscribe.testCases_iOS.TestTourPages.DS_035_verifyBackButtonFromLastToFirstTourPage" duration-ms="6248" status="PASS">
          <reporter-output>
          </reporter-output>
        </test-method> <!-- DS_036_verifyRightSwipeFromFirstToLastTourPage -->
        <test-method signature="DS_037_verifyLeftSwipeFromLastToFirstTourPage()[pri:5, instance:com.dentscribe.testCases_iOS.TestTourPages@36cfe107]" started-at="2024-01-04T16:55:28 IST" name="DS_037_verifyLeftSwipeFromLastToFirstTourPage" finished-at="2024-01-04T16:55:35 IST" depends-on-methods="com.dentscribe.testCases_iOS.TestTourPages.DS_036_verifyRightSwipeFromFirstToLastTourPage" duration-ms="6237" status="PASS">
          <reporter-output>
          </reporter-output>
        </test-method> <!-- DS_037_verifyLeftSwipeFromLastToFirstTourPage -->
        <test-method signature="DS_038_verifyNextButtonOfPatientDatabaseTourPage()[pri:6, instance:com.dentscribe.testCases_iOS.TestTourPages@36cfe107]" started-at="2024-01-04T16:55:35 IST" name="DS_038_verifyNextButtonOfPatientDatabaseTourPage" finished-at="2024-01-04T16:55:42 IST" depends-on-methods="com.dentscribe.testCases_iOS.TestTourPages.DS_037_verifyLeftSwipeFromLastToFirstTourPage" duration-ms="7458" status="PASS">
          <reporter-output>
          </reporter-output>
        </test-method> <!-- DS_038_verifyNextButtonOfPatientDatabaseTourPage -->
      </class> <!-- com.dentscribe.testCases_iOS.TestTourPages -->
      <class name="com.dentscribe.testCases_iOS.TestForgotPasswordPage">
        <test-method is-config="true" signature="configureAppium()[pri:0, instance:com.dentscribe.testCases_iOS.TestForgotPasswordPage@56266bda]" started-at="2024-01-04T16:58:18 IST" name="configureAppium" finished-at="2024-01-04T16:58:25 IST" duration-ms="6732" status="PASS">
          <reporter-output>
          </reporter-output>
        </test-method> <!-- configureAppium -->
        <test-method signature="verityIsForgotPasswordPageExists()[pri:1, instance:com.dentscribe.testCases_iOS.TestForgotPasswordPage@56266bda]" started-at="2024-01-04T16:58:25 IST" name="verityIsForgotPasswordPageExists" finished-at="2024-01-04T16:58:26 IST" duration-ms="1511" status="PASS">
          <reporter-output>
          </reporter-output>
        </test-method> <!-- verityIsForgotPasswordPageExists -->
        <test-method signature="verifyForgotPasswordMandatoryFields()[pri:2, instance:com.dentscribe.testCases_iOS.TestForgotPasswordPage@56266bda]" started-at="2024-01-04T16:58:26 IST" name="verifyForgotPasswordMandatoryFields" finished-at="2024-01-04T16:58:27 IST" depends-on-methods="com.dentscribe.testCases_iOS.TestForgotPasswordPage.verityIsForgotPasswordPageExists" duration-ms="672" status="PASS">
          <reporter-output>
          </reporter-output>
        </test-method> <!-- verifyForgotPasswordMandatoryFields -->
        <test-method signature="verifyForgotPasswordForWrongEmailId()[pri:3, instance:com.dentscribe.testCases_iOS.TestForgotPasswordPage@56266bda]" started-at="2024-01-04T16:58:27 IST" name="verifyForgotPasswordForWrongEmailId" finished-at="2024-01-04T16:58:32 IST" depends-on-methods="com.dentscribe.testCases_iOS.TestForgotPasswordPage.verityIsForgotPasswordPageExists" duration-ms="4559" status="PASS">
          <reporter-output>
          </reporter-output>
        </test-method> <!-- verifyForgotPasswordForWrongEmailId -->
        <test-method signature="verifyForgotPasswordForNotExistsEmailId()[pri:4, instance:com.dentscribe.testCases_iOS.TestForgotPasswordPage@56266bda]" started-at="2024-01-04T16:58:32 IST" name="verifyForgotPasswordForNotExistsEmailId" finished-at="2024-01-04T16:58:36 IST" depends-on-methods="com.dentscribe.testCases_iOS.TestForgotPasswordPage.verityIsForgotPasswordPageExists" duration-ms="4381" status="PASS">
          <reporter-output>
          </reporter-output>
        </test-method> <!-- verifyForgotPasswordForNotExistsEmailId -->
        <test-method signature="verifyForgotPasswordForValidEmailId()[pri:5, instance:com.dentscribe.testCases_iOS.TestForgotPasswordPage@56266bda]" started-at="2024-01-04T16:58:36 IST" name="verifyForgotPasswordForValidEmailId" finished-at="2024-01-04T16:58:43 IST" depends-on-methods="com.dentscribe.testCases_iOS.TestForgotPasswordPage.verityIsForgotPasswordPageExists" duration-ms="7021" status="PASS">
          <reporter-output>
          </reporter-output>
        </test-method> <!-- verifyForgotPasswordForValidEmailId -->
        <test-method signature="verifyForgotPasswordBackIcon()[pri:6, instance:com.dentscribe.testCases_iOS.TestForgotPasswordPage@56266bda]" started-at="2024-01-04T16:58:43 IST" name="verifyForgotPasswordBackIcon" finished-at="2024-01-04T16:58:44 IST" depends-on-methods="com.dentscribe.testCases_iOS.TestForgotPasswordPage.verityIsForgotPasswordPageExists" duration-ms="1323" status="PASS">
          <reporter-output>
          </reporter-output>
        </test-method> <!-- verifyForgotPasswordBackIcon -->
      </class> <!-- com.dentscribe.testCases_iOS.TestForgotPasswordPage -->
      <class name="com.dentscribe.testCases_iOS.TestChangePassword">
        <test-method is-config="true" signature="configureAppium()[pri:0, instance:com.dentscribe.testCases_iOS.TestChangePassword@51b51641]" started-at="2024-01-04T17:01:21 IST" name="configureAppium" finished-at="2024-01-04T17:01:27 IST" duration-ms="6845" status="PASS">
          <reporter-output>
          </reporter-output>
        </test-method> <!-- configureAppium -->
        <test-method signature="verifyChangePasswordFromSettingsPage()[pri:1, instance:com.dentscribe.testCases_iOS.TestChangePassword@51b51641]" started-at="2024-01-04T17:01:27 IST" name="verifyChangePasswordFromSettingsPage" finished-at="2024-01-04T17:02:22 IST" duration-ms="54561" status="PASS">
          <reporter-output>
          </reporter-output>
        </test-method> <!-- verifyChangePasswordFromSettingsPage -->
        <test-method signature="verifyUserShouldNotLoginFromOldPassword()[pri:2, instance:com.dentscribe.testCases_iOS.TestChangePassword@51b51641]" started-at="2024-01-04T17:02:22 IST" name="verifyUserShouldNotLoginFromOldPassword" finished-at="2024-01-04T17:02:31 IST" depends-on-methods="com.dentscribe.testCases_iOS.TestChangePassword.verifyChangePasswordFromSettingsPage" duration-ms="9127" status="PASS">
          <reporter-output>
          </reporter-output>
        </test-method> <!-- verifyUserShouldNotLoginFromOldPassword -->
        <test-method signature="verifyUserShouldLoginFromNewChangedPassword()[pri:3, instance:com.dentscribe.testCases_iOS.TestChangePassword@51b51641]" started-at="2024-01-04T17:02:31 IST" name="verifyUserShouldLoginFromNewChangedPassword" finished-at="2024-01-04T17:02:46 IST" depends-on-methods="com.dentscribe.testCases_iOS.TestChangePassword.verifyChangePasswordFromSettingsPage" duration-ms="14786" status="PASS">
          <reporter-output>
          </reporter-output>
        </test-method> <!-- verifyUserShouldLoginFromNewChangedPassword -->
      </class> <!-- com.dentscribe.testCases_iOS.TestChangePassword -->
    </test> <!-- Test -->
  </suite> <!-- Suite -->
</testng-results>
